Thu May 30 11:19:09 EDT 2024: Job 12701840 is allocated resources.
Inside slurm_launcher.slrm (/var/spool/slurmd/job12701840/slurm_script). received arguments: main_QM9.py --output-dir results/models/laplace --model-name equiformer_v2 --data-path datasets/qm9 --model-type Laplace --epochs 100 --epochs-bayes 100
Namespace(amp=False, batch_size=64, clip_grad=None, compute_stats=False, cooldown_epochs=10, data_path='datasets/qm9', decay_epochs=30, decay_rate=0.1, dist_url='env://', distributed=False, drop_path_rate=0.0, epochs=100, epochs_bayes=100, feature_type='one_hot', input_irreps=None, loss='l1', lr=0.0005, lr_noise=None, lr_noise_pct=0.67, lr_noise_std=1.0, min_lr=1e-05, model_ema=True, model_ema_decay=0.9999, model_ema_force_cpu=False, model_name='equiformer_v2', model_type=True, momentum=0.9, num_basis=32, opt='adamw', opt_betas=None, opt_eps=1e-08, output_channels=1, output_dir='results/models/laplace', patience_epochs=10, pin_mem=True, print_freq=100, radius=2.0, rank=0, sched='cosine', seed=0, standardize=True, target=7, warmup_epochs=5, warmup_lr=1e-06, weight_decay=0.01, workers=4, world_size=1)
wandb: Currently logged in as: andresguzco. Use `wandb login --relogin` to force relogin
wandb: Tracking run with wandb version 0.17.0
wandb: Run data is saved locally in /fs01/home/aguzmanc/3D_Bayes/wandb/run-20240530_111928-czaz8k98
wandb: Run `wandb offline` to turn off syncing.
wandb: Syncing run gallant-bush-128
wandb: ⭐️ View project at https://wandb.ai/andresguzco/equiformer_v2
wandb: 🚀 View run at https://wandb.ai/andresguzco/equiformer_v2/runs/czaz8k98
Training set mean: -40.12357711791992, std:11.211589813232422
EquiformerV2_OC20(
  (sphere_embedding): Embedding(90, 128)
  (distance_expansion): GaussianSmearing()
  (SO3_rotation): ModuleList(
    (0): SO3_Rotation(
      (mapping): CoefficientMappingModule(lmax_list=[4], mmax_list=[4])
    )
  )
  (mappingReduced): CoefficientMappingModule(lmax_list=[4], mmax_list=[2])
  (SO3_grid): (4, 4)
  (edge_degree_embedding): EdgeDegreeEmbedding(
    (SO3_rotation): ModuleList(
      (0): SO3_Rotation(
        (mapping): CoefficientMappingModule(lmax_list=[4], mmax_list=[4])
      )
    )
    (mappingReduced): CoefficientMappingModule(lmax_list=[4], mmax_list=[2])
    (source_embedding): Embedding(90, 64)
    (target_embedding): Embedding(90, 64)
    (rad_func): RadialFunction(
      (net): Sequential(
        (0): Linear(in_features=728, out_features=64, bias=True)
        (1): LayerNorm((64,), eps=1e-05, elementwise_affine=True)
        (2): SiLU()
        (3): Linear(in_features=64, out_features=64, bias=True)
        (4): LayerNorm((64,), eps=1e-05, elementwise_affine=True)
        (5): SiLU()
        (6): Linear(in_features=64, out_features=640, bias=True)
      )
    )
  )
  (blocks): ModuleList(
    (0): TransBlockV2(
      (norm_1): EquivariantRMSNormArraySphericalHarmonicsV2(lmax=4, num_channels=128, eps=1e-05, centering=True, std_balance_degrees=True)
      (ga): SO2EquivariantGraphAttention(
        (SO3_rotation): ModuleList(
          (0): SO3_Rotation(
            (mapping): CoefficientMappingModule(lmax_list=[4], mmax_list=[4])
          )
        )
        (mappingReduced): CoefficientMappingModule(lmax_list=[4], mmax_list=[2])
        (SO3_grid): (4, 4)
        (source_embedding): Embedding(90, 64)
        (target_embedding): Embedding(90, 64)
        (so2_conv_1): SO2_Convolution(
          (mappingReduced): CoefficientMappingModule(lmax_list=[4], mmax_list=[2])
          (fc_m0): Linear(in_features=1280, out_features=1024, bias=True)
          (so2_m_conv): ModuleList(
            (0): SO2_m_Convolution(
              (fc): Linear(in_features=1024, out_features=1024, bias=False)
            )
            (1): SO2_m_Convolution(
              (fc): Linear(in_features=768, out_features=768, bias=False)
            )
          )
          (rad_func): RadialFunction(
            (net): Sequential(
              (0): Linear(in_features=728, out_features=64, bias=True)
              (1): LayerNorm((64,), eps=1e-05, elementwise_affine=True)
              (2): SiLU()
              (3): Linear(in_features=64, out_features=64, bias=True)
              (4): LayerNorm((64,), eps=1e-05, elementwise_affine=True)
              (5): SiLU()
              (6): Linear(in_features=64, out_features=3072, bias=True)
            )
          )
        )
        (alpha_norm): LayerNorm((32,), eps=1e-05, elementwise_affine=True)
        (alpha_act): SmoothLeakyReLU(negative_slope=0.2)
        (alpha_dropout): Dropout(p=0.1, inplace=False)
        (s2_act): SeparableS2Activation(
          (scalar_act): SiLU()
          (s2_act): S2Activation(
            (act): SiLU()
          )
        )
        (so2_conv_2): SO2_Convolution(
          (mappingReduced): CoefficientMappingModule(lmax_list=[4], mmax_list=[2])
          (fc_m0): Linear(in_features=640, out_features=640, bias=True)
          (so2_m_conv): ModuleList(
            (0): SO2_m_Convolution(
              (fc): Linear(in_features=512, out_features=1024, bias=False)
            )
            (1): SO2_m_Convolution(
              (fc): Linear(in_features=384, out_features=768, bias=False)
            )
          )
        )
        (proj): SO3_LinearV2(in_features=128, out_features=128, lmax=4)
      )
      (drop_path): GraphDropPath(drop_prob=0.05)
      (norm_2): EquivariantRMSNormArraySphericalHarmonicsV2(lmax=4, num_channels=128, eps=1e-05, centering=True, std_balance_degrees=True)
      (ffn): FeedForwardNetwork(
        (SO3_grid): (4, 4)
        (so3_linear_1): SO3_LinearV2(in_features=128, out_features=32, lmax=4)
        (gating_linear): Linear(in_features=128, out_features=32, bias=True)
        (s2_act): SeparableS2Activation(
          (scalar_act): SiLU()
          (s2_act): S2Activation(
            (act): SiLU()
          )
        )
        (so3_linear_2): SO3_LinearV2(in_features=32, out_features=128, lmax=4)
      )
    )
  )
  (norm): EquivariantRMSNormArraySphericalHarmonicsV2(lmax=4, num_channels=128, eps=1e-05, centering=True, std_balance_degrees=True)
  (energy_block): FeedForwardNetwork(
    (SO3_grid): (4, 4)
    (so3_linear_1): SO3_LinearV2(in_features=128, out_features=32, lmax=4)
    (gating_linear): Linear(in_features=128, out_features=32, bias=True)
    (s2_act): SeparableS2Activation(
      (scalar_act): SiLU()
      (s2_act): S2Activation(
        (act): SiLU()
      )
    )
    (so3_linear_2): SO3_LinearV2(in_features=32, out_features=1, lmax=4)
  )
)
Number of params: 4712289
Epoch: [0][0/1] 	 loss: 4.59785, MAE: 51.54924, time/step=2576ms, lr=1.00e-06
Epoch: [1] Target: [7] train MAE: 51.54924, val MAE: 50.80685, test MAE: 46.66008, Time: 3.85s
Best -- epoch=1, train MAE: 51.54924, val MAE: 50.80685, test MAE: 46.66008

Epoch: [1] Target: [7] EMA val MAE: 50.83757, EMA test MAE: 46.68827, Time: 3.99s
Best EMA -- epoch=1, val MAE: 50.83757, test MAE: 46.68827

Epoch: [1][0/1] 	 loss: 4.39716, MAE: 49.29911, time/step=521ms, lr=1.01e-04
Epoch: [2] Target: [7] train MAE: 49.29911, val MAE: 47.68972, test MAE: 43.77041, Time: 0.76s
Best -- epoch=2, train MAE: 49.29911, val MAE: 47.68972, test MAE: 43.77041

Epoch: [2] Target: [7] EMA val MAE: 50.83726, EMA test MAE: 46.68800, Time: 0.90s
Best EMA -- epoch=2, val MAE: 50.83726, test MAE: 46.68800

Epoch: [2][0/1] 	 loss: 4.25384, MAE: 47.69226, time/step=523ms, lr=2.01e-04
Epoch: [3] Target: [7] train MAE: 47.69226, val MAE: 41.32528, test MAE: 37.87606, Time: 0.75s
Best -- epoch=3, train MAE: 47.69226, val MAE: 41.32528, test MAE: 37.87606

Epoch: [3] Target: [7] EMA val MAE: 50.83633, EMA test MAE: 46.68715, Time: 0.89s
Best EMA -- epoch=3, val MAE: 50.83633, test MAE: 46.68715

Epoch: [3][0/1] 	 loss: 3.64797, MAE: 40.89954, time/step=548ms, lr=3.00e-04
Epoch: [4] Target: [7] train MAE: 40.89954, val MAE: 32.30007, test MAE: 29.52802, Time: 0.78s
Best -- epoch=4, train MAE: 40.89954, val MAE: 32.30007, test MAE: 29.52802

Epoch: [4] Target: [7] EMA val MAE: 50.83451, EMA test MAE: 46.68547, Time: 0.92s
Best EMA -- epoch=4, val MAE: 50.83451, test MAE: 46.68547

Epoch: [4][0/1] 	 loss: 2.91387, MAE: 32.66911, time/step=513ms, lr=4.00e-04
Epoch: [5] Target: [7] train MAE: 32.66911, val MAE: 22.07764, test MAE: 19.98142, Time: 0.76s
Best -- epoch=5, train MAE: 32.66911, val MAE: 22.07764, test MAE: 19.98142

Epoch: [5] Target: [7] EMA val MAE: 50.83154, EMA test MAE: 46.68274, Time: 0.89s
Best EMA -- epoch=5, val MAE: 50.83154, test MAE: 46.68274

Epoch: [5][0/1] 	 loss: 1.96860, MAE: 22.07115, time/step=514ms, lr=4.97e-04
Epoch: [6] Target: [7] train MAE: 22.07115, val MAE: 10.82129, test MAE: 9.39714, Time: 0.75s
Best -- epoch=6, train MAE: 22.07115, val MAE: 10.82129, test MAE: 9.39714

Epoch: [6] Target: [7] EMA val MAE: 50.82732, EMA test MAE: 46.67885, Time: 0.89s
Best EMA -- epoch=6, val MAE: 50.82732, test MAE: 46.67885

Epoch: [6][0/1] 	 loss: 0.99067, MAE: 11.10693, time/step=545ms, lr=4.96e-04
Epoch: [7] Target: [7] train MAE: 11.10693, val MAE: 3.74420, test MAE: 2.53838, Time: 0.77s
Best -- epoch=7, train MAE: 11.10693, val MAE: 3.74420, test MAE: 2.53838

Epoch: [7] Target: [7] EMA val MAE: 50.82199, EMA test MAE: 46.67394, Time: 0.91s
Best EMA -- epoch=7, val MAE: 50.82199, test MAE: 46.67394

Epoch: [7][0/1] 	 loss: 0.33267, MAE: 3.72975, time/step=532ms, lr=4.94e-04
Epoch: [8] Target: [7] train MAE: 3.72975, val MAE: 7.64942, test MAE: 7.76895, Time: 0.77s
Best -- epoch=7, train MAE: 11.10693, val MAE: 3.74420, test MAE: 2.53838

Epoch: [8] Target: [7] EMA val MAE: 50.81569, EMA test MAE: 46.66813, Time: 0.91s
Best EMA -- epoch=8, val MAE: 50.81569, test MAE: 46.66813

Epoch: [8][0/1] 	 loss: 0.72858, MAE: 8.16855, time/step=510ms, lr=4.92e-04
Epoch: [9] Target: [7] train MAE: 8.16855, val MAE: 7.70731, test MAE: 7.85105, Time: 0.74s
Best -- epoch=7, train MAE: 11.10693, val MAE: 3.74420, test MAE: 2.53838

Epoch: [9] Target: [7] EMA val MAE: 50.80856, EMA test MAE: 46.66157, Time: 0.88s
Best EMA -- epoch=9, val MAE: 50.80856, test MAE: 46.66157

Epoch: [9][0/1] 	 loss: 0.73154, MAE: 8.20175, time/step=494ms, lr=4.90e-04
Epoch: [10] Target: [7] train MAE: 8.20175, val MAE: 4.38547, test MAE: 4.39685, Time: 0.74s
Best -- epoch=7, train MAE: 11.10693, val MAE: 3.74420, test MAE: 2.53838

Epoch: [10] Target: [7] EMA val MAE: 50.80072, EMA test MAE: 46.65434, Time: 0.88s
Best EMA -- epoch=10, val MAE: 50.80072, test MAE: 46.65434

Epoch: [10][0/1] 	 loss: 0.34646, MAE: 3.88434, time/step=541ms, lr=4.88e-04
Epoch: [11] Target: [7] train MAE: 3.88434, val MAE: 4.78839, test MAE: 3.48551, Time: 0.77s
Best -- epoch=7, train MAE: 11.10693, val MAE: 3.74420, test MAE: 2.53838

Epoch: [11] Target: [7] EMA val MAE: 50.79225, EMA test MAE: 46.64653, Time: 0.91s
Best EMA -- epoch=11, val MAE: 50.79225, test MAE: 46.64653

Epoch: [11][0/1] 	 loss: 0.36597, MAE: 4.10313, time/step=524ms, lr=4.86e-04
Epoch: [12] Target: [7] train MAE: 4.10313, val MAE: 6.58758, test MAE: 5.27161, Time: 0.77s
Best -- epoch=7, train MAE: 11.10693, val MAE: 3.74420, test MAE: 2.53838

Epoch: [12] Target: [7] EMA val MAE: 50.78321, EMA test MAE: 46.63820, Time: 0.91s
Best EMA -- epoch=12, val MAE: 50.78321, test MAE: 46.63820

Epoch: [12][0/1] 	 loss: 0.53047, MAE: 5.94743, time/step=503ms, lr=4.83e-04
Epoch: [13] Target: [7] train MAE: 5.94743, val MAE: 6.85159, test MAE: 5.52255, Time: 0.75s
Best -- epoch=7, train MAE: 11.10693, val MAE: 3.74420, test MAE: 2.53838

Epoch: [13] Target: [7] EMA val MAE: 50.77367, EMA test MAE: 46.62940, Time: 0.89s
Best EMA -- epoch=13, val MAE: 50.77367, test MAE: 46.62940

Epoch: [13][0/1] 	 loss: 0.54288, MAE: 6.08658, time/step=536ms, lr=4.80e-04
Epoch: [14] Target: [7] train MAE: 6.08658, val MAE: 5.44422, test MAE: 4.19824, Time: 0.78s
Best -- epoch=7, train MAE: 11.10693, val MAE: 3.74420, test MAE: 2.53838

Epoch: [14] Target: [7] EMA val MAE: 50.76368, EMA test MAE: 46.62019, Time: 0.92s
Best EMA -- epoch=14, val MAE: 50.76368, test MAE: 46.62019

Epoch: [14][0/1] 	 loss: 0.46586, MAE: 5.22298, time/step=500ms, lr=4.77e-04
Epoch: [15] Target: [7] train MAE: 5.22298, val MAE: 3.95462, test MAE: 2.81027, Time: 0.73s
Best -- epoch=7, train MAE: 11.10693, val MAE: 3.74420, test MAE: 2.53838

Epoch: [15] Target: [7] EMA val MAE: 50.75327, EMA test MAE: 46.61060, Time: 0.87s
Best EMA -- epoch=15, val MAE: 50.75327, test MAE: 46.61060

Epoch: [15][0/1] 	 loss: 0.27915, MAE: 3.12968, time/step=526ms, lr=4.73e-04
Epoch: [16] Target: [7] train MAE: 3.12968, val MAE: 4.01176, test MAE: 4.01462, Time: 0.75s
Best -- epoch=7, train MAE: 11.10693, val MAE: 3.74420, test MAE: 2.53838

Epoch: [16] Target: [7] EMA val MAE: 50.74249, EMA test MAE: 46.60066, Time: 0.89s
Best EMA -- epoch=16, val MAE: 50.74249, test MAE: 46.60066

Epoch: [16][0/1] 	 loss: 0.33205, MAE: 3.72276, time/step=509ms, lr=4.70e-04
Epoch: [17] Target: [7] train MAE: 3.72276, val MAE: 4.78754, test MAE: 4.98958, Time: 0.74s
Best -- epoch=7, train MAE: 11.10693, val MAE: 3.74420, test MAE: 2.53838

Epoch: [17] Target: [7] EMA val MAE: 50.73138, EMA test MAE: 46.59043, Time: 0.88s
Best EMA -- epoch=17, val MAE: 50.73138, test MAE: 46.59043

Epoch: [17][0/1] 	 loss: 0.45489, MAE: 5.10004, time/step=502ms, lr=4.66e-04
Epoch: [18] Target: [7] train MAE: 5.10004, val MAE: 4.18743, test MAE: 4.28619, Time: 0.73s
Best -- epoch=7, train MAE: 11.10693, val MAE: 3.74420, test MAE: 2.53838

Epoch: [18] Target: [7] EMA val MAE: 50.71999, EMA test MAE: 46.57993, Time: 0.87s
Best EMA -- epoch=18, val MAE: 50.71999, test MAE: 46.57993

Epoch: [18][0/1] 	 loss: 0.39028, MAE: 4.37569, time/step=540ms, lr=4.62e-04
Epoch: [19] Target: [7] train MAE: 4.37569, val MAE: 3.56402, test MAE: 3.00499, Time: 0.78s
Best -- epoch=19, train MAE: 4.37569, val MAE: 3.56402, test MAE: 3.00499

Epoch: [19] Target: [7] EMA val MAE: 50.70834, EMA test MAE: 46.56919, Time: 0.92s
Best EMA -- epoch=19, val MAE: 50.70834, test MAE: 46.56919

Epoch: [19][0/1] 	 loss: 0.24976, MAE: 2.80020, time/step=528ms, lr=4.58e-04
Epoch: [20] Target: [7] train MAE: 2.80020, val MAE: 3.71017, test MAE: 2.68737, Time: 0.77s
Best -- epoch=19, train MAE: 4.37569, val MAE: 3.56402, test MAE: 3.00499

Epoch: [20] Target: [7] EMA val MAE: 50.69646, EMA test MAE: 46.55825, Time: 0.91s
Best EMA -- epoch=20, val MAE: 50.69646, test MAE: 46.55825

Epoch: [20][0/1] 	 loss: 0.28373, MAE: 3.18111, time/step=515ms, lr=4.53e-04
Epoch: [21] Target: [7] train MAE: 3.18111, val MAE: 4.38176, test MAE: 3.22764, Time: 0.75s
Best -- epoch=19, train MAE: 4.37569, val MAE: 3.56402, test MAE: 3.00499

Epoch: [21] Target: [7] EMA val MAE: 50.68438, EMA test MAE: 46.54713, Time: 0.89s
Best EMA -- epoch=21, val MAE: 50.68438, test MAE: 46.54713

Epoch: [21][0/1] 	 loss: 0.33749, MAE: 3.78385, time/step=524ms, lr=4.49e-04
Epoch: [22] Target: [7] train MAE: 3.78385, val MAE: 4.52162, test MAE: 3.35598, Time: 0.77s
Best -- epoch=19, train MAE: 4.37569, val MAE: 3.56402, test MAE: 3.00499

Epoch: [22] Target: [7] EMA val MAE: 50.67212, EMA test MAE: 46.53583, Time: 0.90s
Best EMA -- epoch=22, val MAE: 50.67212, test MAE: 46.53583

Epoch: [22][0/1] 	 loss: 0.32096, MAE: 3.59851, time/step=521ms, lr=4.44e-04
Epoch: [23] Target: [7] train MAE: 3.59851, val MAE: 4.12009, test MAE: 3.02692, Time: 0.75s
Best -- epoch=19, train MAE: 4.37569, val MAE: 3.56402, test MAE: 3.00499

Epoch: [23] Target: [7] EMA val MAE: 50.65968, EMA test MAE: 46.52437, Time: 0.89s
Best EMA -- epoch=23, val MAE: 50.65968, test MAE: 46.52437

Epoch: [23][0/1] 	 loss: 0.31783, MAE: 3.56341, time/step=530ms, lr=4.39e-04
Epoch: [24] Target: [7] train MAE: 3.56341, val MAE: 3.50735, test MAE: 2.57941, Time: 0.76s
Best -- epoch=24, train MAE: 3.56341, val MAE: 3.50735, test MAE: 2.57941

Epoch: [24] Target: [7] EMA val MAE: 50.64709, EMA test MAE: 46.51278, Time: 0.90s
Best EMA -- epoch=24, val MAE: 50.64709, test MAE: 46.51278

Epoch: [24][0/1] 	 loss: 0.32281, MAE: 3.61919, time/step=522ms, lr=4.34e-04
Epoch: [25] Target: [7] train MAE: 3.61919, val MAE: 3.16997, test MAE: 2.35538, Time: 0.77s
Best -- epoch=25, train MAE: 3.61919, val MAE: 3.16997, test MAE: 2.35538

Epoch: [25] Target: [7] EMA val MAE: 50.63437, EMA test MAE: 46.50105, Time: 0.90s
Best EMA -- epoch=25, val MAE: 50.63437, test MAE: 46.50105

Epoch: [25][0/1] 	 loss: 0.23817, MAE: 2.67026, time/step=922ms, lr=4.28e-04
Epoch: [26] Target: [7] train MAE: 2.67026, val MAE: 3.09704, test MAE: 2.86141, Time: 1.18s
Best -- epoch=26, train MAE: 2.67026, val MAE: 3.09704, test MAE: 2.86141

Epoch: [26] Target: [7] EMA val MAE: 50.62151, EMA test MAE: 46.48922, Time: 1.32s
Best EMA -- epoch=26, val MAE: 50.62151, test MAE: 46.48922

Epoch: [26][0/1] 	 loss: 0.28658, MAE: 3.21299, time/step=512ms, lr=4.23e-04
Epoch: [27] Target: [7] train MAE: 3.21299, val MAE: 3.32967, test MAE: 3.29675, Time: 0.75s
Best -- epoch=26, train MAE: 2.67026, val MAE: 3.09704, test MAE: 2.86141

Epoch: [27] Target: [7] EMA val MAE: 50.60854, EMA test MAE: 46.47728, Time: 0.89s
Best EMA -- epoch=27, val MAE: 50.60854, test MAE: 46.47728

Epoch: [27][0/1] 	 loss: 0.34462, MAE: 3.86374, time/step=537ms, lr=4.17e-04
Epoch: [28] Target: [7] train MAE: 3.86374, val MAE: 3.06493, test MAE: 2.93493, Time: 0.76s
Best -- epoch=28, train MAE: 3.86374, val MAE: 3.06493, test MAE: 2.93493

Epoch: [28] Target: [7] EMA val MAE: 50.59548, EMA test MAE: 46.46525, Time: 0.90s
Best EMA -- epoch=28, val MAE: 50.59548, test MAE: 46.46525

Epoch: [28][0/1] 	 loss: 0.23737, MAE: 2.66134, time/step=539ms, lr=4.11e-04
Epoch: [29] Target: [7] train MAE: 2.66134, val MAE: 2.82916, test MAE: 2.29084, Time: 0.78s
Best -- epoch=29, train MAE: 2.66134, val MAE: 2.82916, test MAE: 2.29084

Epoch: [29] Target: [7] EMA val MAE: 50.58234, EMA test MAE: 46.45314, Time: 0.92s
Best EMA -- epoch=29, val MAE: 50.58234, test MAE: 46.45314

Epoch: [29][0/1] 	 loss: 0.22756, MAE: 2.55130, time/step=541ms, lr=4.05e-04
Epoch: [30] Target: [7] train MAE: 2.55130, val MAE: 2.86240, test MAE: 2.14074, Time: 0.78s
Best -- epoch=29, train MAE: 2.66134, val MAE: 2.82916, test MAE: 2.29084

Epoch: [30] Target: [7] EMA val MAE: 50.56913, EMA test MAE: 46.44099, Time: 0.92s
Best EMA -- epoch=30, val MAE: 50.56913, test MAE: 46.44099

Epoch: [30][0/1] 	 loss: 0.23454, MAE: 2.62956, time/step=499ms, lr=3.99e-04
Epoch: [31] Target: [7] train MAE: 2.62956, val MAE: 3.06181, test MAE: 2.30676, Time: 0.74s
Best -- epoch=29, train MAE: 2.66134, val MAE: 2.82916, test MAE: 2.29084

Epoch: [31] Target: [7] EMA val MAE: 50.55585, EMA test MAE: 46.42876, Time: 0.88s
Best EMA -- epoch=31, val MAE: 50.55585, test MAE: 46.42876

Epoch: [31][0/1] 	 loss: 0.22103, MAE: 2.47815, time/step=526ms, lr=3.93e-04
Epoch: [32] Target: [7] train MAE: 2.47815, val MAE: 3.08977, test MAE: 2.33523, Time: 0.77s
Best -- epoch=29, train MAE: 2.66134, val MAE: 2.82916, test MAE: 2.29084

Epoch: [32] Target: [7] EMA val MAE: 50.54251, EMA test MAE: 46.41648, Time: 0.91s
Best EMA -- epoch=32, val MAE: 50.54251, test MAE: 46.41648

Epoch: [32][0/1] 	 loss: 0.24897, MAE: 2.79135, time/step=512ms, lr=3.86e-04
Epoch: [33] Target: [7] train MAE: 2.79135, val MAE: 2.84301, test MAE: 2.16166, Time: 0.77s
Best -- epoch=29, train MAE: 2.66134, val MAE: 2.82916, test MAE: 2.29084

Epoch: [33] Target: [7] EMA val MAE: 50.52911, EMA test MAE: 46.40415, Time: 0.91s
Best EMA -- epoch=33, val MAE: 50.52911, test MAE: 46.40415

Epoch: [33][0/1] 	 loss: 0.21182, MAE: 2.37489, time/step=527ms, lr=3.80e-04
Epoch: [34] Target: [7] train MAE: 2.37489, val MAE: 2.54999, test MAE: 1.98051, Time: 0.77s
Best -- epoch=34, train MAE: 2.37489, val MAE: 2.54999, test MAE: 1.98051

Epoch: [34] Target: [7] EMA val MAE: 50.51566, EMA test MAE: 46.39177, Time: 0.91s
Best EMA -- epoch=34, val MAE: 50.51566, test MAE: 46.39177

Epoch: [34][0/1] 	 loss: 0.22478, MAE: 2.52019, time/step=509ms, lr=3.73e-04
Epoch: [35] Target: [7] train MAE: 2.52019, val MAE: 2.39449, test MAE: 2.03089, Time: 0.75s
Best -- epoch=35, train MAE: 2.52019, val MAE: 2.39449, test MAE: 2.03089

Epoch: [35] Target: [7] EMA val MAE: 50.50217, EMA test MAE: 46.37935, Time: 0.89s
Best EMA -- epoch=35, val MAE: 50.50217, test MAE: 46.37935

Epoch: [35][0/1] 	 loss: 0.23047, MAE: 2.58398, time/step=518ms, lr=3.66e-04
Epoch: [36] Target: [7] train MAE: 2.58398, val MAE: 2.40676, test MAE: 2.21143, Time: 0.76s
Best -- epoch=35, train MAE: 2.52019, val MAE: 2.39449, test MAE: 2.03089

Epoch: [36] Target: [7] EMA val MAE: 50.48862, EMA test MAE: 46.36689, Time: 0.90s
Best EMA -- epoch=36, val MAE: 50.48862, test MAE: 46.36689

Epoch: [36][0/1] 	 loss: 0.24998, MAE: 2.80270, time/step=552ms, lr=3.59e-04
Epoch: [37] Target: [7] train MAE: 2.80270, val MAE: 2.29395, test MAE: 2.02036, Time: 0.78s
Best -- epoch=37, train MAE: 2.80270, val MAE: 2.29395, test MAE: 2.02036

Epoch: [37] Target: [7] EMA val MAE: 50.47505, EMA test MAE: 46.35439, Time: 0.92s
Best EMA -- epoch=37, val MAE: 50.47505, test MAE: 46.35439

Epoch: [37][0/1] 	 loss: 0.21641, MAE: 2.42628, time/step=496ms, lr=3.52e-04
Epoch: [38] Target: [7] train MAE: 2.42628, val MAE: 2.23104, test MAE: 1.86227, Time: 0.74s
Best -- epoch=38, train MAE: 2.42628, val MAE: 2.23104, test MAE: 1.86227

Epoch: [38] Target: [7] EMA val MAE: 50.46144, EMA test MAE: 46.34187, Time: 0.88s
Best EMA -- epoch=38, val MAE: 50.46144, test MAE: 46.34187

Epoch: [38][0/1] 	 loss: 0.17205, MAE: 1.92890, time/step=508ms, lr=3.45e-04
Epoch: [39] Target: [7] train MAE: 1.92890, val MAE: 2.30859, test MAE: 1.86653, Time: 0.74s
Best -- epoch=38, train MAE: 2.42628, val MAE: 2.23104, test MAE: 1.86227

Epoch: [39] Target: [7] EMA val MAE: 50.44781, EMA test MAE: 46.32933, Time: 0.88s
Best EMA -- epoch=39, val MAE: 50.44781, test MAE: 46.32933

Epoch: [39][0/1] 	 loss: 0.20678, MAE: 2.31828, time/step=533ms, lr=3.38e-04
Epoch: [40] Target: [7] train MAE: 2.31828, val MAE: 2.36520, test MAE: 1.90373, Time: 0.76s
Best -- epoch=38, train MAE: 2.42628, val MAE: 2.23104, test MAE: 1.86227

Epoch: [40] Target: [7] EMA val MAE: 50.43415, EMA test MAE: 46.31677, Time: 0.90s
Best EMA -- epoch=40, val MAE: 50.43415, test MAE: 46.31677

Epoch: [40][0/1] 	 loss: 0.20716, MAE: 2.32260, time/step=522ms, lr=3.31e-04
Epoch: [41] Target: [7] train MAE: 2.32260, val MAE: 2.36116, test MAE: 1.92721, Time: 0.75s
Best -- epoch=38, train MAE: 2.42628, val MAE: 2.23104, test MAE: 1.86227

Epoch: [41] Target: [7] EMA val MAE: 50.42048, EMA test MAE: 46.30419, Time: 0.89s
Best EMA -- epoch=41, val MAE: 50.42048, test MAE: 46.30419

Epoch: [41][0/1] 	 loss: 0.24518, MAE: 2.74881, time/step=542ms, lr=3.23e-04
Epoch: [42] Target: [7] train MAE: 2.74881, val MAE: 2.23999, test MAE: 1.84741, Time: 0.80s
Best -- epoch=38, train MAE: 2.42628, val MAE: 2.23104, test MAE: 1.86227

Epoch: [42] Target: [7] EMA val MAE: 50.40678, EMA test MAE: 46.29158, Time: 0.94s
Best EMA -- epoch=42, val MAE: 50.40678, test MAE: 46.29158

Epoch: [42][0/1] 	 loss: 0.29528, MAE: 3.31060, time/step=544ms, lr=3.16e-04
Epoch: [43] Target: [7] train MAE: 3.31060, val MAE: 2.05610, test MAE: 1.74884, Time: 0.78s
Best -- epoch=43, train MAE: 3.31060, val MAE: 2.05610, test MAE: 1.74884

Epoch: [43] Target: [7] EMA val MAE: 50.39305, EMA test MAE: 46.27896, Time: 0.92s
Best EMA -- epoch=43, val MAE: 50.39305, test MAE: 46.27896

Epoch: [43][0/1] 	 loss: 0.22201, MAE: 2.48905, time/step=515ms, lr=3.08e-04
Epoch: [44] Target: [7] train MAE: 2.48905, val MAE: 1.97232, test MAE: 1.78909, Time: 0.76s
Best -- epoch=44, train MAE: 2.48905, val MAE: 1.97232, test MAE: 1.78909

Epoch: [44] Target: [7] EMA val MAE: 50.37946, EMA test MAE: 46.26631, Time: 0.90s
Best EMA -- epoch=44, val MAE: 50.37946, test MAE: 46.26631

Epoch: [44][0/1] 	 loss: 0.15511, MAE: 1.73905, time/step=542ms, lr=3.01e-04
Epoch: [45] Target: [7] train MAE: 1.73905, val MAE: 2.00503, test MAE: 1.95258, Time: 0.77s
Best -- epoch=44, train MAE: 2.48905, val MAE: 1.97232, test MAE: 1.78909

Epoch: [45] Target: [7] EMA val MAE: 50.36584, EMA test MAE: 46.25365, Time: 0.91s
Best EMA -- epoch=45, val MAE: 50.36584, test MAE: 46.25365

Epoch: [45][0/1] 	 loss: 0.21939, MAE: 2.45970, time/step=531ms, lr=2.93e-04
Epoch: [46] Target: [7] train MAE: 2.45970, val MAE: 1.91888, test MAE: 1.82239, Time: 0.77s
Best -- epoch=46, train MAE: 2.45970, val MAE: 1.91888, test MAE: 1.82239

Epoch: [46] Target: [7] EMA val MAE: 50.35221, EMA test MAE: 46.24097, Time: 0.91s
Best EMA -- epoch=46, val MAE: 50.35221, test MAE: 46.24097

Epoch: [46][0/1] 	 loss: 0.18112, MAE: 2.03063, time/step=527ms, lr=2.86e-04
Epoch: [47] Target: [7] train MAE: 2.03063, val MAE: 1.90412, test MAE: 1.72045, Time: 0.76s
Best -- epoch=47, train MAE: 2.03063, val MAE: 1.90412, test MAE: 1.72045

Epoch: [47] Target: [7] EMA val MAE: 50.33855, EMA test MAE: 46.22828, Time: 0.90s
Best EMA -- epoch=47, val MAE: 50.33855, test MAE: 46.22828

Epoch: [47][0/1] 	 loss: 0.17749, MAE: 1.98995, time/step=518ms, lr=2.78e-04
Epoch: [48] Target: [7] train MAE: 1.98995, val MAE: 1.97213, test MAE: 1.74576, Time: 0.76s
Best -- epoch=47, train MAE: 2.03063, val MAE: 1.90412, test MAE: 1.72045

Epoch: [48] Target: [7] EMA val MAE: 50.32490, EMA test MAE: 46.21558, Time: 0.90s
Best EMA -- epoch=48, val MAE: 50.32490, test MAE: 46.21558

Epoch: [48][0/1] 	 loss: 0.16659, MAE: 1.86770, time/step=543ms, lr=2.70e-04
Epoch: [49] Target: [7] train MAE: 1.86770, val MAE: 1.97217, test MAE: 1.75489, Time: 0.78s
Best -- epoch=47, train MAE: 2.03063, val MAE: 1.90412, test MAE: 1.72045

Epoch: [49] Target: [7] EMA val MAE: 50.31123, EMA test MAE: 46.20287, Time: 0.91s
Best EMA -- epoch=49, val MAE: 50.31123, test MAE: 46.20287

Epoch: [49][0/1] 	 loss: 0.18920, MAE: 2.12118, time/step=505ms, lr=2.63e-04
Epoch: [50] Target: [7] train MAE: 2.12118, val MAE: 1.89431, test MAE: 1.71932, Time: 0.74s
Best -- epoch=50, train MAE: 2.12118, val MAE: 1.89431, test MAE: 1.71932

Epoch: [50] Target: [7] EMA val MAE: 50.29754, EMA test MAE: 46.19015, Time: 0.88s
Best EMA -- epoch=50, val MAE: 50.29754, test MAE: 46.19015

Epoch: [50][0/1] 	 loss: 0.16844, MAE: 1.88851, time/step=506ms, lr=2.55e-04
Epoch: [51] Target: [7] train MAE: 1.88851, val MAE: 1.83707, test MAE: 1.78994, Time: 0.73s
Best -- epoch=51, train MAE: 1.88851, val MAE: 1.83707, test MAE: 1.78994

Epoch: [51] Target: [7] EMA val MAE: 50.28385, EMA test MAE: 46.17742, Time: 0.87s
Best EMA -- epoch=51, val MAE: 50.28385, test MAE: 46.17742

Epoch: [51][0/1] 	 loss: 0.15715, MAE: 1.76191, time/step=538ms, lr=2.47e-04
Epoch: [52] Target: [7] train MAE: 1.76191, val MAE: 1.86555, test MAE: 1.84164, Time: 0.78s
Best -- epoch=51, train MAE: 1.88851, val MAE: 1.83707, test MAE: 1.78994

Epoch: [52] Target: [7] EMA val MAE: 50.27013, EMA test MAE: 46.16467, Time: 0.91s
Best EMA -- epoch=52, val MAE: 50.27013, test MAE: 46.16467

Epoch: [52][0/1] 	 loss: 0.15427, MAE: 1.72962, time/step=523ms, lr=2.40e-04
Epoch: [53] Target: [7] train MAE: 1.72962, val MAE: 1.89907, test MAE: 1.88971, Time: 0.77s
Best -- epoch=51, train MAE: 1.88851, val MAE: 1.83707, test MAE: 1.78994

Epoch: [53] Target: [7] EMA val MAE: 50.25642, EMA test MAE: 46.15192, Time: 0.91s
Best EMA -- epoch=53, val MAE: 50.25642, test MAE: 46.15192

Epoch: [53][0/1] 	 loss: 0.16314, MAE: 1.82903, time/step=520ms, lr=2.32e-04
Epoch: [54] Target: [7] train MAE: 1.82903, val MAE: 1.81969, test MAE: 1.78125, Time: 0.77s
Best -- epoch=54, train MAE: 1.82903, val MAE: 1.81969, test MAE: 1.78125

Epoch: [54] Target: [7] EMA val MAE: 50.24269, EMA test MAE: 46.13916, Time: 0.91s
Best EMA -- epoch=54, val MAE: 50.24269, test MAE: 46.13916

Epoch: [54][0/1] 	 loss: 0.17415, MAE: 1.95246, time/step=531ms, lr=2.24e-04
Epoch: [55] Target: [7] train MAE: 1.95246, val MAE: 1.83113, test MAE: 1.73395, Time: 0.76s
Best -- epoch=54, train MAE: 1.82903, val MAE: 1.81969, test MAE: 1.78125

Epoch: [55] Target: [7] EMA val MAE: 50.22896, EMA test MAE: 46.12640, Time: 0.90s
Best EMA -- epoch=55, val MAE: 50.22896, test MAE: 46.12640

Epoch: [55][0/1] 	 loss: 0.17438, MAE: 1.95509, time/step=540ms, lr=2.17e-04
Epoch: [56] Target: [7] train MAE: 1.95509, val MAE: 1.89886, test MAE: 1.79783, Time: 0.78s
Best -- epoch=54, train MAE: 1.82903, val MAE: 1.81969, test MAE: 1.78125

Epoch: [56] Target: [7] EMA val MAE: 50.21524, EMA test MAE: 46.11363, Time: 0.91s
Best EMA -- epoch=56, val MAE: 50.21524, test MAE: 46.11363

Epoch: [56][0/1] 	 loss: 0.16975, MAE: 1.90313, time/step=511ms, lr=2.09e-04
Epoch: [57] Target: [7] train MAE: 1.90313, val MAE: 1.88594, test MAE: 1.79339, Time: 0.74s
Best -- epoch=54, train MAE: 1.82903, val MAE: 1.81969, test MAE: 1.78125

Epoch: [57] Target: [7] EMA val MAE: 50.20149, EMA test MAE: 46.10086, Time: 0.88s
Best EMA -- epoch=57, val MAE: 50.20149, test MAE: 46.10086

Epoch: [57][0/1] 	 loss: 0.20688, MAE: 2.31948, time/step=496ms, lr=2.02e-04
Epoch: [58] Target: [7] train MAE: 2.31948, val MAE: 1.82051, test MAE: 1.74859, Time: 0.73s
Best -- epoch=54, train MAE: 1.82903, val MAE: 1.81969, test MAE: 1.78125

Epoch: [58] Target: [7] EMA val MAE: 50.18774, EMA test MAE: 46.08808, Time: 0.87s
Best EMA -- epoch=58, val MAE: 50.18774, test MAE: 46.08808

Epoch: [58][0/1] 	 loss: 0.15419, MAE: 1.72869, time/step=526ms, lr=1.94e-04
Epoch: [59] Target: [7] train MAE: 1.72869, val MAE: 1.78632, test MAE: 1.75533, Time: 0.77s
Best -- epoch=59, train MAE: 1.72869, val MAE: 1.78632, test MAE: 1.75533

Epoch: [59] Target: [7] EMA val MAE: 50.17398, EMA test MAE: 46.07529, Time: 0.91s
Best EMA -- epoch=59, val MAE: 50.17398, test MAE: 46.07529

Epoch: [59][0/1] 	 loss: 0.14128, MAE: 1.58394, time/step=527ms, lr=1.87e-04
Epoch: [60] Target: [7] train MAE: 1.58394, val MAE: 1.88541, test MAE: 1.88525, Time: 0.77s
Best -- epoch=59, train MAE: 1.72869, val MAE: 1.78632, test MAE: 1.75533

Epoch: [60] Target: [7] EMA val MAE: 50.16021, EMA test MAE: 46.06250, Time: 0.91s
Best EMA -- epoch=60, val MAE: 50.16021, test MAE: 46.06250

Epoch: [60][0/1] 	 loss: 0.16684, MAE: 1.87056, time/step=526ms, lr=1.79e-04
Epoch: [61] Target: [7] train MAE: 1.87056, val MAE: 1.91135, test MAE: 1.91063, Time: 0.78s
Best -- epoch=59, train MAE: 1.72869, val MAE: 1.78632, test MAE: 1.75533

Epoch: [61] Target: [7] EMA val MAE: 50.14644, EMA test MAE: 46.04970, Time: 0.92s
Best EMA -- epoch=61, val MAE: 50.14644, test MAE: 46.04970

Epoch: [61][0/1] 	 loss: 0.19573, MAE: 2.19445, time/step=534ms, lr=1.72e-04
Epoch: [62] Target: [7] train MAE: 2.19445, val MAE: 1.83869, test MAE: 1.81849, Time: 0.77s
Best -- epoch=59, train MAE: 1.72869, val MAE: 1.78632, test MAE: 1.75533

Epoch: [62] Target: [7] EMA val MAE: 50.13266, EMA test MAE: 46.03689, Time: 0.91s
Best EMA -- epoch=62, val MAE: 50.13266, test MAE: 46.03689

Epoch: [62][0/1] 	 loss: 0.14910, MAE: 1.67161, time/step=506ms, lr=1.65e-04
Epoch: [63] Target: [7] train MAE: 1.67161, val MAE: 1.76514, test MAE: 1.73906, Time: 0.74s
Best -- epoch=63, train MAE: 1.67161, val MAE: 1.76514, test MAE: 1.73906

Epoch: [63] Target: [7] EMA val MAE: 50.11889, EMA test MAE: 46.02409, Time: 0.88s
Best EMA -- epoch=63, val MAE: 50.11889, test MAE: 46.02409

Epoch: [63][0/1] 	 loss: 0.16090, MAE: 1.80391, time/step=514ms, lr=1.58e-04
Epoch: [64] Target: [7] train MAE: 1.80391, val MAE: 1.79352, test MAE: 1.74022, Time: 0.76s
Best -- epoch=63, train MAE: 1.67161, val MAE: 1.76514, test MAE: 1.73906

Epoch: [64] Target: [7] EMA val MAE: 50.10510, EMA test MAE: 46.01127, Time: 0.90s
Best EMA -- epoch=64, val MAE: 50.10510, test MAE: 46.01127

Epoch: [64][0/1] 	 loss: 0.16025, MAE: 1.79663, time/step=515ms, lr=1.51e-04
Epoch: [65] Target: [7] train MAE: 1.79663, val MAE: 1.82114, test MAE: 1.74736, Time: 0.76s
Best -- epoch=63, train MAE: 1.67161, val MAE: 1.76514, test MAE: 1.73906

Epoch: [65] Target: [7] EMA val MAE: 50.09131, EMA test MAE: 45.99846, Time: 0.90s
Best EMA -- epoch=65, val MAE: 50.09131, test MAE: 45.99846

Epoch: [65][0/1] 	 loss: 0.15080, MAE: 1.69070, time/step=503ms, lr=1.44e-04
Epoch: [66] Target: [7] train MAE: 1.69070, val MAE: 1.77969, test MAE: 1.73084, Time: 0.74s
Best -- epoch=63, train MAE: 1.67161, val MAE: 1.76514, test MAE: 1.73906

Epoch: [66] Target: [7] EMA val MAE: 50.07752, EMA test MAE: 45.98563, Time: 0.88s
Best EMA -- epoch=66, val MAE: 50.07752, test MAE: 45.98563

Epoch: [66][0/1] 	 loss: 0.16818, MAE: 1.88562, time/step=523ms, lr=1.37e-04
Epoch: [67] Target: [7] train MAE: 1.88562, val MAE: 1.75119, test MAE: 1.72217, Time: 0.75s
Best -- epoch=67, train MAE: 1.88562, val MAE: 1.75119, test MAE: 1.72217

Epoch: [67] Target: [7] EMA val MAE: 50.06371, EMA test MAE: 45.97281, Time: 0.89s
Best EMA -- epoch=67, val MAE: 50.06371, test MAE: 45.97281

Epoch: [67][0/1] 	 loss: 0.14647, MAE: 1.64213, time/step=530ms, lr=1.30e-04
Epoch: [68] Target: [7] train MAE: 1.64213, val MAE: 1.76494, test MAE: 1.73080, Time: 0.78s
Best -- epoch=67, train MAE: 1.88562, val MAE: 1.75119, test MAE: 1.72217

Epoch: [68] Target: [7] EMA val MAE: 50.04991, EMA test MAE: 45.95998, Time: 0.92s
Best EMA -- epoch=68, val MAE: 50.04991, test MAE: 45.95998

Epoch: [68][0/1] 	 loss: 0.16997, MAE: 1.90561, time/step=525ms, lr=1.24e-04
Epoch: [69] Target: [7] train MAE: 1.90561, val MAE: 1.79100, test MAE: 1.75152, Time: 0.76s
Best -- epoch=67, train MAE: 1.88562, val MAE: 1.75119, test MAE: 1.72217

Epoch: [69] Target: [7] EMA val MAE: 50.03609, EMA test MAE: 45.94715, Time: 0.90s
Best EMA -- epoch=69, val MAE: 50.03609, test MAE: 45.94715

Epoch: [69][0/1] 	 loss: 0.11191, MAE: 1.25471, time/step=494ms, lr=1.17e-04
Epoch: [70] Target: [7] train MAE: 1.25471, val MAE: 1.79437, test MAE: 1.75635, Time: 0.72s
Best -- epoch=67, train MAE: 1.88562, val MAE: 1.75119, test MAE: 1.72217

Epoch: [70] Target: [7] EMA val MAE: 50.02227, EMA test MAE: 45.93431, Time: 0.86s
Best EMA -- epoch=70, val MAE: 50.02227, test MAE: 45.93431

Epoch: [70][0/1] 	 loss: 0.11274, MAE: 1.26395, time/step=515ms, lr=1.11e-04
Epoch: [71] Target: [7] train MAE: 1.26395, val MAE: 1.77695, test MAE: 1.73288, Time: 0.75s
Best -- epoch=67, train MAE: 1.88562, val MAE: 1.75119, test MAE: 1.72217

Epoch: [71] Target: [7] EMA val MAE: 50.00846, EMA test MAE: 45.92146, Time: 0.89s
Best EMA -- epoch=71, val MAE: 50.00846, test MAE: 45.92146

Epoch: [71][0/1] 	 loss: 0.13377, MAE: 1.49976, time/step=520ms, lr=1.05e-04
Epoch: [72] Target: [7] train MAE: 1.49976, val MAE: 1.74710, test MAE: 1.70367, Time: 0.76s
Best -- epoch=72, train MAE: 1.49976, val MAE: 1.74710, test MAE: 1.70367

Epoch: [72] Target: [7] EMA val MAE: 49.99462, EMA test MAE: 45.90861, Time: 0.90s
Best EMA -- epoch=72, val MAE: 49.99462, test MAE: 45.90861

Epoch: [72][0/1] 	 loss: 0.16265, MAE: 1.82358, time/step=515ms, lr=9.88e-05
Epoch: [73] Target: [7] train MAE: 1.82358, val MAE: 1.73705, test MAE: 1.69402, Time: 0.76s
Best -- epoch=73, train MAE: 1.82358, val MAE: 1.73705, test MAE: 1.69402

Epoch: [73] Target: [7] EMA val MAE: 49.98079, EMA test MAE: 45.89577, Time: 0.90s
Best EMA -- epoch=73, val MAE: 49.98079, test MAE: 45.89577

Epoch: [73][0/1] 	 loss: 0.13910, MAE: 1.55957, time/step=505ms, lr=9.30e-05
Epoch: [74] Target: [7] train MAE: 1.55957, val MAE: 1.73551, test MAE: 1.69017, Time: 0.74s
Best -- epoch=74, train MAE: 1.55957, val MAE: 1.73551, test MAE: 1.69017

Epoch: [74] Target: [7] EMA val MAE: 49.96695, EMA test MAE: 45.88291, Time: 0.88s
Best EMA -- epoch=74, val MAE: 49.96695, test MAE: 45.88291

Epoch: [74][0/1] 	 loss: 0.15722, MAE: 1.76272, time/step=525ms, lr=8.73e-05
Epoch: [75] Target: [7] train MAE: 1.76272, val MAE: 1.75035, test MAE: 1.69774, Time: 0.76s
Best -- epoch=74, train MAE: 1.55957, val MAE: 1.73551, test MAE: 1.69017

Epoch: [75] Target: [7] EMA val MAE: 49.95311, EMA test MAE: 45.87005, Time: 0.89s
Best EMA -- epoch=75, val MAE: 49.95311, test MAE: 45.87005

Epoch: [75][0/1] 	 loss: 0.14922, MAE: 1.67301, time/step=519ms, lr=8.18e-05
Epoch: [76] Target: [7] train MAE: 1.67301, val MAE: 1.76217, test MAE: 1.70994, Time: 0.76s
Best -- epoch=74, train MAE: 1.55957, val MAE: 1.73551, test MAE: 1.69017

Epoch: [76] Target: [7] EMA val MAE: 49.93927, EMA test MAE: 45.85718, Time: 0.90s
Best EMA -- epoch=76, val MAE: 49.93927, test MAE: 45.85718

Epoch: [76][0/1] 	 loss: 0.13410, MAE: 1.50348, time/step=525ms, lr=7.64e-05
Epoch: [77] Target: [7] train MAE: 1.50348, val MAE: 1.76351, test MAE: 1.70916, Time: 0.75s
Best -- epoch=74, train MAE: 1.55957, val MAE: 1.73551, test MAE: 1.69017

Epoch: [77] Target: [7] EMA val MAE: 49.92542, EMA test MAE: 45.84431, Time: 0.90s
Best EMA -- epoch=77, val MAE: 49.92542, test MAE: 45.84431

Epoch: [77][0/1] 	 loss: 0.16116, MAE: 1.80687, time/step=547ms, lr=7.12e-05
Epoch: [78] Target: [7] train MAE: 1.80687, val MAE: 1.75255, test MAE: 1.69465, Time: 0.79s
Best -- epoch=74, train MAE: 1.55957, val MAE: 1.73551, test MAE: 1.69017

Epoch: [78] Target: [7] EMA val MAE: 49.91156, EMA test MAE: 45.83144, Time: 0.93s
Best EMA -- epoch=78, val MAE: 49.91156, test MAE: 45.83144

Epoch: [78][0/1] 	 loss: 0.12654, MAE: 1.41872, time/step=517ms, lr=6.62e-05
Epoch: [79] Target: [7] train MAE: 1.41872, val MAE: 1.75394, test MAE: 1.69471, Time: 0.74s
Best -- epoch=74, train MAE: 1.55957, val MAE: 1.73551, test MAE: 1.69017

Epoch: [79] Target: [7] EMA val MAE: 49.89769, EMA test MAE: 45.81856, Time: 0.88s
Best EMA -- epoch=79, val MAE: 49.89769, test MAE: 45.81856

Epoch: [79][0/1] 	 loss: 0.14645, MAE: 1.64198, time/step=531ms, lr=6.14e-05
Epoch: [80] Target: [7] train MAE: 1.64198, val MAE: 1.75311, test MAE: 1.69210, Time: 0.78s
Best -- epoch=74, train MAE: 1.55957, val MAE: 1.73551, test MAE: 1.69017

Epoch: [80] Target: [7] EMA val MAE: 49.88383, EMA test MAE: 45.80568, Time: 0.92s
Best EMA -- epoch=80, val MAE: 49.88383, test MAE: 45.80568

Epoch: [80][0/1] 	 loss: 0.13522, MAE: 1.51606, time/step=525ms, lr=5.68e-05
Epoch: [81] Target: [7] train MAE: 1.51606, val MAE: 1.74561, test MAE: 1.68267, Time: 0.76s
Best -- epoch=74, train MAE: 1.55957, val MAE: 1.73551, test MAE: 1.69017

Epoch: [81] Target: [7] EMA val MAE: 49.86995, EMA test MAE: 45.79279, Time: 0.91s
Best EMA -- epoch=81, val MAE: 49.86995, test MAE: 45.79279

Epoch: [81][0/1] 	 loss: 0.15177, MAE: 1.70159, time/step=491ms, lr=5.24e-05
Epoch: [82] Target: [7] train MAE: 1.70159, val MAE: 1.74164, test MAE: 1.67715, Time: 0.74s
Best -- epoch=74, train MAE: 1.55957, val MAE: 1.73551, test MAE: 1.69017

Epoch: [82] Target: [7] EMA val MAE: 49.85607, EMA test MAE: 45.77990, Time: 0.87s
Best EMA -- epoch=82, val MAE: 49.85607, test MAE: 45.77990

Epoch: [82][0/1] 	 loss: 0.16613, MAE: 1.86261, time/step=549ms, lr=4.81e-05
Epoch: [83] Target: [7] train MAE: 1.86261, val MAE: 1.73932, test MAE: 1.67276, Time: 0.78s
Best -- epoch=74, train MAE: 1.55957, val MAE: 1.73551, test MAE: 1.69017

Epoch: [83] Target: [7] EMA val MAE: 49.84220, EMA test MAE: 45.76700, Time: 0.92s
Best EMA -- epoch=83, val MAE: 49.84220, test MAE: 45.76700

Epoch: [83][0/1] 	 loss: 0.14227, MAE: 1.59502, time/step=497ms, lr=4.41e-05
Epoch: [84] Target: [7] train MAE: 1.59502, val MAE: 1.73765, test MAE: 1.66929, Time: 0.74s
Best -- epoch=74, train MAE: 1.55957, val MAE: 1.73551, test MAE: 1.69017

Epoch: [84] Target: [7] EMA val MAE: 49.82830, EMA test MAE: 45.75410, Time: 0.87s
Best EMA -- epoch=84, val MAE: 49.82830, test MAE: 45.75410

Epoch: [84][0/1] 	 loss: 0.13356, MAE: 1.49741, time/step=495ms, lr=4.03e-05
Epoch: [85] Target: [7] train MAE: 1.49741, val MAE: 1.73261, test MAE: 1.66324, Time: 0.72s
Best -- epoch=85, train MAE: 1.49741, val MAE: 1.73261, test MAE: 1.66324

Epoch: [85] Target: [7] EMA val MAE: 49.81441, EMA test MAE: 45.74120, Time: 0.87s
Best EMA -- epoch=85, val MAE: 49.81441, test MAE: 45.74120

Epoch: [85][0/1] 	 loss: 0.14087, MAE: 1.57935, time/step=526ms, lr=3.67e-05
Epoch: [86] Target: [7] train MAE: 1.57935, val MAE: 1.73235, test MAE: 1.66205, Time: 0.76s
Best -- epoch=86, train MAE: 1.57935, val MAE: 1.73235, test MAE: 1.66205

Epoch: [86] Target: [7] EMA val MAE: 49.80052, EMA test MAE: 45.72829, Time: 0.90s
Best EMA -- epoch=86, val MAE: 49.80052, test MAE: 45.72829

Epoch: [86][0/1] 	 loss: 0.14877, MAE: 1.66798, time/step=514ms, lr=3.33e-05
Epoch: [87] Target: [7] train MAE: 1.66798, val MAE: 1.73136, test MAE: 1.66033, Time: 0.75s
Best -- epoch=87, train MAE: 1.66798, val MAE: 1.73136, test MAE: 1.66033

Epoch: [87] Target: [7] EMA val MAE: 49.78662, EMA test MAE: 45.71537, Time: 0.89s
Best EMA -- epoch=87, val MAE: 49.78662, test MAE: 45.71537

Epoch: [87][0/1] 	 loss: 0.11137, MAE: 1.24861, time/step=516ms, lr=3.02e-05
Epoch: [88] Target: [7] train MAE: 1.24861, val MAE: 1.73393, test MAE: 1.66097, Time: 0.76s
Best -- epoch=87, train MAE: 1.66798, val MAE: 1.73136, test MAE: 1.66033

Epoch: [88] Target: [7] EMA val MAE: 49.77271, EMA test MAE: 45.70245, Time: 0.89s
Best EMA -- epoch=88, val MAE: 49.77271, test MAE: 45.70245

Epoch: [88][0/1] 	 loss: 0.13994, MAE: 1.56890, time/step=533ms, lr=2.72e-05
Epoch: [89] Target: [7] train MAE: 1.56890, val MAE: 1.73685, test MAE: 1.66276, Time: 0.76s
Best -- epoch=87, train MAE: 1.66798, val MAE: 1.73136, test MAE: 1.66033

Epoch: [89] Target: [7] EMA val MAE: 49.75880, EMA test MAE: 45.68953, Time: 0.90s
Best EMA -- epoch=89, val MAE: 49.75880, test MAE: 45.68953

Epoch: [89][0/1] 	 loss: 0.14456, MAE: 1.62075, time/step=509ms, lr=2.45e-05
Epoch: [90] Target: [7] train MAE: 1.62075, val MAE: 1.74750, test MAE: 1.67293, Time: 0.75s
Best -- epoch=87, train MAE: 1.66798, val MAE: 1.73136, test MAE: 1.66033

Epoch: [90] Target: [7] EMA val MAE: 49.74488, EMA test MAE: 45.67661, Time: 0.89s
Best EMA -- epoch=90, val MAE: 49.74488, test MAE: 45.67661

Epoch: [90][0/1] 	 loss: 0.16063, MAE: 1.80086, time/step=520ms, lr=2.20e-05
Epoch: [91] Target: [7] train MAE: 1.80086, val MAE: 1.75823, test MAE: 1.68434, Time: 0.76s
Best -- epoch=87, train MAE: 1.66798, val MAE: 1.73136, test MAE: 1.66033

Epoch: [91] Target: [7] EMA val MAE: 49.73096, EMA test MAE: 45.66368, Time: 0.89s
Best EMA -- epoch=91, val MAE: 49.73096, test MAE: 45.66368

Epoch: [91][0/1] 	 loss: 0.16202, MAE: 1.81648, time/step=509ms, lr=1.97e-05
Epoch: [92] Target: [7] train MAE: 1.81648, val MAE: 1.75840, test MAE: 1.68395, Time: 0.75s
Best -- epoch=87, train MAE: 1.66798, val MAE: 1.73136, test MAE: 1.66033

Epoch: [92] Target: [7] EMA val MAE: 49.71703, EMA test MAE: 45.65074, Time: 0.89s
Best EMA -- epoch=92, val MAE: 49.71703, test MAE: 45.65074

Epoch: [92][0/1] 	 loss: 0.14052, MAE: 1.57549, time/step=510ms, lr=1.77e-05
Epoch: [93] Target: [7] train MAE: 1.57549, val MAE: 1.75777, test MAE: 1.68262, Time: 0.75s
Best -- epoch=87, train MAE: 1.66798, val MAE: 1.73136, test MAE: 1.66033

Epoch: [93] Target: [7] EMA val MAE: 49.70311, EMA test MAE: 45.63780, Time: 0.88s
Best EMA -- epoch=93, val MAE: 49.70311, test MAE: 45.63780

Epoch: [93][0/1] 	 loss: 0.16724, MAE: 1.87507, time/step=500ms, lr=1.59e-05
Epoch: [94] Target: [7] train MAE: 1.87507, val MAE: 1.75525, test MAE: 1.67914, Time: 0.73s
Best -- epoch=87, train MAE: 1.66798, val MAE: 1.73136, test MAE: 1.66033

Epoch: [94] Target: [7] EMA val MAE: 49.68917, EMA test MAE: 45.62486, Time: 0.87s
Best EMA -- epoch=94, val MAE: 49.68917, test MAE: 45.62486

Epoch: [94][0/1] 	 loss: 0.15680, MAE: 1.75800, time/step=530ms, lr=1.43e-05
Epoch: [95] Target: [7] train MAE: 1.75800, val MAE: 1.74771, test MAE: 1.66976, Time: 0.76s
Best -- epoch=87, train MAE: 1.66798, val MAE: 1.73136, test MAE: 1.66033

Epoch: [95] Target: [7] EMA val MAE: 49.67522, EMA test MAE: 45.61191, Time: 0.90s
Best EMA -- epoch=95, val MAE: 49.67522, test MAE: 45.61191

Epoch: [95][0/1] 	 loss: 0.12643, MAE: 1.41750, time/step=508ms, lr=1.30e-05
Epoch: [96] Target: [7] train MAE: 1.41750, val MAE: 1.74342, test MAE: 1.66460, Time: 0.74s
Best -- epoch=87, train MAE: 1.66798, val MAE: 1.73136, test MAE: 1.66033

Epoch: [96] Target: [7] EMA val MAE: 49.66128, EMA test MAE: 45.59895, Time: 0.88s
Best EMA -- epoch=96, val MAE: 49.66128, test MAE: 45.59895

Epoch: [96][0/1] 	 loss: 0.14311, MAE: 1.60444, time/step=514ms, lr=1.19e-05
Epoch: [97] Target: [7] train MAE: 1.60444, val MAE: 1.73645, test MAE: 1.65728, Time: 0.75s
Best -- epoch=87, train MAE: 1.66798, val MAE: 1.73136, test MAE: 1.66033

Epoch: [97] Target: [7] EMA val MAE: 49.64733, EMA test MAE: 45.58600, Time: 0.88s
Best EMA -- epoch=97, val MAE: 49.64733, test MAE: 45.58600

Epoch: [97][0/1] 	 loss: 0.13002, MAE: 1.45778, time/step=525ms, lr=1.11e-05
Epoch: [98] Target: [7] train MAE: 1.45778, val MAE: 1.73182, test MAE: 1.65185, Time: 0.77s
Best -- epoch=87, train MAE: 1.66798, val MAE: 1.73136, test MAE: 1.66033

Epoch: [98] Target: [7] EMA val MAE: 49.63338, EMA test MAE: 45.57304, Time: 0.91s
Best EMA -- epoch=98, val MAE: 49.63338, test MAE: 45.57304

Epoch: [98][0/1] 	 loss: 0.13963, MAE: 1.56552, time/step=529ms, lr=1.05e-05
Epoch: [99] Target: [7] train MAE: 1.56552, val MAE: 1.72868, test MAE: 1.65009, Time: 0.76s
Best -- epoch=99, train MAE: 1.56552, val MAE: 1.72868, test MAE: 1.65009

Epoch: [99] Target: [7] EMA val MAE: 49.61941, EMA test MAE: 45.56008, Time: 0.90s
Best EMA -- epoch=99, val MAE: 49.61941, test MAE: 45.56008

Epoch: [99][0/1] 	 loss: 0.15670, MAE: 1.75689, time/step=516ms, lr=1.01e-05
Epoch: [100] Target: [7] train MAE: 1.75689, val MAE: 1.72458, test MAE: 1.64844, Time: 0.75s
Best -- epoch=100, train MAE: 1.75689, val MAE: 1.72458, test MAE: 1.64844

Epoch: [100] Target: [7] EMA val MAE: 49.60545, EMA test MAE: 45.54711, Time: 0.89s
Best EMA -- epoch=100, val MAE: 49.60545, test MAE: 45.54711

Evaluating model.
Batch 0 done. Time taken: 0.09
Preparing calibration plot.
Observations Quantiles: [-95.8828125, 0.0, 0.0, 0.0, 0.0, 0.0, 0.0, 0.0, 0.0, 0.0, 0.0]
Prediction Quantiles: [0.0005818181818181818, 0.0, 0.0, 0.0, 0.0, 0.0, 0.0, 0.0, 0.0, 0.0]
/h/aguzmanc/miniforge3/envs/equiformer/lib/python3.8/site-packages/plotly/matplotlylib/renderer.py:611: UserWarning:

I found a path object that I don't think is part of a bar chart. Ignoring.

wandb: - 0.015 MB of 0.015 MB uploadedwandb: \ 0.080 MB of 0.080 MB uploadedwandb: 
wandb: Run history:
wandb:             Loss █▇▄▁▁▂▁▂▁▁▁▁▁▁▁▁▁▁▁▁▁▁▁▁▁▁▁▁▁▁▁▁▁▁▁▁▁▁▁▁
wandb:              MAE █▇▄▁▁▂▁▂▁▁▁▁▁▁▁▁▁▁▁▁▁▁▁▁▁▁▁▁▁▁▁▁▁▁▁▁▁▁▁▁
wandb:       Test Error █▇▂▂▁▂▁▁▁▁▁▁▁▁▁▁▁▁▁▁▁▁▁▁▁▁▁▁▁▁▁▁▁▁▁▁▁▁▁▁
wandb: Validation Error █▇▂▂▁▂▁▁▁▁▁▁▁▁▁▁▁▁▁▁▁▁▁▁▁▁▁▁▁▁▁▁▁▁▁▁▁▁▁▁
wandb: 
wandb: Run summary:
wandb:             Loss 0.1567
wandb:              MAE 1.75689
wandb:       Test Error 1.64844
wandb: Validation Error 1.72458
wandb: 
wandb: 🚀 View run gallant-bush-128 at: https://wandb.ai/andresguzco/equiformer_v2/runs/czaz8k98
wandb: ⭐️ View project at: https://wandb.ai/andresguzco/equiformer_v2
wandb: Synced 6 W&B file(s), 1 media file(s), 0 artifact file(s) and 0 other file(s)
wandb: Find logs at: ./wandb/run-20240530_111928-czaz8k98/logs
