Thu Jul 4 18:34:43 EDT 2024: Job 12851326 is allocated resources.
Inside slurm_launcher.slrm (/var/spool/slurmd/job12851326/slurm_script). received arguments: main.py --output-dir results/models/laplace --model-name equiformer_v2 --data-path datasets/qm9 --model-type Laplace --epochs 200 --iterations 30 --seed 0
Namespace(output_dir='results/models/laplace', model_name='equiformer_v2', model_type='Laplace', input_irreps=None, radius=5.0, num_basis=32, output_channels=1, epochs=200, iterations=30, batch_size=64, model_ema=True, model_ema_decay=0.9999, model_ema_force_cpu=False, drop_path_rate=0.1, patience=50, opt='adamw', opt_eps=1e-08, opt_betas=None, clip_grad=None, momentum=0.9, weight_decay=0.01, sched='cosine', lr=0.0005, lr_noise=None, lr_noise_pct=0.67, lr_noise_std=1.0, warmup_lr=1e-06, min_lr=1e-05, decay_epochs=30, warmup_epochs=5, cooldown_epochs=10, patience_epochs=10, decay_rate=0.1, print_freq=100, target=4, data_path='datasets/qm9', feature_type='one_hot', compute_stats=False, standardize=True, loss='l1', seed=0, workers=4, pin_mem=True, amp=False, prototyping=True, noise_sigma=0.02, denoising_coef=0.1, denoising_prob=0.5, corrupt_ratio=0.125)
wandb: Currently logged in as: andresguzco. Use `wandb login --relogin` to force relogin
wandb: - Waiting for wandb.init()...wandb: \ Waiting for wandb.init()...wandb: | Waiting for wandb.init()...wandb: / Waiting for wandb.init()...wandb: - Waiting for wandb.init()...wandb: ERROR Error while calling W&B API: An internal error occurred. Please contact support. (<Response [500]>)
wandb: \ Waiting for wandb.init()...wandb: | Waiting for wandb.init()...wandb: / Waiting for wandb.init()...wandb: - Waiting for wandb.init()...wandb: \ Waiting for wandb.init()...wandb: | Waiting for wandb.init()...wandb: / Waiting for wandb.init()...wandb: wandb version 0.17.4 is available!  To upgrade, please run:
wandb:  $ pip install wandb --upgrade
wandb: Tracking run with wandb version 0.17.0
wandb: Run data is saved locally in /fs01/home/aguzmanc/3D_Bayes/wandb/run-20240704_183453-svywin4u
wandb: Run `wandb offline` to turn off syncing.
wandb: Syncing run Laplace
wandb: ⭐️ View project at https://wandb.ai/andresguzco/3D_Bayes
wandb: 🚀 View run at https://wandb.ai/andresguzco/3D_Bayes/runs/svywin4u
Training set mean: 6.820860385894775, std:1.4590328931808472
EquiformerV2(
  (sphere_embedding): Embedding(90, 128)
  (distance_expansion): GaussianSmearing()
  (SO3_rotation): ModuleList(
    (0): SO3_Rotation(
      (mapping): CoefficientMappingModule(lmax_list=[2], mmax_list=[2])
    )
  )
  (mappingReduced): CoefficientMappingModule(lmax_list=[2], mmax_list=[2])
  (SO3_grid): (2, 2)
  (edge_degree_embedding): EdgeDegreeEmbedding(
    (SO3_rotation): ModuleList(
      (0): SO3_Rotation(
        (mapping): CoefficientMappingModule(lmax_list=[2], mmax_list=[2])
      )
    )
    (mappingReduced): CoefficientMappingModule(lmax_list=[2], mmax_list=[2])
    (source_embedding): Embedding(90, 64)
    (target_embedding): Embedding(90, 64)
    (rad_func): RadialFunction(
      (net): Sequential(
        (0): Linear(in_features=728, out_features=64, bias=True)
        (1): LayerNorm((64,), eps=1e-05, elementwise_affine=True)
        (2): SiLU()
        (3): Linear(in_features=64, out_features=64, bias=True)
        (4): LayerNorm((64,), eps=1e-05, elementwise_affine=True)
        (5): SiLU()
        (6): Linear(in_features=64, out_features=384, bias=True)
      )
    )
  )
  (blocks): ModuleList(
    (0-1): 2 x TransBlockV2(
      (norm_1): EquivariantRMSNormArraySphericalHarmonicsV2(lmax=2, num_channels=128, eps=1e-05, centering=True, std_balance_degrees=True)
      (ga): SO2EquivariantGraphAttention(
        (SO3_rotation): ModuleList(
          (0): SO3_Rotation(
            (mapping): CoefficientMappingModule(lmax_list=[2], mmax_list=[2])
          )
        )
        (mappingReduced): CoefficientMappingModule(lmax_list=[2], mmax_list=[2])
        (SO3_grid): (2, 2)
        (source_embedding): Embedding(90, 64)
        (target_embedding): Embedding(90, 64)
        (so2_conv_1): SO2_Convolution(
          (mappingReduced): CoefficientMappingModule(lmax_list=[2], mmax_list=[2])
          (fc_m0): Linear(in_features=768, out_features=640, bias=True)
          (so2_m_conv): ModuleList(
            (0): SO2_m_Convolution(
              (fc): Linear(in_features=512, out_features=512, bias=False)
            )
            (1): SO2_m_Convolution(
              (fc): Linear(in_features=256, out_features=256, bias=False)
            )
          )
          (rad_func): RadialFunction(
            (net): Sequential(
              (0): Linear(in_features=728, out_features=64, bias=True)
              (1): LayerNorm((64,), eps=1e-05, elementwise_affine=True)
              (2): SiLU()
              (3): Linear(in_features=64, out_features=64, bias=True)
              (4): LayerNorm((64,), eps=1e-05, elementwise_affine=True)
              (5): SiLU()
              (6): Linear(in_features=64, out_features=1536, bias=True)
            )
          )
        )
        (alpha_norm): LayerNorm((32,), eps=1e-05, elementwise_affine=True)
        (alpha_act): SmoothLeakyReLU(negative_slope=0.2)
        (alpha_dropout): Dropout(p=0.1, inplace=False)
        (s2_act): SeparableS2Activation(
          (scalar_act): SiLU()
          (s2_act): S2Activation(
            (act): SiLU()
          )
        )
        (so2_conv_2): SO2_Convolution(
          (mappingReduced): CoefficientMappingModule(lmax_list=[2], mmax_list=[2])
          (fc_m0): Linear(in_features=384, out_features=192, bias=True)
          (so2_m_conv): ModuleList(
            (0): SO2_m_Convolution(
              (fc): Linear(in_features=256, out_features=256, bias=False)
            )
            (1): SO2_m_Convolution(
              (fc): Linear(in_features=128, out_features=128, bias=False)
            )
          )
        )
        (proj): SO3_LinearV2(in_features=64, out_features=128, lmax=2)
      )
      (drop_path): GraphDropPath(drop_prob=0.05)
      (norm_2): EquivariantRMSNormArraySphericalHarmonicsV2(lmax=2, num_channels=128, eps=1e-05, centering=True, std_balance_degrees=True)
      (ffn): FeedForwardNetwork(
        (SO3_grid): (2, 2)
        (so3_linear_1): SO3_LinearV2(in_features=128, out_features=690, lmax=2)
        (gating_linear): Linear(in_features=128, out_features=690, bias=True)
        (s2_act): SeparableS2Activation(
          (scalar_act): SiLU()
          (s2_act): S2Activation(
            (act): SiLU()
          )
        )
        (so3_linear_2): SO3_LinearV2(in_features=690, out_features=128, lmax=2)
      )
    )
  )
  (norm): EquivariantRMSNormArraySphericalHarmonicsV2(lmax=2, num_channels=128, eps=1e-05, centering=True, std_balance_degrees=True)
  (energy_block): FeedForwardNetwork(
    (SO3_grid): (2, 2)
    (so3_linear_1): SO3_LinearV2(in_features=128, out_features=690, lmax=2)
    (gating_linear): Linear(in_features=128, out_features=690, bias=True)
    (s2_act): SeparableS2Activation(
      (scalar_act): SiLU()
      (s2_act): S2Activation(
        (act): SiLU()
      )
    )
    (so3_linear_2): SO3_LinearV2(in_features=690, out_features=1, lmax=2)
  )
)
Number of params: 4023875
Initiating training.

Starting validation step for early stopping.

Epoch: [0][0/8] 	 loss: 0.67715, MAE: 0.98798, time/step=715ms, lr=1.00e-06
Epoch: [0][7/8] 	 loss: 0.80505, MAE: 1.17460, time/step=344ms, lr=1.00e-06
Epoch: [0] Target: [4] train MAE: 1.17460, val MAE: 1.22954, Time: 3.44s
Epoch: [1][0/8] 	 loss: 0.65272, MAE: 0.95234, time/step=76ms, lr=1.01e-04
Epoch: [1][7/8] 	 loss: 1.29703, MAE: 1.89241, time/step=262ms, lr=1.01e-04
Epoch: [1] Target: [4] train MAE: 1.89241, val MAE: 1.43781, Time: 2.80s
Epoch: [2][0/8] 	 loss: 0.81535, MAE: 1.18962, time/step=69ms, lr=2.01e-04
Epoch: [2][7/8] 	 loss: 0.88069, MAE: 1.28496, time/step=262ms, lr=2.01e-04
Epoch: [2] Target: [4] train MAE: 1.28496, val MAE: 1.14800, Time: 2.77s
Epoch: [3][0/8] 	 loss: 0.49789, MAE: 0.72643, time/step=64ms, lr=3.00e-04
Epoch: [3][7/8] 	 loss: 0.78527, MAE: 1.14574, time/step=262ms, lr=3.00e-04
Epoch: [3] Target: [4] train MAE: 1.14574, val MAE: 1.11686, Time: 2.80s
Epoch: [4][0/8] 	 loss: 0.73223, MAE: 1.06835, time/step=67ms, lr=4.00e-04
Epoch: [4][7/8] 	 loss: 0.71006, MAE: 1.03600, time/step=264ms, lr=4.00e-04
Epoch: [4] Target: [4] train MAE: 1.03600, val MAE: 1.21583, Time: 2.80s
Epoch: [5][0/8] 	 loss: 0.79329, MAE: 1.15744, time/step=69ms, lr=4.99e-04
Epoch: [5][7/8] 	 loss: 0.79680, MAE: 1.16256, time/step=262ms, lr=4.99e-04
Epoch: [5] Target: [4] train MAE: 1.16256, val MAE: 1.09126, Time: 2.79s
Epoch: [6][0/8] 	 loss: 0.80645, MAE: 1.17664, time/step=67ms, lr=4.99e-04
Epoch: [6][7/8] 	 loss: 0.74475, MAE: 1.08662, time/step=261ms, lr=4.99e-04
Epoch: [6] Target: [4] train MAE: 1.08662, val MAE: 1.16644, Time: 2.80s
Epoch: [7][0/8] 	 loss: 0.55161, MAE: 0.80482, time/step=62ms, lr=4.99e-04
Epoch: [7][7/8] 	 loss: 0.73224, MAE: 1.06837, time/step=258ms, lr=4.99e-04
Epoch: [7] Target: [4] train MAE: 1.06837, val MAE: 1.40351, Time: 2.76s
Epoch: [8][0/8] 	 loss: 0.97818, MAE: 1.42720, time/step=82ms, lr=4.98e-04
Epoch: [8][7/8] 	 loss: 0.64782, MAE: 0.94519, time/step=265ms, lr=4.98e-04
Epoch: [8] Target: [4] train MAE: 0.94519, val MAE: 1.06936, Time: 2.80s
Epoch: [9][0/8] 	 loss: 0.34520, MAE: 0.50365, time/step=66ms, lr=4.98e-04
Epoch: [9][7/8] 	 loss: 0.49631, MAE: 0.72413, time/step=260ms, lr=4.98e-04
Epoch: [9] Target: [4] train MAE: 0.72413, val MAE: 1.00470, Time: 2.74s
Epoch: [10][0/8] 	 loss: 0.42770, MAE: 0.62402, time/step=68ms, lr=4.97e-04
Epoch: [10][7/8] 	 loss: 0.47329, MAE: 0.69054, time/step=251ms, lr=4.97e-04
Epoch: [10] Target: [4] train MAE: 0.69054, val MAE: 0.85102, Time: 2.65s
Epoch: [11][0/8] 	 loss: 0.45842, MAE: 0.66885, time/step=72ms, lr=4.96e-04
Epoch: [11][7/8] 	 loss: 0.37373, MAE: 0.54528, time/step=255ms, lr=4.96e-04
Epoch: [11] Target: [4] train MAE: 0.54528, val MAE: 0.89321, Time: 2.73s
Epoch: [12][0/8] 	 loss: 0.57875, MAE: 0.84441, time/step=75ms, lr=4.96e-04
Epoch: [12][7/8] 	 loss: 0.41744, MAE: 0.60906, time/step=256ms, lr=4.96e-04
Epoch: [12] Target: [4] train MAE: 0.60906, val MAE: 0.88898, Time: 2.72s
Epoch: [13][0/8] 	 loss: 0.35299, MAE: 0.51503, time/step=68ms, lr=4.95e-04
Epoch: [13][7/8] 	 loss: 0.34247, MAE: 0.49967, time/step=256ms, lr=4.95e-04
Epoch: [13] Target: [4] train MAE: 0.49967, val MAE: 0.94167, Time: 2.72s
Epoch: [14][0/8] 	 loss: 0.37205, MAE: 0.54284, time/step=79ms, lr=4.94e-04
Epoch: [14][7/8] 	 loss: 0.37595, MAE: 0.54853, time/step=261ms, lr=4.94e-04
Epoch: [14] Target: [4] train MAE: 0.54853, val MAE: 0.97242, Time: 2.76s
Epoch: [15][0/8] 	 loss: 0.18429, MAE: 0.26889, time/step=73ms, lr=4.93e-04
Epoch: [15][7/8] 	 loss: 0.34153, MAE: 0.49830, time/step=259ms, lr=4.93e-04
Epoch: [15] Target: [4] train MAE: 0.49830, val MAE: 0.70817, Time: 2.75s
Epoch: [16][0/8] 	 loss: 0.33466, MAE: 0.48827, time/step=68ms, lr=4.92e-04
Epoch: [16][7/8] 	 loss: 0.31565, MAE: 0.46055, time/step=255ms, lr=4.92e-04
Epoch: [16] Target: [4] train MAE: 0.46055, val MAE: 0.67106, Time: 2.71s
Epoch: [17][0/8] 	 loss: 0.22764, MAE: 0.33214, time/step=70ms, lr=4.91e-04
Epoch: [17][7/8] 	 loss: 0.24057, MAE: 0.35100, time/step=257ms, lr=4.91e-04
Epoch: [17] Target: [4] train MAE: 0.35100, val MAE: 0.81342, Time: 2.74s
Epoch: [18][0/8] 	 loss: 0.27825, MAE: 0.40598, time/step=82ms, lr=4.90e-04
Epoch: [18][7/8] 	 loss: 0.25728, MAE: 0.37538, time/step=263ms, lr=4.90e-04
Epoch: [18] Target: [4] train MAE: 0.37538, val MAE: 0.81157, Time: 2.78s
Epoch: [19][0/8] 	 loss: 0.15139, MAE: 0.22088, time/step=66ms, lr=4.89e-04
Epoch: [19][7/8] 	 loss: 0.20982, MAE: 0.30614, time/step=266ms, lr=4.89e-04
Epoch: [19] Target: [4] train MAE: 0.30614, val MAE: 0.78433, Time: 2.80s
Epoch: [20][0/8] 	 loss: 0.22063, MAE: 0.32191, time/step=102ms, lr=4.88e-04
Epoch: [20][7/8] 	 loss: 0.18971, MAE: 0.27679, time/step=265ms, lr=4.88e-04
Epoch: [20] Target: [4] train MAE: 0.27679, val MAE: 0.77033, Time: 2.80s
Epoch: [21][0/8] 	 loss: 0.18595, MAE: 0.27130, time/step=68ms, lr=4.87e-04
Epoch: [21][7/8] 	 loss: 0.17678, MAE: 0.25793, time/step=258ms, lr=4.87e-04
Epoch: [21] Target: [4] train MAE: 0.25793, val MAE: 0.78149, Time: 2.76s
Epoch: [22][0/8] 	 loss: 0.25658, MAE: 0.37436, time/step=75ms, lr=4.86e-04
Epoch: [22][7/8] 	 loss: 0.19117, MAE: 0.27893, time/step=258ms, lr=4.86e-04
Epoch: [22] Target: [4] train MAE: 0.27893, val MAE: 0.76644, Time: 2.76s
Epoch: [23][0/8] 	 loss: 0.23831, MAE: 0.34770, time/step=61ms, lr=4.84e-04
Epoch: [23][7/8] 	 loss: 0.22592, MAE: 0.32962, time/step=259ms, lr=4.84e-04
Epoch: [23] Target: [4] train MAE: 0.32962, val MAE: 0.83202, Time: 2.75s
Epoch: [24][0/8] 	 loss: 0.17880, MAE: 0.26087, time/step=81ms, lr=4.83e-04
Epoch: [24][7/8] 	 loss: 0.18616, MAE: 0.27161, time/step=264ms, lr=4.83e-04
Epoch: [24] Target: [4] train MAE: 0.27161, val MAE: 0.81627, Time: 2.79s
Epoch: [25][0/8] 	 loss: 0.13901, MAE: 0.20282, time/step=77ms, lr=4.81e-04
Epoch: [25][7/8] 	 loss: 0.21992, MAE: 0.32087, time/step=269ms, lr=4.81e-04
Epoch: [25] Target: [4] train MAE: 0.32087, val MAE: 0.92305, Time: 2.84s
Epoch: [26][0/8] 	 loss: 0.43735, MAE: 0.63810, time/step=67ms, lr=4.80e-04
Epoch: [26][7/8] 	 loss: 0.33818, MAE: 0.49341, time/step=275ms, lr=4.80e-04
Epoch: [26] Target: [4] train MAE: 0.49341, val MAE: 0.80049, Time: 2.88s
Epoch: [27][0/8] 	 loss: 0.16873, MAE: 0.24618, time/step=66ms, lr=4.78e-04
Epoch: [27][7/8] 	 loss: 0.27182, MAE: 0.39660, time/step=260ms, lr=4.78e-04
Epoch: [27] Target: [4] train MAE: 0.39660, val MAE: 0.89662, Time: 2.76s
Epoch: [28][0/8] 	 loss: 0.38275, MAE: 0.55845, time/step=83ms, lr=4.77e-04
Epoch: [28][7/8] 	 loss: 0.27412, MAE: 0.39995, time/step=273ms, lr=4.77e-04
Epoch: [28] Target: [4] train MAE: 0.39995, val MAE: 0.84967, Time: 2.89s
Epoch: [29][0/8] 	 loss: 0.17919, MAE: 0.26145, time/step=84ms, lr=4.75e-04
Epoch: [29][7/8] 	 loss: 0.18950, MAE: 0.27648, time/step=270ms, lr=4.75e-04
Epoch: [29] Target: [4] train MAE: 0.27648, val MAE: 0.74896, Time: 2.86s
Epoch: [30][0/8] 	 loss: 0.12654, MAE: 0.18462, time/step=67ms, lr=4.73e-04
Epoch: [30][7/8] 	 loss: 0.14724, MAE: 0.21483, time/step=267ms, lr=4.73e-04
Epoch: [30] Target: [4] train MAE: 0.21483, val MAE: 0.81851, Time: 2.81s
Epoch: [31][0/8] 	 loss: 0.10847, MAE: 0.15826, time/step=83ms, lr=4.72e-04
Epoch: [31][7/8] 	 loss: 0.14762, MAE: 0.21538, time/step=269ms, lr=4.72e-04
Epoch: [31] Target: [4] train MAE: 0.21538, val MAE: 0.77220, Time: 2.83s
Epoch: [32][0/8] 	 loss: 0.13011, MAE: 0.18983, time/step=76ms, lr=4.70e-04
Epoch: [32][7/8] 	 loss: 0.12432, MAE: 0.18139, time/step=262ms, lr=4.70e-04
Epoch: [32] Target: [4] train MAE: 0.18139, val MAE: 0.82042, Time: 2.79s
Epoch: [33][0/8] 	 loss: 0.10015, MAE: 0.14612, time/step=59ms, lr=4.68e-04
Epoch: [33][7/8] 	 loss: 0.11794, MAE: 0.17208, time/step=258ms, lr=4.68e-04
Epoch: [33] Target: [4] train MAE: 0.17208, val MAE: 0.75466, Time: 2.74s
Epoch: [34][0/8] 	 loss: 0.15042, MAE: 0.21946, time/step=82ms, lr=4.66e-04
Epoch: [34][7/8] 	 loss: 0.14639, MAE: 0.21359, time/step=260ms, lr=4.66e-04
Epoch: [34] Target: [4] train MAE: 0.21359, val MAE: 0.82504, Time: 2.76s
Epoch: [35][0/8] 	 loss: 0.08828, MAE: 0.12881, time/step=81ms, lr=4.64e-04
Epoch: [35][7/8] 	 loss: 0.13896, MAE: 0.20275, time/step=266ms, lr=4.64e-04
Epoch: [35] Target: [4] train MAE: 0.20275, val MAE: 0.75668, Time: 2.81s
Epoch: [36][0/8] 	 loss: 0.14527, MAE: 0.21196, time/step=77ms, lr=4.62e-04
Epoch: [36][7/8] 	 loss: 0.15806, MAE: 0.23062, time/step=264ms, lr=4.62e-04
Epoch: [36] Target: [4] train MAE: 0.23062, val MAE: 0.80792, Time: 2.82s
Epoch: [37][0/8] 	 loss: 0.14863, MAE: 0.21686, time/step=86ms, lr=4.60e-04
Epoch: [37][7/8] 	 loss: 0.14518, MAE: 0.21183, time/step=265ms, lr=4.60e-04
Epoch: [37] Target: [4] train MAE: 0.21183, val MAE: 0.83487, Time: 2.79s
Epoch: [38][0/8] 	 loss: 0.18526, MAE: 0.27030, time/step=73ms, lr=4.58e-04
Epoch: [38][7/8] 	 loss: 0.15076, MAE: 0.21996, time/step=257ms, lr=4.58e-04
Epoch: [38] Target: [4] train MAE: 0.21996, val MAE: 0.80631, Time: 2.73s
Epoch: [39][0/8] 	 loss: 0.11875, MAE: 0.17326, time/step=71ms, lr=4.55e-04
Epoch: [39][7/8] 	 loss: 0.10711, MAE: 0.15628, time/step=264ms, lr=4.55e-04
Epoch: [39] Target: [4] train MAE: 0.15628, val MAE: 0.78511, Time: 2.80s
Epoch: [40][0/8] 	 loss: 0.07844, MAE: 0.11445, time/step=68ms, lr=4.53e-04
Epoch: [40][7/8] 	 loss: 0.10305, MAE: 0.15035, time/step=264ms, lr=4.53e-04
Epoch: [40] Target: [4] train MAE: 0.15035, val MAE: 0.78544, Time: 2.81s
Epoch: [41][0/8] 	 loss: 0.07662, MAE: 0.11180, time/step=83ms, lr=4.51e-04
Epoch: [41][7/8] 	 loss: 0.11585, MAE: 0.16903, time/step=268ms, lr=4.51e-04
Epoch: [41] Target: [4] train MAE: 0.16903, val MAE: 0.70730, Time: 2.82s
Epoch: [42][0/8] 	 loss: 0.17003, MAE: 0.24807, time/step=86ms, lr=4.49e-04
Epoch: [42][7/8] 	 loss: 0.14275, MAE: 0.20828, time/step=275ms, lr=4.49e-04
Epoch: [42] Target: [4] train MAE: 0.20828, val MAE: 0.74871, Time: 2.87s
Epoch: [43][0/8] 	 loss: 0.13209, MAE: 0.19272, time/step=69ms, lr=4.46e-04
Epoch: [43][7/8] 	 loss: 0.14418, MAE: 0.21037, time/step=266ms, lr=4.46e-04
Epoch: [43] Target: [4] train MAE: 0.21037, val MAE: 0.76801, Time: 2.84s
Epoch: [44][0/8] 	 loss: 0.07510, MAE: 0.10958, time/step=71ms, lr=4.44e-04
Epoch: [44][7/8] 	 loss: 0.10902, MAE: 0.15907, time/step=251ms, lr=4.44e-04
Epoch: [44] Target: [4] train MAE: 0.15907, val MAE: 0.80066, Time: 2.68s
Epoch: [45][0/8] 	 loss: 0.07751, MAE: 0.11309, time/step=68ms, lr=4.41e-04
Epoch: [45][7/8] 	 loss: 0.10587, MAE: 0.15447, time/step=262ms, lr=4.41e-04
Epoch: [45] Target: [4] train MAE: 0.15447, val MAE: 0.80572, Time: 2.76s
Epoch: [46][0/8] 	 loss: 0.05902, MAE: 0.08611, time/step=73ms, lr=4.39e-04
Epoch: [46][7/8] 	 loss: 0.10942, MAE: 0.15965, time/step=257ms, lr=4.39e-04
Epoch: [46] Target: [4] train MAE: 0.15965, val MAE: 0.84040, Time: 2.74s
Epoch: [47][0/8] 	 loss: 0.07318, MAE: 0.10678, time/step=75ms, lr=4.36e-04
Epoch: [47][7/8] 	 loss: 0.10811, MAE: 0.15773, time/step=265ms, lr=4.36e-04
Epoch: [47] Target: [4] train MAE: 0.15773, val MAE: 0.76417, Time: 2.81s
Epoch: [48][0/8] 	 loss: 0.06432, MAE: 0.09384, time/step=58ms, lr=4.34e-04
Epoch: [48][7/8] 	 loss: 0.12335, MAE: 0.17996, time/step=249ms, lr=4.34e-04
Epoch: [48] Target: [4] train MAE: 0.17996, val MAE: 0.84278, Time: 2.68s
Epoch: [49][0/8] 	 loss: 0.15882, MAE: 0.23172, time/step=81ms, lr=4.31e-04
Epoch: [49][7/8] 	 loss: 0.11980, MAE: 0.17479, time/step=255ms, lr=4.31e-04
Epoch: [49] Target: [4] train MAE: 0.17479, val MAE: 0.80223, Time: 2.73s
Epoch: [50][0/8] 	 loss: 0.12847, MAE: 0.18744, time/step=73ms, lr=4.28e-04
Epoch: [50][7/8] 	 loss: 0.14173, MAE: 0.20679, time/step=261ms, lr=4.28e-04
Epoch: [50] Target: [4] train MAE: 0.20679, val MAE: 0.83028, Time: 2.76s
Epoch: [51][0/8] 	 loss: 0.09280, MAE: 0.13539, time/step=75ms, lr=4.25e-04
Epoch: [51][7/8] 	 loss: 0.10061, MAE: 0.14680, time/step=266ms, lr=4.25e-04
Epoch: [51] Target: [4] train MAE: 0.14680, val MAE: 0.80725, Time: 2.83s
Epoch: [52][0/8] 	 loss: 0.06339, MAE: 0.09249, time/step=66ms, lr=4.23e-04
Epoch: [52][7/8] 	 loss: 0.15258, MAE: 0.22262, time/step=263ms, lr=4.23e-04
Epoch: [52] Target: [4] train MAE: 0.22262, val MAE: 0.79653, Time: 2.79s
Epoch: [53][0/8] 	 loss: 0.10632, MAE: 0.15513, time/step=101ms, lr=4.20e-04
Epoch: [53][7/8] 	 loss: 0.11834, MAE: 0.17267, time/step=276ms, lr=4.20e-04
Epoch: [53] Target: [4] train MAE: 0.17267, val MAE: 0.80423, Time: 2.89s
Epoch: [54][0/8] 	 loss: 0.07396, MAE: 0.10791, time/step=81ms, lr=4.17e-04
Epoch: [54][7/8] 	 loss: 0.13673, MAE: 0.19950, time/step=264ms, lr=4.17e-04
Epoch: [54] Target: [4] train MAE: 0.19950, val MAE: 0.84640, Time: 2.78s
Epoch: [55][0/8] 	 loss: 0.13829, MAE: 0.20177, time/step=78ms, lr=4.14e-04
Epoch: [55][7/8] 	 loss: 0.16720, MAE: 0.24394, time/step=261ms, lr=4.14e-04
Epoch: [55] Target: [4] train MAE: 0.24394, val MAE: 0.81502, Time: 2.79s
Epoch: [56][0/8] 	 loss: 0.25198, MAE: 0.36764, time/step=78ms, lr=4.11e-04
Epoch: [56][7/8] 	 loss: 0.17940, MAE: 0.26175, time/step=261ms, lr=4.11e-04
Epoch: [56] Target: [4] train MAE: 0.26175, val MAE: 0.79642, Time: 2.78s
Epoch: [57][0/8] 	 loss: 0.14061, MAE: 0.20515, time/step=82ms, lr=4.08e-04
Epoch: [57][7/8] 	 loss: 0.13168, MAE: 0.19212, time/step=258ms, lr=4.08e-04
Epoch: [57] Target: [4] train MAE: 0.19212, val MAE: 0.78310, Time: 2.74s
Epoch: [58][0/8] 	 loss: 0.19128, MAE: 0.27909, time/step=71ms, lr=4.05e-04
Epoch: [58][7/8] 	 loss: 0.14140, MAE: 0.20630, time/step=263ms, lr=4.05e-04
Epoch: [58] Target: [4] train MAE: 0.20630, val MAE: 0.78720, Time: 2.78s
Early stopping at Epoch: [58/200].

Best -- epoch=16, train MAE: 0.46055, val MAE: 0.67106.

Early stopping computation complete.

Epoch: [0][0/10] 	 loss: 1.27381, MAE: 1.85853, time/step=97ms, lr=1.00e-06
Epoch: [0][9/10] 	 loss: 1.27522, MAE: 1.86058, time/step=265ms, lr=1.00e-06
Epoch: [0] Target: [4] train MAE: 1.86058, Time: 2.86s
Epoch: [1][0/10] 	 loss: 1.28504, MAE: 1.87492, time/step=62ms, lr=1.01e-04
Epoch: [1][9/10] 	 loss: 1.07201, MAE: 1.56409, time/step=259ms, lr=1.01e-04
Epoch: [1] Target: [4] train MAE: 1.56409, Time: 2.83s
Epoch: [2][0/10] 	 loss: 0.59636, MAE: 0.87011, time/step=74ms, lr=2.01e-04
Epoch: [2][9/10] 	 loss: 0.86696, MAE: 1.26493, time/step=254ms, lr=2.01e-04
Epoch: [2] Target: [4] train MAE: 1.26493, Time: 2.76s
Epoch: [3][0/10] 	 loss: 0.48314, MAE: 0.70492, time/step=71ms, lr=3.00e-04
Epoch: [3][9/10] 	 loss: 0.85140, MAE: 1.24222, time/step=261ms, lr=3.00e-04
Epoch: [3] Target: [4] train MAE: 1.24222, Time: 2.82s
Epoch: [4][0/10] 	 loss: 0.81003, MAE: 1.18186, time/step=58ms, lr=4.00e-04
Epoch: [4][9/10] 	 loss: 0.84279, MAE: 1.22966, time/step=259ms, lr=4.00e-04
Epoch: [4] Target: [4] train MAE: 1.22966, Time: 2.81s
Epoch: [5][0/10] 	 loss: 0.84704, MAE: 1.23585, time/step=58ms, lr=4.99e-04
Epoch: [5][9/10] 	 loss: 0.74421, MAE: 1.08582, time/step=259ms, lr=4.99e-04
Epoch: [5] Target: [4] train MAE: 1.08582, Time: 2.81s
Epoch: [6][0/10] 	 loss: 0.77019, MAE: 1.12374, time/step=58ms, lr=4.99e-04
Epoch: [6][9/10] 	 loss: 0.68118, MAE: 0.99387, time/step=270ms, lr=4.99e-04
Epoch: [6] Target: [4] train MAE: 0.99387, Time: 2.91s
Epoch: [7][0/10] 	 loss: 0.50408, MAE: 0.73548, time/step=92ms, lr=4.99e-04
Epoch: [7][9/10] 	 loss: 0.60862, MAE: 0.88800, time/step=274ms, lr=4.99e-04
Epoch: [7] Target: [4] train MAE: 0.88800, Time: 2.96s
Epoch: [8][0/10] 	 loss: 0.60369, MAE: 0.88080, time/step=85ms, lr=4.98e-04
Epoch: [8][9/10] 	 loss: 0.51062, MAE: 0.74501, time/step=270ms, lr=4.98e-04
Epoch: [8] Target: [4] train MAE: 0.74501, Time: 2.92s
Epoch: [9][0/10] 	 loss: 0.57760, MAE: 0.84273, time/step=73ms, lr=4.98e-04
Epoch: [9][9/10] 	 loss: 0.46895, MAE: 0.68421, time/step=273ms, lr=4.98e-04
Epoch: [9] Target: [4] train MAE: 0.68421, Time: 2.95s
Epoch: [10][0/10] 	 loss: 0.29452, MAE: 0.42971, time/step=85ms, lr=4.97e-04
Epoch: [10][9/10] 	 loss: 0.34576, MAE: 0.50447, time/step=271ms, lr=4.97e-04
Epoch: [10] Target: [4] train MAE: 0.50447, Time: 2.93s
Epoch: [11][0/10] 	 loss: 0.24140, MAE: 0.35221, time/step=82ms, lr=4.96e-04
Epoch: [11][9/10] 	 loss: 0.25684, MAE: 0.37473, time/step=263ms, lr=4.96e-04
Epoch: [11] Target: [4] train MAE: 0.37473, Time: 2.84s
Epoch: [12][0/10] 	 loss: 0.24495, MAE: 0.35738, time/step=64ms, lr=4.96e-04
Epoch: [12][9/10] 	 loss: 0.26236, MAE: 0.38279, time/step=258ms, lr=4.96e-04
Epoch: [12] Target: [4] train MAE: 0.38279, Time: 2.80s
Epoch: [13][0/10] 	 loss: 0.39229, MAE: 0.57237, time/step=67ms, lr=4.95e-04
Epoch: [13][9/10] 	 loss: 0.31733, MAE: 0.46299, time/step=267ms, lr=4.95e-04
Epoch: [13] Target: [4] train MAE: 0.46299, Time: 2.88s
Epoch: [14][0/10] 	 loss: 0.20123, MAE: 0.29360, time/step=64ms, lr=4.94e-04
Epoch: [14][9/10] 	 loss: 0.32278, MAE: 0.47094, time/step=265ms, lr=4.94e-04
Epoch: [14] Target: [4] train MAE: 0.47094, Time: 2.87s
Epoch: [15][0/10] 	 loss: 0.16631, MAE: 0.24265, time/step=70ms, lr=4.93e-04
Epoch: [15][9/10] 	 loss: 0.31914, MAE: 0.46563, time/step=261ms, lr=4.93e-04
Epoch: [15] Target: [4] train MAE: 0.46563, Time: 2.82s
Epoch: [16][0/10] 	 loss: 0.14113, MAE: 0.20591, time/step=68ms, lr=4.92e-04
Epoch: [16][9/10] 	 loss: 0.23879, MAE: 0.34840, time/step=268ms, lr=4.92e-04
Epoch: [16] Target: [4] train MAE: 0.34840, Time: 2.90s
Epoch: [17][0/10] 	 loss: 0.24172, MAE: 0.35267, time/step=66ms, lr=4.91e-04
Epoch: [17][9/10] 	 loss: 0.28427, MAE: 0.41476, time/step=267ms, lr=4.91e-04
Epoch: [17] Target: [4] train MAE: 0.41476, Time: 2.88s
Epoch: [18][0/10] 	 loss: 0.41579, MAE: 0.60665, time/step=83ms, lr=4.90e-04
Epoch: [18][9/10] 	 loss: 0.31652, MAE: 0.46181, time/step=261ms, lr=4.90e-04
Epoch: [18] Target: [4] train MAE: 0.46181, Time: 2.83s
Epoch: [19][0/10] 	 loss: 0.31887, MAE: 0.46524, time/step=61ms, lr=4.89e-04
Epoch: [19][9/10] 	 loss: 0.26728, MAE: 0.38997, time/step=258ms, lr=4.89e-04
Epoch: [19] Target: [4] train MAE: 0.38997, Time: 2.80s
Epoch: [20][0/10] 	 loss: 0.14834, MAE: 0.21644, time/step=75ms, lr=4.88e-04
Epoch: [20][9/10] 	 loss: 0.20906, MAE: 0.30503, time/step=261ms, lr=4.88e-04
Epoch: [20] Target: [4] train MAE: 0.30503, Time: 2.82s
Epoch: [21][0/10] 	 loss: 0.16416, MAE: 0.23951, time/step=59ms, lr=4.87e-04
Epoch: [21][9/10] 	 loss: 0.16557, MAE: 0.24157, time/step=259ms, lr=4.87e-04
Epoch: [21] Target: [4] train MAE: 0.24157, Time: 2.80s
Epoch: [22][0/10] 	 loss: 0.28397, MAE: 0.41432, time/step=66ms, lr=4.86e-04
Epoch: [22][9/10] 	 loss: 0.19947, MAE: 0.29103, time/step=256ms, lr=4.86e-04
Epoch: [22] Target: [4] train MAE: 0.29103, Time: 2.78s
Epoch: [23][0/10] 	 loss: 0.15401, MAE: 0.22471, time/step=80ms, lr=4.84e-04
Epoch: [23][9/10] 	 loss: 0.17347, MAE: 0.25310, time/step=263ms, lr=4.84e-04
Epoch: [23] Target: [4] train MAE: 0.25310, Time: 2.85s
Epoch: [24][0/10] 	 loss: 0.16432, MAE: 0.23975, time/step=84ms, lr=4.83e-04
Epoch: [24][9/10] 	 loss: 0.16763, MAE: 0.24458, time/step=257ms, lr=4.83e-04
Epoch: [24] Target: [4] train MAE: 0.24458, Time: 2.79s
Epoch: [25][0/10] 	 loss: 0.11541, MAE: 0.16839, time/step=62ms, lr=4.81e-04
Epoch: [25][9/10] 	 loss: 0.18744, MAE: 0.27347, time/step=266ms, lr=4.81e-04
Epoch: [25] Target: [4] train MAE: 0.27347, Time: 2.88s
Epoch: [26][0/10] 	 loss: 0.10508, MAE: 0.15331, time/step=67ms, lr=4.80e-04
Epoch: [26][9/10] 	 loss: 0.15895, MAE: 0.23191, time/step=271ms, lr=4.80e-04
Epoch: [26] Target: [4] train MAE: 0.23191, Time: 2.93s
Epoch: [27][0/10] 	 loss: 0.18118, MAE: 0.26434, time/step=72ms, lr=4.78e-04
Epoch: [27][9/10] 	 loss: 0.20573, MAE: 0.30017, time/step=258ms, lr=4.78e-04
Epoch: [27] Target: [4] train MAE: 0.30017, Time: 2.80s
Epoch: [28][0/10] 	 loss: 0.19850, MAE: 0.28962, time/step=72ms, lr=4.77e-04
Epoch: [28][9/10] 	 loss: 0.18419, MAE: 0.26874, time/step=254ms, lr=4.77e-04
Epoch: [28] Target: [4] train MAE: 0.26874, Time: 2.75s
Epoch: [29][0/10] 	 loss: 0.13150, MAE: 0.19186, time/step=69ms, lr=4.75e-04
Epoch: [29][9/10] 	 loss: 0.14935, MAE: 0.21790, time/step=257ms, lr=4.75e-04
Epoch: [29] Target: [4] train MAE: 0.21790, Time: 2.79s
Epoch: [30][0/10] 	 loss: 0.17209, MAE: 0.25108, time/step=85ms, lr=4.73e-04
Epoch: [30][9/10] 	 loss: 0.15129, MAE: 0.22074, time/step=263ms, lr=4.73e-04
Epoch: [30] Target: [4] train MAE: 0.22074, Time: 2.85s
Epoch: [31][0/10] 	 loss: 0.16547, MAE: 0.24143, time/step=116ms, lr=4.72e-04
Epoch: [31][9/10] 	 loss: 0.13375, MAE: 0.19514, time/step=270ms, lr=4.72e-04
Epoch: [31] Target: [4] train MAE: 0.19514, Time: 2.91s
Epoch: [32][0/10] 	 loss: 0.09189, MAE: 0.13406, time/step=72ms, lr=4.70e-04
Epoch: [32][9/10] 	 loss: 0.11648, MAE: 0.16995, time/step=258ms, lr=4.70e-04
Epoch: [32] Target: [4] train MAE: 0.16995, Time: 2.80s
Epoch: [33][0/10] 	 loss: 0.10853, MAE: 0.15835, time/step=65ms, lr=4.68e-04
Epoch: [33][9/10] 	 loss: 0.11999, MAE: 0.17507, time/step=268ms, lr=4.68e-04
Epoch: [33] Target: [4] train MAE: 0.17507, Time: 2.90s
Epoch: [34][0/10] 	 loss: 0.13461, MAE: 0.19639, time/step=83ms, lr=4.66e-04
Epoch: [34][9/10] 	 loss: 0.13995, MAE: 0.20419, time/step=271ms, lr=4.66e-04
Epoch: [34] Target: [4] train MAE: 0.20419, Time: 2.93s
Epoch: [35][0/10] 	 loss: 0.07662, MAE: 0.11180, time/step=81ms, lr=4.64e-04
Epoch: [35][9/10] 	 loss: 0.11649, MAE: 0.16997, time/step=264ms, lr=4.64e-04
Epoch: [35] Target: [4] train MAE: 0.16997, Time: 2.86s
Epoch: [36][0/10] 	 loss: 0.12998, MAE: 0.18964, time/step=82ms, lr=4.62e-04
Epoch: [36][9/10] 	 loss: 0.12340, MAE: 0.18005, time/step=269ms, lr=4.62e-04
Epoch: [36] Target: [4] train MAE: 0.18005, Time: 2.91s
Epoch: [37][0/10] 	 loss: 0.11954, MAE: 0.17441, time/step=84ms, lr=4.60e-04
Epoch: [37][9/10] 	 loss: 0.13242, MAE: 0.19321, time/step=266ms, lr=4.60e-04
Epoch: [37] Target: [4] train MAE: 0.19321, Time: 2.87s
Epoch: [38][0/10] 	 loss: 0.18527, MAE: 0.27031, time/step=72ms, lr=4.58e-04
Epoch: [38][9/10] 	 loss: 0.12763, MAE: 0.18621, time/step=263ms, lr=4.58e-04
Epoch: [38] Target: [4] train MAE: 0.18621, Time: 2.85s
Epoch: [39][0/10] 	 loss: 0.14152, MAE: 0.20649, time/step=96ms, lr=4.55e-04
Epoch: [39][9/10] 	 loss: 0.14346, MAE: 0.20932, time/step=265ms, lr=4.55e-04
Epoch: [39] Target: [4] train MAE: 0.20932, Time: 2.86s
Epoch: [40][0/10] 	 loss: 0.22161, MAE: 0.32334, time/step=83ms, lr=4.53e-04
Epoch: [40][9/10] 	 loss: 0.13381, MAE: 0.19523, time/step=262ms, lr=4.53e-04
Epoch: [40] Target: [4] train MAE: 0.19523, Time: 2.84s
Epoch: [41][0/10] 	 loss: 0.17280, MAE: 0.25212, time/step=69ms, lr=4.51e-04
Epoch: [41][9/10] 	 loss: 0.13111, MAE: 0.19130, time/step=257ms, lr=4.51e-04
Epoch: [41] Target: [4] train MAE: 0.19130, Time: 2.79s
Epoch: [42][0/10] 	 loss: 0.08396, MAE: 0.12250, time/step=72ms, lr=4.49e-04
Epoch: [42][9/10] 	 loss: 0.11476, MAE: 0.16744, time/step=261ms, lr=4.49e-04
Epoch: [42] Target: [4] train MAE: 0.16744, Time: 2.83s
Epoch: [43][0/10] 	 loss: 0.07375, MAE: 0.10760, time/step=85ms, lr=4.46e-04
Epoch: [43][9/10] 	 loss: 0.13739, MAE: 0.20046, time/step=271ms, lr=4.46e-04
Epoch: [43] Target: [4] train MAE: 0.20046, Time: 2.93s
Epoch: [44][0/10] 	 loss: 0.08607, MAE: 0.12558, time/step=81ms, lr=4.44e-04
Epoch: [44][9/10] 	 loss: 0.12345, MAE: 0.18012, time/step=270ms, lr=4.44e-04
Epoch: [44] Target: [4] train MAE: 0.18012, Time: 2.92s
Epoch: [45][0/10] 	 loss: 0.11695, MAE: 0.17063, time/step=84ms, lr=4.41e-04
Epoch: [45][9/10] 	 loss: 0.10881, MAE: 0.15876, time/step=268ms, lr=4.41e-04
Epoch: [45] Target: [4] train MAE: 0.15876, Time: 2.90s
Epoch: [46][0/10] 	 loss: 0.15353, MAE: 0.22401, time/step=66ms, lr=4.39e-04
Epoch: [46][9/10] 	 loss: 0.11682, MAE: 0.17044, time/step=267ms, lr=4.39e-04
Epoch: [46] Target: [4] train MAE: 0.17044, Time: 2.89s
Epoch: [47][0/10] 	 loss: 0.11754, MAE: 0.17150, time/step=92ms, lr=4.36e-04
Epoch: [47][9/10] 	 loss: 0.12295, MAE: 0.17939, time/step=276ms, lr=4.36e-04
Epoch: [47] Target: [4] train MAE: 0.17939, Time: 2.97s
Epoch: [48][0/10] 	 loss: 0.06735, MAE: 0.09826, time/step=82ms, lr=4.34e-04
Epoch: [48][9/10] 	 loss: 0.08328, MAE: 0.12151, time/step=267ms, lr=4.34e-04
Epoch: [48] Target: [4] train MAE: 0.12151, Time: 2.89s
Epoch: [49][0/10] 	 loss: 0.12596, MAE: 0.18377, time/step=76ms, lr=4.31e-04
Epoch: [49][9/10] 	 loss: 0.12315, MAE: 0.17967, time/step=268ms, lr=4.31e-04
Epoch: [49] Target: [4] train MAE: 0.17967, Time: 2.89s
Epoch: [50][0/10] 	 loss: 0.11101, MAE: 0.16197, time/step=85ms, lr=4.28e-04
Epoch: [50][9/10] 	 loss: 0.15497, MAE: 0.22611, time/step=268ms, lr=4.28e-04
Epoch: [50] Target: [4] train MAE: 0.22611, Time: 2.89s
Epoch: [51][0/10] 	 loss: 0.10999, MAE: 0.16048, time/step=67ms, lr=4.25e-04
Epoch: [51][9/10] 	 loss: 0.14637, MAE: 0.21356, time/step=271ms, lr=4.25e-04
Epoch: [51] Target: [4] train MAE: 0.21356, Time: 2.93s
Epoch: [52][0/10] 	 loss: 0.15169, MAE: 0.22131, time/step=64ms, lr=4.23e-04
Epoch: [52][9/10] 	 loss: 0.16343, MAE: 0.23845, time/step=260ms, lr=4.23e-04
Epoch: [52] Target: [4] train MAE: 0.23845, Time: 2.82s
Epoch: [53][0/10] 	 loss: 0.11581, MAE: 0.16898, time/step=79ms, lr=4.20e-04
Epoch: [53][9/10] 	 loss: 0.14868, MAE: 0.21692, time/step=259ms, lr=4.20e-04
Epoch: [53] Target: [4] train MAE: 0.21692, Time: 2.80s
Epoch: [54][0/10] 	 loss: 0.12615, MAE: 0.18405, time/step=70ms, lr=4.17e-04
Epoch: [54][9/10] 	 loss: 0.14297, MAE: 0.20860, time/step=248ms, lr=4.17e-04
Epoch: [54] Target: [4] train MAE: 0.20860, Time: 2.69s
Epoch: [55][0/10] 	 loss: 0.08228, MAE: 0.12005, time/step=62ms, lr=4.14e-04
Epoch: [55][9/10] 	 loss: 0.13512, MAE: 0.19715, time/step=269ms, lr=4.14e-04
Epoch: [55] Target: [4] train MAE: 0.19715, Time: 2.90s
Epoch: [56][0/10] 	 loss: 0.25523, MAE: 0.37238, time/step=68ms, lr=4.11e-04
Epoch: [56][9/10] 	 loss: 0.15367, MAE: 0.22420, time/step=263ms, lr=4.11e-04
Epoch: [56] Target: [4] train MAE: 0.22420, Time: 2.85s
Epoch: [57][0/10] 	 loss: 0.10735, MAE: 0.15663, time/step=71ms, lr=4.08e-04
Epoch: [57][9/10] 	 loss: 0.10821, MAE: 0.15788, time/step=272ms, lr=4.08e-04
Epoch: [57] Target: [4] train MAE: 0.15788, Time: 2.94s
Best -- epoch=48, train MAE: 0.12151.

Laplace Layer Parameters: 2071
Laplace fitted. Time taken: 49.09
Prior precision optimised. Time: 51.32

Evaluating model.
Preparing calibration plot.

R2 Score: 0.5370876789093018
Mean Absolute Error: 0.7012419104576111
Training complete.

Incumbent: [11.37].
Querying Batch: [0]. Time: 0.07s.
slurmstepd: error: *** JOB 12851326 ON gpu135 CANCELLED AT 2024-07-04T18:47:50 ***
