Thu Jul 4 17:28:41 EDT 2024: Job 12850892 is allocated resources.
Inside slurm_launcher.slrm (/var/spool/slurmd/job12850892/slurm_script). received arguments: main.py --output-dir results/models/laplace --model-name equiformer_v2 --data-path datasets/qm9 --model-type Laplace --epochs 200 --iterations 30 --seed 0
Namespace(output_dir='results/models/laplace', model_name='equiformer_v2', model_type='Laplace', input_irreps=None, radius=5.0, num_basis=32, output_channels=1, epochs=200, iterations=30, batch_size=64, model_ema=True, model_ema_decay=0.9999, model_ema_force_cpu=False, drop_path_rate=0.1, patience=50, opt='adamw', opt_eps=1e-08, opt_betas=None, clip_grad=None, momentum=0.9, weight_decay=0.01, sched='cosine', lr=0.0005, lr_noise=None, lr_noise_pct=0.67, lr_noise_std=1.0, warmup_lr=1e-06, min_lr=1e-05, decay_epochs=30, warmup_epochs=5, cooldown_epochs=10, patience_epochs=10, decay_rate=0.1, print_freq=100, target=4, data_path='datasets/qm9', feature_type='one_hot', compute_stats=False, standardize=True, loss='l1', seed=0, workers=4, pin_mem=True, amp=False, prototyping=True, noise_sigma=0.02, denoising_coef=0.1, denoising_prob=0.5, corrupt_ratio=0.125)
wandb: Currently logged in as: andresguzco. Use `wandb login --relogin` to force relogin
wandb: wandb version 0.17.4 is available!  To upgrade, please run:
wandb:  $ pip install wandb --upgrade
wandb: Tracking run with wandb version 0.17.0
wandb: Run data is saved locally in /fs01/home/aguzmanc/3D_Bayes/wandb/run-20240704_172849-smvd4j75
wandb: Run `wandb offline` to turn off syncing.
wandb: Syncing run Laplace
wandb: ⭐️ View project at https://wandb.ai/andresguzco/3D_Bayes
wandb: 🚀 View run at https://wandb.ai/andresguzco/3D_Bayes/runs/smvd4j75
Training set mean: 6.820860385894775, std:1.4590328931808472
EquiformerV2(
  (sphere_embedding): Embedding(90, 128)
  (distance_expansion): GaussianSmearing()
  (SO3_rotation): ModuleList(
    (0): SO3_Rotation(
      (mapping): CoefficientMappingModule(lmax_list=[4], mmax_list=[4])
    )
  )
  (mappingReduced): CoefficientMappingModule(lmax_list=[4], mmax_list=[2])
  (SO3_grid): (4, 4)
  (edge_degree_embedding): EdgeDegreeEmbedding(
    (SO3_rotation): ModuleList(
      (0): SO3_Rotation(
        (mapping): CoefficientMappingModule(lmax_list=[4], mmax_list=[4])
      )
    )
    (mappingReduced): CoefficientMappingModule(lmax_list=[4], mmax_list=[2])
    (source_embedding): Embedding(90, 64)
    (target_embedding): Embedding(90, 64)
    (rad_func): RadialFunction(
      (net): Sequential(
        (0): Linear(in_features=728, out_features=64, bias=True)
        (1): LayerNorm((64,), eps=1e-05, elementwise_affine=True)
        (2): SiLU()
        (3): Linear(in_features=64, out_features=64, bias=True)
        (4): LayerNorm((64,), eps=1e-05, elementwise_affine=True)
        (5): SiLU()
        (6): Linear(in_features=64, out_features=640, bias=True)
      )
    )
  )
  (blocks): ModuleList(
    (0-1): 2 x TransBlockV2(
      (norm_1): EquivariantRMSNormArraySphericalHarmonicsV2(lmax=4, num_channels=128, eps=1e-05, centering=True, std_balance_degrees=True)
      (ga): SO2EquivariantGraphAttention(
        (SO3_rotation): ModuleList(
          (0): SO3_Rotation(
            (mapping): CoefficientMappingModule(lmax_list=[4], mmax_list=[4])
          )
        )
        (mappingReduced): CoefficientMappingModule(lmax_list=[4], mmax_list=[2])
        (SO3_grid): (4, 4)
        (source_embedding): Embedding(90, 64)
        (target_embedding): Embedding(90, 64)
        (so2_conv_1): SO2_Convolution(
          (mappingReduced): CoefficientMappingModule(lmax_list=[4], mmax_list=[2])
          (fc_m0): Linear(in_features=1280, out_features=896, bias=True)
          (so2_m_conv): ModuleList(
            (0): SO2_m_Convolution(
              (fc): Linear(in_features=1024, out_features=1024, bias=False)
            )
            (1): SO2_m_Convolution(
              (fc): Linear(in_features=768, out_features=768, bias=False)
            )
          )
          (rad_func): RadialFunction(
            (net): Sequential(
              (0): Linear(in_features=728, out_features=64, bias=True)
              (1): LayerNorm((64,), eps=1e-05, elementwise_affine=True)
              (2): SiLU()
              (3): Linear(in_features=64, out_features=64, bias=True)
              (4): LayerNorm((64,), eps=1e-05, elementwise_affine=True)
              (5): SiLU()
              (6): Linear(in_features=64, out_features=3072, bias=True)
            )
          )
        )
        (alpha_norm): LayerNorm((32,), eps=1e-05, elementwise_affine=True)
        (alpha_act): SmoothLeakyReLU(negative_slope=0.2)
        (alpha_dropout): Dropout(p=0.1, inplace=False)
        (s2_act): SeparableS2Activation(
          (scalar_act): SiLU()
          (s2_act): S2Activation(
            (act): SiLU()
          )
        )
        (so2_conv_2): SO2_Convolution(
          (mappingReduced): CoefficientMappingModule(lmax_list=[4], mmax_list=[2])
          (fc_m0): Linear(in_features=640, out_features=320, bias=True)
          (so2_m_conv): ModuleList(
            (0): SO2_m_Convolution(
              (fc): Linear(in_features=512, out_features=512, bias=False)
            )
            (1): SO2_m_Convolution(
              (fc): Linear(in_features=384, out_features=384, bias=False)
            )
          )
        )
        (proj): SO3_LinearV2(in_features=64, out_features=128, lmax=4)
      )
      (drop_path): GraphDropPath(drop_prob=0.05)
      (norm_2): EquivariantRMSNormArraySphericalHarmonicsV2(lmax=4, num_channels=128, eps=1e-05, centering=True, std_balance_degrees=True)
      (ffn): FeedForwardNetwork(
        (SO3_grid): (4, 4)
        (so3_linear_1): SO3_LinearV2(in_features=128, out_features=415, lmax=4)
        (gating_linear): Linear(in_features=128, out_features=415, bias=True)
        (s2_act): SeparableS2Activation(
          (scalar_act): SiLU()
          (s2_act): S2Activation(
            (act): SiLU()
          )
        )
        (so3_linear_2): SO3_LinearV2(in_features=415, out_features=128, lmax=4)
      )
    )
  )
  (norm): EquivariantRMSNormArraySphericalHarmonicsV2(lmax=4, num_channels=128, eps=1e-05, centering=True, std_balance_degrees=True)
  (energy_block): FeedForwardNetwork(
    (SO3_grid): (4, 4)
    (so3_linear_1): SO3_LinearV2(in_features=128, out_features=415, lmax=4)
    (gating_linear): Linear(in_features=128, out_features=415, bias=True)
    (s2_act): SeparableS2Activation(
      (scalar_act): SiLU()
      (s2_act): S2Activation(
        (act): SiLU()
      )
    )
    (so3_linear_2): SO3_LinearV2(in_features=415, out_features=1, lmax=4)
  )
)
Number of params: 9020630
Initiating training.

Starting validation step for early stopping.

Epoch: [0][0/8] 	 loss: 2.28060, MAE: 3.32747, time/step=724ms, lr=1.00e-06
Epoch: [0][7/8] 	 loss: 2.12562, MAE: 3.10135, time/step=363ms, lr=1.00e-06
Epoch: [0] Target: [4] train MAE: 3.10135, val MAE: 2.92280, Time: 3.57s
Epoch: [1][0/8] 	 loss: 1.88287, MAE: 2.74717, time/step=79ms, lr=1.01e-04
Epoch: [1][7/8] 	 loss: 1.65239, MAE: 2.41089, time/step=277ms, lr=1.01e-04
Epoch: [1] Target: [4] train MAE: 2.41089, val MAE: 3.20999, Time: 2.89s
Epoch: [2][0/8] 	 loss: 2.66659, MAE: 3.89064, time/step=101ms, lr=2.01e-04
Epoch: [2][7/8] 	 loss: 1.23125, MAE: 1.79643, time/step=272ms, lr=2.01e-04
Epoch: [2] Target: [4] train MAE: 1.79643, val MAE: 1.59857, Time: 2.87s
Epoch: [3][0/8] 	 loss: 1.13195, MAE: 1.65155, time/step=84ms, lr=3.00e-04
Epoch: [3][7/8] 	 loss: 0.88899, MAE: 1.29706, time/step=268ms, lr=3.00e-04
Epoch: [3] Target: [4] train MAE: 1.29706, val MAE: 1.51642, Time: 2.83s
Epoch: [4][0/8] 	 loss: 1.41009, MAE: 2.05737, time/step=98ms, lr=4.00e-04
Epoch: [4][7/8] 	 loss: 0.83611, MAE: 1.21992, time/step=273ms, lr=4.00e-04
Epoch: [4] Target: [4] train MAE: 1.21992, val MAE: 1.08209, Time: 2.86s
Epoch: [5][0/8] 	 loss: 0.57962, MAE: 0.84569, time/step=89ms, lr=4.99e-04
Epoch: [5][7/8] 	 loss: 0.71662, MAE: 1.04557, time/step=265ms, lr=4.99e-04
Epoch: [5] Target: [4] train MAE: 1.04557, val MAE: 0.86723, Time: 2.79s
Epoch: [6][0/8] 	 loss: 0.82318, MAE: 1.20105, time/step=81ms, lr=4.99e-04
Epoch: [6][7/8] 	 loss: 0.65078, MAE: 0.94950, time/step=275ms, lr=4.99e-04
Epoch: [6] Target: [4] train MAE: 0.94950, val MAE: 0.92286, Time: 2.89s
Epoch: [7][0/8] 	 loss: 0.57503, MAE: 0.83898, time/step=87ms, lr=4.99e-04
Epoch: [7][7/8] 	 loss: 0.58061, MAE: 0.84712, time/step=270ms, lr=4.99e-04
Epoch: [7] Target: [4] train MAE: 0.84712, val MAE: 0.77553, Time: 2.85s
Epoch: [8][0/8] 	 loss: 0.47057, MAE: 0.68658, time/step=85ms, lr=4.98e-04
Epoch: [8][7/8] 	 loss: 0.51872, MAE: 0.75682, time/step=274ms, lr=4.98e-04
Epoch: [8] Target: [4] train MAE: 0.75682, val MAE: 0.74836, Time: 2.90s
Epoch: [9][0/8] 	 loss: 0.70953, MAE: 1.03523, time/step=83ms, lr=4.98e-04
Epoch: [9][7/8] 	 loss: 0.60528, MAE: 0.88313, time/step=267ms, lr=4.98e-04
Epoch: [9] Target: [4] train MAE: 0.88313, val MAE: 0.93268, Time: 2.82s
Epoch: [10][0/8] 	 loss: 0.47926, MAE: 0.69926, time/step=78ms, lr=4.97e-04
Epoch: [10][7/8] 	 loss: 0.50413, MAE: 0.73554, time/step=268ms, lr=4.97e-04
Epoch: [10] Target: [4] train MAE: 0.73554, val MAE: 0.84495, Time: 2.82s
Epoch: [11][0/8] 	 loss: 0.87062, MAE: 1.27026, time/step=81ms, lr=4.96e-04
Epoch: [11][7/8] 	 loss: 0.47725, MAE: 0.69633, time/step=267ms, lr=4.96e-04
Epoch: [11] Target: [4] train MAE: 0.69633, val MAE: 0.72097, Time: 2.83s
Epoch: [12][0/8] 	 loss: 0.32614, MAE: 0.47585, time/step=85ms, lr=4.96e-04
Epoch: [12][7/8] 	 loss: 0.31646, MAE: 0.46172, time/step=275ms, lr=4.96e-04
Epoch: [12] Target: [4] train MAE: 0.46172, val MAE: 1.03386, Time: 2.89s
Epoch: [13][0/8] 	 loss: 0.40812, MAE: 0.59546, time/step=83ms, lr=4.95e-04
Epoch: [13][7/8] 	 loss: 0.34823, MAE: 0.50808, time/step=275ms, lr=4.95e-04
Epoch: [13] Target: [4] train MAE: 0.50808, val MAE: 0.79307, Time: 2.89s
Epoch: [14][0/8] 	 loss: 0.31253, MAE: 0.45599, time/step=83ms, lr=4.94e-04
Epoch: [14][7/8] 	 loss: 0.32810, MAE: 0.47871, time/step=274ms, lr=4.94e-04
Epoch: [14] Target: [4] train MAE: 0.47871, val MAE: 0.69981, Time: 2.87s
Epoch: [15][0/8] 	 loss: 0.27366, MAE: 0.39928, time/step=81ms, lr=4.93e-04
Epoch: [15][7/8] 	 loss: 0.26184, MAE: 0.38203, time/step=266ms, lr=4.93e-04
Epoch: [15] Target: [4] train MAE: 0.38203, val MAE: 0.63209, Time: 2.80s
Epoch: [16][0/8] 	 loss: 0.24799, MAE: 0.36183, time/step=92ms, lr=4.92e-04
Epoch: [16][7/8] 	 loss: 0.24862, MAE: 0.36275, time/step=267ms, lr=4.92e-04
Epoch: [16] Target: [4] train MAE: 0.36275, val MAE: 0.74585, Time: 2.82s
Epoch: [17][0/8] 	 loss: 0.20094, MAE: 0.29317, time/step=110ms, lr=4.91e-04
Epoch: [17][7/8] 	 loss: 0.26088, MAE: 0.38063, time/step=271ms, lr=4.91e-04
Epoch: [17] Target: [4] train MAE: 0.38063, val MAE: 0.85700, Time: 2.87s
Epoch: [18][0/8] 	 loss: 0.20410, MAE: 0.29779, time/step=99ms, lr=4.90e-04
Epoch: [18][7/8] 	 loss: 0.27660, MAE: 0.40356, time/step=291ms, lr=4.90e-04
Epoch: [18] Target: [4] train MAE: 0.40356, val MAE: 0.78773, Time: 3.05s
Epoch: [19][0/8] 	 loss: 0.31914, MAE: 0.46564, time/step=93ms, lr=4.89e-04
Epoch: [19][7/8] 	 loss: 0.27199, MAE: 0.39685, time/step=282ms, lr=4.89e-04
Epoch: [19] Target: [4] train MAE: 0.39685, val MAE: 0.69302, Time: 2.97s
Epoch: [20][0/8] 	 loss: 0.12187, MAE: 0.17782, time/step=97ms, lr=4.88e-04
Epoch: [20][7/8] 	 loss: 0.21308, MAE: 0.31090, time/step=280ms, lr=4.88e-04
Epoch: [20] Target: [4] train MAE: 0.31090, val MAE: 0.63275, Time: 2.94s
Epoch: [21][0/8] 	 loss: 0.18223, MAE: 0.26588, time/step=82ms, lr=4.87e-04
Epoch: [21][7/8] 	 loss: 0.29815, MAE: 0.43501, time/step=272ms, lr=4.87e-04
Epoch: [21] Target: [4] train MAE: 0.43501, val MAE: 1.07906, Time: 2.86s
Epoch: [22][0/8] 	 loss: 0.33338, MAE: 0.48642, time/step=82ms, lr=4.86e-04
Epoch: [22][7/8] 	 loss: 0.30997, MAE: 0.45225, time/step=281ms, lr=4.86e-04
Epoch: [22] Target: [4] train MAE: 0.45225, val MAE: 0.64123, Time: 2.92s
Epoch: [23][0/8] 	 loss: 0.30482, MAE: 0.44474, time/step=97ms, lr=4.84e-04
Epoch: [23][7/8] 	 loss: 0.30583, MAE: 0.44621, time/step=277ms, lr=4.84e-04
Epoch: [23] Target: [4] train MAE: 0.44621, val MAE: 0.88005, Time: 2.91s
Epoch: [24][0/8] 	 loss: 0.31597, MAE: 0.46100, time/step=93ms, lr=4.83e-04
Epoch: [24][7/8] 	 loss: 0.28051, MAE: 0.40927, time/step=276ms, lr=4.83e-04
Epoch: [24] Target: [4] train MAE: 0.40927, val MAE: 0.81117, Time: 2.89s
Epoch: [25][0/8] 	 loss: 0.15781, MAE: 0.23025, time/step=78ms, lr=4.81e-04
Epoch: [25][7/8] 	 loss: 0.23610, MAE: 0.34447, time/step=271ms, lr=4.81e-04
Epoch: [25] Target: [4] train MAE: 0.34447, val MAE: 0.67373, Time: 2.86s
Epoch: [26][0/8] 	 loss: 0.21031, MAE: 0.30686, time/step=91ms, lr=4.80e-04
Epoch: [26][7/8] 	 loss: 0.19414, MAE: 0.28325, time/step=281ms, lr=4.80e-04
Epoch: [26] Target: [4] train MAE: 0.28325, val MAE: 0.89754, Time: 2.93s
Epoch: [27][0/8] 	 loss: 0.18710, MAE: 0.27298, time/step=89ms, lr=4.78e-04
Epoch: [27][7/8] 	 loss: 0.17781, MAE: 0.25943, time/step=275ms, lr=4.78e-04
Epoch: [27] Target: [4] train MAE: 0.25943, val MAE: 0.86342, Time: 2.88s
Epoch: [28][0/8] 	 loss: 0.24076, MAE: 0.35127, time/step=112ms, lr=4.77e-04
Epoch: [28][7/8] 	 loss: 0.16133, MAE: 0.23539, time/step=274ms, lr=4.77e-04
Epoch: [28] Target: [4] train MAE: 0.23539, val MAE: 0.79620, Time: 2.88s
Epoch: [29][0/8] 	 loss: 0.08726, MAE: 0.12732, time/step=85ms, lr=4.75e-04
Epoch: [29][7/8] 	 loss: 0.14039, MAE: 0.20483, time/step=281ms, lr=4.75e-04
Epoch: [29] Target: [4] train MAE: 0.20483, val MAE: 0.72520, Time: 2.94s
Epoch: [30][0/8] 	 loss: 0.24221, MAE: 0.35340, time/step=92ms, lr=4.73e-04
Epoch: [30][7/8] 	 loss: 0.15692, MAE: 0.22896, time/step=282ms, lr=4.73e-04
Epoch: [30] Target: [4] train MAE: 0.22896, val MAE: 0.71773, Time: 2.93s
Epoch: [31][0/8] 	 loss: 0.16622, MAE: 0.24252, time/step=99ms, lr=4.72e-04
Epoch: [31][7/8] 	 loss: 0.18005, MAE: 0.26271, time/step=279ms, lr=4.72e-04
Epoch: [31] Target: [4] train MAE: 0.26271, val MAE: 0.77021, Time: 2.92s
Epoch: [32][0/8] 	 loss: 0.06199, MAE: 0.09045, time/step=99ms, lr=4.70e-04
Epoch: [32][7/8] 	 loss: 0.12660, MAE: 0.18471, time/step=279ms, lr=4.70e-04
Epoch: [32] Target: [4] train MAE: 0.18471, val MAE: 0.89461, Time: 2.92s
Epoch: [33][0/8] 	 loss: 0.20008, MAE: 0.29193, time/step=113ms, lr=4.68e-04
Epoch: [33][7/8] 	 loss: 0.15256, MAE: 0.22259, time/step=281ms, lr=4.68e-04
Epoch: [33] Target: [4] train MAE: 0.22259, val MAE: 0.67214, Time: 2.93s
Epoch: [34][0/8] 	 loss: 0.08756, MAE: 0.12776, time/step=91ms, lr=4.66e-04
Epoch: [34][7/8] 	 loss: 0.15005, MAE: 0.21893, time/step=277ms, lr=4.66e-04
Epoch: [34] Target: [4] train MAE: 0.21893, val MAE: 0.67908, Time: 2.91s
Epoch: [35][0/8] 	 loss: 0.08901, MAE: 0.12987, time/step=83ms, lr=4.64e-04
Epoch: [35][7/8] 	 loss: 0.15046, MAE: 0.21953, time/step=278ms, lr=4.64e-04
Epoch: [35] Target: [4] train MAE: 0.21953, val MAE: 0.69385, Time: 2.92s
Epoch: [36][0/8] 	 loss: 0.11202, MAE: 0.16345, time/step=94ms, lr=4.62e-04
Epoch: [36][7/8] 	 loss: 0.17752, MAE: 0.25900, time/step=281ms, lr=4.62e-04
Epoch: [36] Target: [4] train MAE: 0.25900, val MAE: 0.70922, Time: 2.95s
Epoch: [37][0/8] 	 loss: 0.06896, MAE: 0.10062, time/step=98ms, lr=4.60e-04
Epoch: [37][7/8] 	 loss: 0.11847, MAE: 0.17285, time/step=279ms, lr=4.60e-04
Epoch: [37] Target: [4] train MAE: 0.17285, val MAE: 0.82800, Time: 2.91s
Epoch: [38][0/8] 	 loss: 0.17982, MAE: 0.26236, time/step=113ms, lr=4.58e-04
Epoch: [38][7/8] 	 loss: 0.14327, MAE: 0.20904, time/step=278ms, lr=4.58e-04
Epoch: [38] Target: [4] train MAE: 0.20904, val MAE: 0.62008, Time: 2.93s
Epoch: [39][0/8] 	 loss: 0.13199, MAE: 0.19258, time/step=79ms, lr=4.55e-04
Epoch: [39][7/8] 	 loss: 0.14152, MAE: 0.20648, time/step=281ms, lr=4.55e-04
Epoch: [39] Target: [4] train MAE: 0.20648, val MAE: 0.80341, Time: 2.93s
Epoch: [40][0/8] 	 loss: 0.13808, MAE: 0.20147, time/step=90ms, lr=4.53e-04
Epoch: [40][7/8] 	 loss: 0.12962, MAE: 0.18911, time/step=268ms, lr=4.53e-04
Epoch: [40] Target: [4] train MAE: 0.18911, val MAE: 0.69247, Time: 2.83s
Epoch: [41][0/8] 	 loss: 0.12005, MAE: 0.17516, time/step=86ms, lr=4.51e-04
Epoch: [41][7/8] 	 loss: 0.11211, MAE: 0.16358, time/step=269ms, lr=4.51e-04
Epoch: [41] Target: [4] train MAE: 0.16358, val MAE: 0.72279, Time: 2.83s
Epoch: [42][0/8] 	 loss: 0.15698, MAE: 0.22905, time/step=90ms, lr=4.49e-04
Epoch: [42][7/8] 	 loss: 0.10678, MAE: 0.15580, time/step=276ms, lr=4.49e-04
Epoch: [42] Target: [4] train MAE: 0.15580, val MAE: 0.55243, Time: 2.89s
Epoch: [43][0/8] 	 loss: 0.19986, MAE: 0.29160, time/step=82ms, lr=4.46e-04
Epoch: [43][7/8] 	 loss: 0.15704, MAE: 0.22913, time/step=282ms, lr=4.46e-04
Epoch: [43] Target: [4] train MAE: 0.22913, val MAE: 0.71229, Time: 2.96s
Epoch: [44][0/8] 	 loss: 0.06524, MAE: 0.09519, time/step=101ms, lr=4.44e-04
Epoch: [44][7/8] 	 loss: 0.13581, MAE: 0.19816, time/step=282ms, lr=4.44e-04
Epoch: [44] Target: [4] train MAE: 0.19816, val MAE: 0.85027, Time: 2.96s
Epoch: [45][0/8] 	 loss: 0.18456, MAE: 0.26927, time/step=109ms, lr=4.41e-04
Epoch: [45][7/8] 	 loss: 0.15843, MAE: 0.23116, time/step=281ms, lr=4.41e-04
Epoch: [45] Target: [4] train MAE: 0.23116, val MAE: 0.68804, Time: 2.93s
Epoch: [46][0/8] 	 loss: 0.15113, MAE: 0.22050, time/step=94ms, lr=4.39e-04
Epoch: [46][7/8] 	 loss: 0.11948, MAE: 0.17433, time/step=288ms, lr=4.39e-04
Epoch: [46] Target: [4] train MAE: 0.17433, val MAE: 0.68756, Time: 3.00s
Epoch: [47][0/8] 	 loss: 0.24027, MAE: 0.35056, time/step=81ms, lr=4.36e-04
Epoch: [47][7/8] 	 loss: 0.13735, MAE: 0.20040, time/step=281ms, lr=4.36e-04
Epoch: [47] Target: [4] train MAE: 0.20040, val MAE: 0.64562, Time: 2.97s
Epoch: [48][0/8] 	 loss: 0.08653, MAE: 0.12625, time/step=97ms, lr=4.34e-04
Epoch: [48][7/8] 	 loss: 0.11243, MAE: 0.16404, time/step=284ms, lr=4.34e-04
Epoch: [48] Target: [4] train MAE: 0.16404, val MAE: 0.77518, Time: 2.96s
Epoch: [49][0/8] 	 loss: 0.14951, MAE: 0.21813, time/step=96ms, lr=4.31e-04
Epoch: [49][7/8] 	 loss: 0.12603, MAE: 0.18389, time/step=278ms, lr=4.31e-04
Epoch: [49] Target: [4] train MAE: 0.18389, val MAE: 0.70059, Time: 2.92s
Epoch: [50][0/8] 	 loss: 0.27390, MAE: 0.39963, time/step=113ms, lr=4.28e-04
Epoch: [50][7/8] 	 loss: 0.14487, MAE: 0.21137, time/step=279ms, lr=4.28e-04
Epoch: [50] Target: [4] train MAE: 0.21137, val MAE: 0.72002, Time: 2.92s
Epoch: [51][0/8] 	 loss: 0.09602, MAE: 0.14009, time/step=91ms, lr=4.25e-04
Epoch: [51][7/8] 	 loss: 0.10004, MAE: 0.14597, time/step=283ms, lr=4.25e-04
Epoch: [51] Target: [4] train MAE: 0.14597, val MAE: 0.72377, Time: 2.95s
Epoch: [52][0/8] 	 loss: 0.09334, MAE: 0.13618, time/step=85ms, lr=4.23e-04
Epoch: [52][7/8] 	 loss: 0.10732, MAE: 0.15658, time/step=283ms, lr=4.23e-04
Epoch: [52] Target: [4] train MAE: 0.15658, val MAE: 0.69251, Time: 2.95s
Epoch: [53][0/8] 	 loss: 0.12831, MAE: 0.18721, time/step=93ms, lr=4.20e-04
Epoch: [53][7/8] 	 loss: 0.11107, MAE: 0.16206, time/step=285ms, lr=4.20e-04
Epoch: [53] Target: [4] train MAE: 0.16206, val MAE: 0.66939, Time: 2.98s
Epoch: [54][0/8] 	 loss: 0.07397, MAE: 0.10793, time/step=90ms, lr=4.17e-04
Epoch: [54][7/8] 	 loss: 0.10323, MAE: 0.15061, time/step=282ms, lr=4.17e-04
Epoch: [54] Target: [4] train MAE: 0.15061, val MAE: 0.75219, Time: 2.96s
Epoch: [55][0/8] 	 loss: 0.09160, MAE: 0.13365, time/step=94ms, lr=4.14e-04
Epoch: [55][7/8] 	 loss: 0.10860, MAE: 0.15846, time/step=279ms, lr=4.14e-04
Epoch: [55] Target: [4] train MAE: 0.15846, val MAE: 0.75492, Time: 2.92s
Epoch: [56][0/8] 	 loss: 0.12566, MAE: 0.18334, time/step=111ms, lr=4.11e-04
Epoch: [56][7/8] 	 loss: 0.09954, MAE: 0.14523, time/step=280ms, lr=4.11e-04
Epoch: [56] Target: [4] train MAE: 0.14523, val MAE: 0.63556, Time: 2.92s
Epoch: [57][0/8] 	 loss: 0.13025, MAE: 0.19004, time/step=90ms, lr=4.08e-04
Epoch: [57][7/8] 	 loss: 0.10241, MAE: 0.14942, time/step=280ms, lr=4.08e-04
Epoch: [57] Target: [4] train MAE: 0.14942, val MAE: 0.64925, Time: 2.92s
Epoch: [58][0/8] 	 loss: 0.09478, MAE: 0.13829, time/step=91ms, lr=4.05e-04
Epoch: [58][7/8] 	 loss: 0.10947, MAE: 0.15972, time/step=285ms, lr=4.05e-04
Epoch: [58] Target: [4] train MAE: 0.15972, val MAE: 0.73222, Time: 2.97s
Epoch: [59][0/8] 	 loss: 0.10720, MAE: 0.15641, time/step=157ms, lr=4.02e-04
Epoch: [59][7/8] 	 loss: 0.07723, MAE: 0.11268, time/step=287ms, lr=4.02e-04
Epoch: [59] Target: [4] train MAE: 0.11268, val MAE: 0.69748, Time: 3.01s
Epoch: [60][0/8] 	 loss: 0.09536, MAE: 0.13914, time/step=90ms, lr=3.99e-04
Epoch: [60][7/8] 	 loss: 0.06858, MAE: 0.10006, time/step=275ms, lr=3.99e-04
Epoch: [60] Target: [4] train MAE: 0.10006, val MAE: 0.69396, Time: 2.88s
Epoch: [61][0/8] 	 loss: 0.09260, MAE: 0.13510, time/step=88ms, lr=3.96e-04
Epoch: [61][7/8] 	 loss: 0.08774, MAE: 0.12802, time/step=281ms, lr=3.96e-04
Epoch: [61] Target: [4] train MAE: 0.12802, val MAE: 0.71094, Time: 2.94s
Early stopping at Epoch: [61/200].

Best -- epoch=42, train MAE: 0.15580, val MAE: 0.55243.

Early stopping computation complete.

Epoch: [0][0/10] 	 loss: 2.58799, MAE: 3.77596, time/step=92ms, lr=1.00e-06
Epoch: [0][9/10] 	 loss: 2.53371, MAE: 3.69677, time/step=282ms, lr=1.00e-06
Epoch: [0] Target: [4] train MAE: 3.69677, Time: 3.04s
Epoch: [1][0/10] 	 loss: 2.74568, MAE: 4.00604, time/step=85ms, lr=1.01e-04
Epoch: [1][9/10] 	 loss: 1.68165, MAE: 2.45358, time/step=282ms, lr=1.01e-04
Epoch: [1] Target: [4] train MAE: 2.45358, Time: 3.04s
Epoch: [2][0/10] 	 loss: 1.47879, MAE: 2.15760, time/step=97ms, lr=2.01e-04
Epoch: [2][9/10] 	 loss: 1.01341, MAE: 1.47859, time/step=284ms, lr=2.01e-04
Epoch: [2] Target: [4] train MAE: 1.47859, Time: 3.05s
Epoch: [3][0/10] 	 loss: 0.73650, MAE: 1.07457, time/step=87ms, lr=3.00e-04
Epoch: [3][9/10] 	 loss: 0.87084, MAE: 1.27058, time/step=276ms, lr=3.00e-04
Epoch: [3] Target: [4] train MAE: 1.27058, Time: 2.98s
Epoch: [4][0/10] 	 loss: 0.63199, MAE: 0.92209, time/step=83ms, lr=4.00e-04
Epoch: [4][9/10] 	 loss: 0.81093, MAE: 1.18318, time/step=288ms, lr=4.00e-04
Epoch: [4] Target: [4] train MAE: 1.18318, Time: 3.10s
Epoch: [5][0/10] 	 loss: 0.34995, MAE: 0.51059, time/step=89ms, lr=4.99e-04
Epoch: [5][9/10] 	 loss: 0.74224, MAE: 1.08296, time/step=283ms, lr=4.99e-04
Epoch: [5] Target: [4] train MAE: 1.08296, Time: 3.04s
Epoch: [6][0/10] 	 loss: 1.14670, MAE: 1.67307, time/step=99ms, lr=4.99e-04
Epoch: [6][9/10] 	 loss: 0.73056, MAE: 1.06591, time/step=282ms, lr=4.99e-04
Epoch: [6] Target: [4] train MAE: 1.06591, Time: 3.04s
Epoch: [7][0/10] 	 loss: 0.97924, MAE: 1.42874, time/step=90ms, lr=4.99e-04
Epoch: [7][9/10] 	 loss: 0.64886, MAE: 0.94671, time/step=284ms, lr=4.99e-04
Epoch: [7] Target: [4] train MAE: 0.94671, Time: 3.05s
Epoch: [8][0/10] 	 loss: 0.57968, MAE: 0.84577, time/step=87ms, lr=4.98e-04
Epoch: [8][9/10] 	 loss: 0.62123, MAE: 0.90639, time/step=282ms, lr=4.98e-04
Epoch: [8] Target: [4] train MAE: 0.90639, Time: 3.04s
Epoch: [9][0/10] 	 loss: 0.48118, MAE: 0.70205, time/step=91ms, lr=4.98e-04
Epoch: [9][9/10] 	 loss: 0.53177, MAE: 0.77588, time/step=284ms, lr=4.98e-04
Epoch: [9] Target: [4] train MAE: 0.77588, Time: 3.06s
Epoch: [10][0/10] 	 loss: 0.41887, MAE: 0.61115, time/step=98ms, lr=4.97e-04
Epoch: [10][9/10] 	 loss: 0.42641, MAE: 0.62215, time/step=287ms, lr=4.97e-04
Epoch: [10] Target: [4] train MAE: 0.62215, Time: 3.10s
Epoch: [11][0/10] 	 loss: 0.44085, MAE: 0.64322, time/step=92ms, lr=4.96e-04
Epoch: [11][9/10] 	 loss: 0.46570, MAE: 0.67948, time/step=284ms, lr=4.96e-04
Epoch: [11] Target: [4] train MAE: 0.67948, Time: 3.05s
Epoch: [12][0/10] 	 loss: 0.46341, MAE: 0.67613, time/step=85ms, lr=4.96e-04
Epoch: [12][9/10] 	 loss: 0.50793, MAE: 0.74108, time/step=290ms, lr=4.96e-04
Epoch: [12] Target: [4] train MAE: 0.74108, Time: 3.12s
Epoch: [13][0/10] 	 loss: 0.47729, MAE: 0.69639, time/step=93ms, lr=4.95e-04
Epoch: [13][9/10] 	 loss: 0.38311, MAE: 0.55897, time/step=282ms, lr=4.95e-04
Epoch: [13] Target: [4] train MAE: 0.55897, Time: 3.04s
Epoch: [14][0/10] 	 loss: 0.48688, MAE: 0.71038, time/step=92ms, lr=4.94e-04
Epoch: [14][9/10] 	 loss: 0.36323, MAE: 0.52996, time/step=275ms, lr=4.94e-04
Epoch: [14] Target: [4] train MAE: 0.52996, Time: 2.97s
Epoch: [15][0/10] 	 loss: 0.33404, MAE: 0.48737, time/step=85ms, lr=4.93e-04
Epoch: [15][9/10] 	 loss: 0.26364, MAE: 0.38466, time/step=284ms, lr=4.93e-04
Epoch: [15] Target: [4] train MAE: 0.38466, Time: 3.05s
Epoch: [16][0/10] 	 loss: 0.30884, MAE: 0.45060, time/step=88ms, lr=4.92e-04
Epoch: [16][9/10] 	 loss: 0.27115, MAE: 0.39562, time/step=289ms, lr=4.92e-04
Epoch: [16] Target: [4] train MAE: 0.39562, Time: 3.11s
Epoch: [17][0/10] 	 loss: 0.26199, MAE: 0.38226, time/step=85ms, lr=4.91e-04
Epoch: [17][9/10] 	 loss: 0.23072, MAE: 0.33664, time/step=286ms, lr=4.91e-04
Epoch: [17] Target: [4] train MAE: 0.33664, Time: 3.08s
Epoch: [18][0/10] 	 loss: 0.09669, MAE: 0.14107, time/step=102ms, lr=4.90e-04
Epoch: [18][9/10] 	 loss: 0.21172, MAE: 0.30891, time/step=283ms, lr=4.90e-04
Epoch: [18] Target: [4] train MAE: 0.30891, Time: 3.05s
Epoch: [19][0/10] 	 loss: 0.32371, MAE: 0.47231, time/step=95ms, lr=4.89e-04
Epoch: [19][9/10] 	 loss: 0.26563, MAE: 0.38757, time/step=281ms, lr=4.89e-04
Epoch: [19] Target: [4] train MAE: 0.38757, Time: 3.02s
Epoch: [20][0/10] 	 loss: 0.25429, MAE: 0.37102, time/step=81ms, lr=4.88e-04
Epoch: [20][9/10] 	 loss: 0.30494, MAE: 0.44492, time/step=280ms, lr=4.88e-04
Epoch: [20] Target: [4] train MAE: 0.44492, Time: 3.02s
Epoch: [21][0/10] 	 loss: 0.18616, MAE: 0.27161, time/step=99ms, lr=4.87e-04
Epoch: [21][9/10] 	 loss: 0.22520, MAE: 0.32857, time/step=283ms, lr=4.87e-04
Epoch: [21] Target: [4] train MAE: 0.32857, Time: 3.04s
Epoch: [22][0/10] 	 loss: 0.13340, MAE: 0.19464, time/step=87ms, lr=4.86e-04
Epoch: [22][9/10] 	 loss: 0.20914, MAE: 0.30514, time/step=275ms, lr=4.86e-04
Epoch: [22] Target: [4] train MAE: 0.30514, Time: 2.97s
Epoch: [23][0/10] 	 loss: 0.24540, MAE: 0.35805, time/step=78ms, lr=4.84e-04
Epoch: [23][9/10] 	 loss: 0.25672, MAE: 0.37456, time/step=275ms, lr=4.84e-04
Epoch: [23] Target: [4] train MAE: 0.37456, Time: 2.97s
Epoch: [24][0/10] 	 loss: 0.30577, MAE: 0.44612, time/step=84ms, lr=4.83e-04
Epoch: [24][9/10] 	 loss: 0.28938, MAE: 0.42222, time/step=278ms, lr=4.83e-04
Epoch: [24] Target: [4] train MAE: 0.42222, Time: 2.99s
Epoch: [25][0/10] 	 loss: 0.17513, MAE: 0.25552, time/step=96ms, lr=4.81e-04
Epoch: [25][9/10] 	 loss: 0.21481, MAE: 0.31342, time/step=281ms, lr=4.81e-04
Epoch: [25] Target: [4] train MAE: 0.31342, Time: 3.02s
Epoch: [26][0/10] 	 loss: 0.31626, MAE: 0.46143, time/step=96ms, lr=4.80e-04
Epoch: [26][9/10] 	 loss: 0.23752, MAE: 0.34656, time/step=285ms, lr=4.80e-04
Epoch: [26] Target: [4] train MAE: 0.34656, Time: 3.08s
Epoch: [27][0/10] 	 loss: 0.11647, MAE: 0.16994, time/step=91ms, lr=4.78e-04
Epoch: [27][9/10] 	 loss: 0.18221, MAE: 0.26584, time/step=279ms, lr=4.78e-04
Epoch: [27] Target: [4] train MAE: 0.26584, Time: 3.01s
Epoch: [28][0/10] 	 loss: 0.10442, MAE: 0.15235, time/step=98ms, lr=4.77e-04
Epoch: [28][9/10] 	 loss: 0.19159, MAE: 0.27953, time/step=288ms, lr=4.77e-04
Epoch: [28] Target: [4] train MAE: 0.27953, Time: 3.09s
Epoch: [29][0/10] 	 loss: 0.11130, MAE: 0.16239, time/step=87ms, lr=4.75e-04
Epoch: [29][9/10] 	 loss: 0.16644, MAE: 0.24284, time/step=280ms, lr=4.75e-04
Epoch: [29] Target: [4] train MAE: 0.24284, Time: 3.02s
Epoch: [30][0/10] 	 loss: 0.17565, MAE: 0.25628, time/step=100ms, lr=4.73e-04
Epoch: [30][9/10] 	 loss: 0.17547, MAE: 0.25602, time/step=281ms, lr=4.73e-04
Epoch: [30] Target: [4] train MAE: 0.25602, Time: 3.02s
Epoch: [31][0/10] 	 loss: 0.16137, MAE: 0.23545, time/step=90ms, lr=4.72e-04
Epoch: [31][9/10] 	 loss: 0.15244, MAE: 0.22241, time/step=287ms, lr=4.72e-04
Epoch: [31] Target: [4] train MAE: 0.22241, Time: 3.08s
Epoch: [32][0/10] 	 loss: 0.15632, MAE: 0.22807, time/step=91ms, lr=4.70e-04
Epoch: [32][9/10] 	 loss: 0.15281, MAE: 0.22295, time/step=286ms, lr=4.70e-04
Epoch: [32] Target: [4] train MAE: 0.22295, Time: 3.09s
Epoch: [33][0/10] 	 loss: 0.12571, MAE: 0.18342, time/step=95ms, lr=4.68e-04
Epoch: [33][9/10] 	 loss: 0.15345, MAE: 0.22388, time/step=287ms, lr=4.68e-04
Epoch: [33] Target: [4] train MAE: 0.22388, Time: 3.08s
Epoch: [34][0/10] 	 loss: 0.12105, MAE: 0.17662, time/step=95ms, lr=4.66e-04
Epoch: [34][9/10] 	 loss: 0.16253, MAE: 0.23714, time/step=287ms, lr=4.66e-04
Epoch: [34] Target: [4] train MAE: 0.23714, Time: 3.08s
Epoch: [35][0/10] 	 loss: 0.17841, MAE: 0.26030, time/step=94ms, lr=4.64e-04
Epoch: [35][9/10] 	 loss: 0.17083, MAE: 0.24925, time/step=288ms, lr=4.64e-04
Epoch: [35] Target: [4] train MAE: 0.24925, Time: 3.10s
Epoch: [36][0/10] 	 loss: 0.14835, MAE: 0.21645, time/step=97ms, lr=4.62e-04
Epoch: [36][9/10] 	 loss: 0.16310, MAE: 0.23797, time/step=289ms, lr=4.62e-04
Epoch: [36] Target: [4] train MAE: 0.23797, Time: 3.11s
Epoch: [37][0/10] 	 loss: 0.09939, MAE: 0.14501, time/step=105ms, lr=4.60e-04
Epoch: [37][9/10] 	 loss: 0.13250, MAE: 0.19333, time/step=289ms, lr=4.60e-04
Epoch: [37] Target: [4] train MAE: 0.19333, Time: 3.11s
Epoch: [38][0/10] 	 loss: 0.09756, MAE: 0.14234, time/step=102ms, lr=4.58e-04
Epoch: [38][9/10] 	 loss: 0.09965, MAE: 0.14539, time/step=288ms, lr=4.58e-04
Epoch: [38] Target: [4] train MAE: 0.14539, Time: 3.10s
Epoch: [39][0/10] 	 loss: 0.12499, MAE: 0.18236, time/step=93ms, lr=4.55e-04
Epoch: [39][9/10] 	 loss: 0.11210, MAE: 0.16356, time/step=285ms, lr=4.55e-04
Epoch: [39] Target: [4] train MAE: 0.16356, Time: 3.06s
Epoch: [40][0/10] 	 loss: 0.09412, MAE: 0.13733, time/step=86ms, lr=4.53e-04
Epoch: [40][9/10] 	 loss: 0.09853, MAE: 0.14377, time/step=281ms, lr=4.53e-04
Epoch: [40] Target: [4] train MAE: 0.14377, Time: 3.03s
Epoch: [41][0/10] 	 loss: 0.17391, MAE: 0.25373, time/step=86ms, lr=4.51e-04
Epoch: [41][9/10] 	 loss: 0.13372, MAE: 0.19510, time/step=285ms, lr=4.51e-04
Epoch: [41] Target: [4] train MAE: 0.19510, Time: 3.06s
Epoch: [42][0/10] 	 loss: 0.12766, MAE: 0.18626, time/step=84ms, lr=4.49e-04
Epoch: [42][9/10] 	 loss: 0.11571, MAE: 0.16882, time/step=278ms, lr=4.49e-04
Epoch: [42] Target: [4] train MAE: 0.16882, Time: 3.00s
Epoch: [43][0/10] 	 loss: 0.11290, MAE: 0.16473, time/step=77ms, lr=4.46e-04
Epoch: [43][9/10] 	 loss: 0.09960, MAE: 0.14532, time/step=278ms, lr=4.46e-04
Epoch: [43] Target: [4] train MAE: 0.14532, Time: 3.00s
Epoch: [44][0/10] 	 loss: 0.06906, MAE: 0.10075, time/step=81ms, lr=4.44e-04
Epoch: [44][9/10] 	 loss: 0.11340, MAE: 0.16546, time/step=275ms, lr=4.44e-04
Epoch: [44] Target: [4] train MAE: 0.16546, Time: 2.97s
Epoch: [45][0/10] 	 loss: 0.19963, MAE: 0.29127, time/step=83ms, lr=4.41e-04
Epoch: [45][9/10] 	 loss: 0.13126, MAE: 0.19151, time/step=287ms, lr=4.41e-04
Epoch: [45] Target: [4] train MAE: 0.19151, Time: 3.09s
Epoch: [46][0/10] 	 loss: 0.08497, MAE: 0.12397, time/step=92ms, lr=4.39e-04
Epoch: [46][9/10] 	 loss: 0.13929, MAE: 0.20323, time/step=285ms, lr=4.39e-04
Epoch: [46] Target: [4] train MAE: 0.20323, Time: 3.07s
Epoch: [47][0/10] 	 loss: 0.13666, MAE: 0.19939, time/step=92ms, lr=4.36e-04
Epoch: [47][9/10] 	 loss: 0.13184, MAE: 0.19235, time/step=284ms, lr=4.36e-04
Epoch: [47] Target: [4] train MAE: 0.19235, Time: 3.06s
Epoch: [48][0/10] 	 loss: 0.17856, MAE: 0.26052, time/step=90ms, lr=4.34e-04
Epoch: [48][9/10] 	 loss: 0.12147, MAE: 0.17723, time/step=282ms, lr=4.34e-04
Epoch: [48] Target: [4] train MAE: 0.17723, Time: 3.03s
Epoch: [49][0/10] 	 loss: 0.07552, MAE: 0.11019, time/step=87ms, lr=4.31e-04
Epoch: [49][9/10] 	 loss: 0.10941, MAE: 0.15964, time/step=278ms, lr=4.31e-04
Epoch: [49] Target: [4] train MAE: 0.15964, Time: 3.00s
Epoch: [50][0/10] 	 loss: 0.07504, MAE: 0.10948, time/step=97ms, lr=4.28e-04
Epoch: [50][9/10] 	 loss: 0.09545, MAE: 0.13926, time/step=281ms, lr=4.28e-04
Epoch: [50] Target: [4] train MAE: 0.13926, Time: 3.02s
Epoch: [51][0/10] 	 loss: 0.07666, MAE: 0.11184, time/step=99ms, lr=4.25e-04
Epoch: [51][9/10] 	 loss: 0.10295, MAE: 0.15021, time/step=287ms, lr=4.25e-04
Epoch: [51] Target: [4] train MAE: 0.15021, Time: 3.09s
Epoch: [52][0/10] 	 loss: 0.15779, MAE: 0.23022, time/step=91ms, lr=4.23e-04
Epoch: [52][9/10] 	 loss: 0.12228, MAE: 0.17841, time/step=281ms, lr=4.23e-04
Epoch: [52] Target: [4] train MAE: 0.17841, Time: 3.03s
Epoch: [53][0/10] 	 loss: 0.30888, MAE: 0.45066, time/step=91ms, lr=4.20e-04
Epoch: [53][9/10] 	 loss: 0.16322, MAE: 0.23814, time/step=286ms, lr=4.20e-04
Epoch: [53] Target: [4] train MAE: 0.23814, Time: 3.08s
Epoch: [54][0/10] 	 loss: 0.13372, MAE: 0.19511, time/step=95ms, lr=4.17e-04
Epoch: [54][9/10] 	 loss: 0.10733, MAE: 0.15660, time/step=283ms, lr=4.17e-04
Epoch: [54] Target: [4] train MAE: 0.15660, Time: 3.06s
Epoch: [55][0/10] 	 loss: 0.08228, MAE: 0.12005, time/step=85ms, lr=4.14e-04
Epoch: [55][9/10] 	 loss: 0.10602, MAE: 0.15469, time/step=280ms, lr=4.14e-04
Epoch: [55] Target: [4] train MAE: 0.15469, Time: 3.02s
Epoch: [56][0/10] 	 loss: 0.09874, MAE: 0.14406, time/step=93ms, lr=4.11e-04
Epoch: [56][9/10] 	 loss: 0.10468, MAE: 0.15273, time/step=286ms, lr=4.11e-04
Epoch: [56] Target: [4] train MAE: 0.15273, Time: 3.08s
Epoch: [57][0/10] 	 loss: 0.08188, MAE: 0.11946, time/step=90ms, lr=4.08e-04
Epoch: [57][9/10] 	 loss: 0.09320, MAE: 0.13599, time/step=276ms, lr=4.08e-04
Epoch: [57] Target: [4] train MAE: 0.13599, Time: 2.98s
Epoch: [58][0/10] 	 loss: 0.13309, MAE: 0.19419, time/step=76ms, lr=4.05e-04
Epoch: [58][9/10] 	 loss: 0.10927, MAE: 0.15943, time/step=272ms, lr=4.05e-04
Epoch: [58] Target: [4] train MAE: 0.15943, Time: 2.95s
Epoch: [59][0/10] 	 loss: 0.11272, MAE: 0.16446, time/step=88ms, lr=4.02e-04
Epoch: [59][9/10] 	 loss: 0.12384, MAE: 0.18069, time/step=276ms, lr=4.02e-04
Epoch: [59] Target: [4] train MAE: 0.18069, Time: 2.98s
Epoch: [60][0/10] 	 loss: 0.09144, MAE: 0.13342, time/step=89ms, lr=3.99e-04
Epoch: [60][9/10] 	 loss: 0.12941, MAE: 0.18881, time/step=278ms, lr=3.99e-04
Epoch: [60] Target: [4] train MAE: 0.18881, Time: 3.00s
Best -- epoch=57, train MAE: 0.13599.

Laplace Layer Parameters: 2076
Laplace fitted. Time taken: 47.64
Prior precision optimised. Time: 49.79

Evaluating model.
Preparing calibration plot.

R2 Score: 0.6812317967414856
Mean Absolute Error: 0.5760100483894348
Training complete.

Incumbent: [11.37].
Querying Batch: [0]. Time: 0.10s.
Querying Complete.

Iter: 0. Next query: 569. Selection: 8.44. 
Virtual Library Size: 1000. Train Library Size: 100.

Initiating training.

Starting validation step for early stopping.

Epoch: [0][0/8] 	 loss: 2.02489, MAE: 2.95438, time/step=101ms, lr=1.00e-06
Epoch: [0][7/8] 	 loss: 1.75936, MAE: 2.56697, time/step=388ms, lr=1.00e-06
Epoch: [0] Target: [4] train MAE: 2.56697, val MAE: 2.76272, Time: 4.50s
Epoch: [1][0/8] 	 loss: 1.90471, MAE: 2.77903, time/step=91ms, lr=1.01e-04
Epoch: [1][7/8] 	 loss: 1.54557, MAE: 2.25504, time/step=382ms, lr=1.01e-04
Epoch: [1] Target: [4] train MAE: 2.25504, val MAE: 2.50022, Time: 4.41s
Epoch: [2][0/8] 	 loss: 1.47016, MAE: 2.14501, time/step=97ms, lr=2.01e-04
Epoch: [2][7/8] 	 loss: 1.17196, MAE: 1.70992, time/step=383ms, lr=2.01e-04
Epoch: [2] Target: [4] train MAE: 1.70992, val MAE: 1.90753, Time: 4.42s
Epoch: [3][0/8] 	 loss: 1.42536, MAE: 2.07964, time/step=104ms, lr=3.00e-04
Epoch: [3][7/8] 	 loss: 0.94693, MAE: 1.38160, time/step=385ms, lr=3.00e-04
Epoch: [3] Target: [4] train MAE: 1.38160, val MAE: 1.21441, Time: 4.43s
Epoch: [4][0/8] 	 loss: 0.99385, MAE: 1.45007, time/step=104ms, lr=4.00e-04
Epoch: [4][7/8] 	 loss: 0.85504, MAE: 1.24752, time/step=387ms, lr=4.00e-04
Epoch: [4] Target: [4] train MAE: 1.24752, val MAE: 1.35215, Time: 4.44s
Epoch: [5][0/8] 	 loss: 0.59315, MAE: 0.86542, time/step=106ms, lr=4.99e-04
Epoch: [5][7/8] 	 loss: 0.73247, MAE: 1.06870, time/step=380ms, lr=4.99e-04
Epoch: [5] Target: [4] train MAE: 1.06870, val MAE: 1.11916, Time: 4.38s
Epoch: [6][0/8] 	 loss: 0.56923, MAE: 0.83053, time/step=100ms, lr=4.99e-04
Epoch: [6][7/8] 	 loss: 0.69609, MAE: 1.01561, time/step=380ms, lr=4.99e-04
Epoch: [6] Target: [4] train MAE: 1.01561, val MAE: 1.24598, Time: 4.38s
Epoch: [7][0/8] 	 loss: 0.81405, MAE: 1.18772, time/step=90ms, lr=4.99e-04
Epoch: [7][7/8] 	 loss: 0.62005, MAE: 0.90468, time/step=380ms, lr=4.99e-04
Epoch: [7] Target: [4] train MAE: 0.90468, val MAE: 1.15635, Time: 4.36s
Epoch: [8][0/8] 	 loss: 0.89413, MAE: 1.30457, time/step=100ms, lr=4.98e-04
Epoch: [8][7/8] 	 loss: 0.60869, MAE: 0.88811, time/step=376ms, lr=4.98e-04
Epoch: [8] Target: [4] train MAE: 0.88811, val MAE: 1.12931, Time: 4.35s
Epoch: [9][0/8] 	 loss: 0.65766, MAE: 0.95955, time/step=88ms, lr=4.98e-04
Epoch: [9][7/8] 	 loss: 0.55981, MAE: 0.81678, time/step=388ms, lr=4.98e-04
Epoch: [9] Target: [4] train MAE: 0.81678, val MAE: 1.18194, Time: 4.47s
Epoch: [10][0/8] 	 loss: 0.37629, MAE: 0.54903, time/step=91ms, lr=4.97e-04
Epoch: [10][7/8] 	 loss: 0.51362, MAE: 0.74939, time/step=379ms, lr=4.97e-04
Epoch: [10] Target: [4] train MAE: 0.74939, val MAE: 1.03306, Time: 4.41s
Epoch: [11][0/8] 	 loss: 0.53427, MAE: 0.77952, time/step=96ms, lr=4.96e-04
Epoch: [11][7/8] 	 loss: 0.51594, MAE: 0.75277, time/step=384ms, lr=4.96e-04
Epoch: [11] Target: [4] train MAE: 0.75277, val MAE: 1.08273, Time: 4.41s
Epoch: [12][0/8] 	 loss: 0.37310, MAE: 0.54436, time/step=89ms, lr=4.96e-04
Epoch: [12][7/8] 	 loss: 0.43781, MAE: 0.63877, time/step=378ms, lr=4.96e-04
Epoch: [12] Target: [4] train MAE: 0.63877, val MAE: 0.86112, Time: 4.38s
Epoch: [13][0/8] 	 loss: 0.36032, MAE: 0.52572, time/step=90ms, lr=4.95e-04
Epoch: [13][7/8] 	 loss: 0.34928, MAE: 0.50961, time/step=373ms, lr=4.95e-04
Epoch: [13] Target: [4] train MAE: 0.50961, val MAE: 1.07341, Time: 4.32s
Epoch: [14][0/8] 	 loss: 0.46450, MAE: 0.67772, time/step=90ms, lr=4.94e-04
Epoch: [14][7/8] 	 loss: 0.28663, MAE: 0.41820, time/step=381ms, lr=4.94e-04
Epoch: [14] Target: [4] train MAE: 0.41820, val MAE: 0.98192, Time: 4.41s
Epoch: [15][0/8] 	 loss: 0.31080, MAE: 0.45346, time/step=92ms, lr=4.93e-04
Epoch: [15][7/8] 	 loss: 0.27779, MAE: 0.40530, time/step=385ms, lr=4.93e-04
Epoch: [15] Target: [4] train MAE: 0.40530, val MAE: 1.00895, Time: 4.42s
Epoch: [16][0/8] 	 loss: 0.24662, MAE: 0.35983, time/step=103ms, lr=4.92e-04
Epoch: [16][7/8] 	 loss: 0.31568, MAE: 0.46058, time/step=381ms, lr=4.92e-04
Epoch: [16] Target: [4] train MAE: 0.46058, val MAE: 0.99049, Time: 4.39s
Epoch: [17][0/8] 	 loss: 0.17757, MAE: 0.25909, time/step=83ms, lr=4.91e-04
Epoch: [17][7/8] 	 loss: 0.24870, MAE: 0.36287, time/step=380ms, lr=4.91e-04
Epoch: [17] Target: [4] train MAE: 0.36287, val MAE: 0.98380, Time: 4.39s
Epoch: [18][0/8] 	 loss: 0.16687, MAE: 0.24347, time/step=95ms, lr=4.90e-04
Epoch: [18][7/8] 	 loss: 0.24828, MAE: 0.36225, time/step=390ms, lr=4.90e-04
Epoch: [18] Target: [4] train MAE: 0.36225, val MAE: 0.98358, Time: 4.45s
Epoch: [19][0/8] 	 loss: 0.11069, MAE: 0.16150, time/step=107ms, lr=4.89e-04
Epoch: [19][7/8] 	 loss: 0.23373, MAE: 0.34102, time/step=382ms, lr=4.89e-04
Epoch: [19] Target: [4] train MAE: 0.34102, val MAE: 0.90497, Time: 4.40s
Epoch: [20][0/8] 	 loss: 0.20496, MAE: 0.29904, time/step=98ms, lr=4.88e-04
Epoch: [20][7/8] 	 loss: 0.17892, MAE: 0.26105, time/step=379ms, lr=4.88e-04
Epoch: [20] Target: [4] train MAE: 0.26105, val MAE: 0.95691, Time: 4.39s
Epoch: [21][0/8] 	 loss: 0.10325, MAE: 0.15065, time/step=95ms, lr=4.87e-04
Epoch: [21][7/8] 	 loss: 0.13552, MAE: 0.19773, time/step=386ms, lr=4.87e-04
Epoch: [21] Target: [4] train MAE: 0.19773, val MAE: 0.98661, Time: 4.45s
Epoch: [22][0/8] 	 loss: 0.13489, MAE: 0.19681, time/step=102ms, lr=4.86e-04
Epoch: [22][7/8] 	 loss: 0.19307, MAE: 0.28170, time/step=384ms, lr=4.86e-04
Epoch: [22] Target: [4] train MAE: 0.28170, val MAE: 0.94807, Time: 4.43s
Epoch: [23][0/8] 	 loss: 0.11369, MAE: 0.16588, time/step=88ms, lr=4.84e-04
Epoch: [23][7/8] 	 loss: 0.19704, MAE: 0.28749, time/step=384ms, lr=4.84e-04
Epoch: [23] Target: [4] train MAE: 0.28749, val MAE: 0.95371, Time: 4.41s
Epoch: [24][0/8] 	 loss: 0.33577, MAE: 0.48990, time/step=93ms, lr=4.83e-04
Epoch: [24][7/8] 	 loss: 0.20069, MAE: 0.29281, time/step=381ms, lr=4.83e-04
Epoch: [24] Target: [4] train MAE: 0.29281, val MAE: 0.92441, Time: 4.40s
Epoch: [25][0/8] 	 loss: 0.21923, MAE: 0.31987, time/step=89ms, lr=4.81e-04
Epoch: [25][7/8] 	 loss: 0.18663, MAE: 0.27230, time/step=374ms, lr=4.81e-04
Epoch: [25] Target: [4] train MAE: 0.27230, val MAE: 0.91527, Time: 4.33s
Epoch: [26][0/8] 	 loss: 0.27071, MAE: 0.39498, time/step=106ms, lr=4.80e-04
Epoch: [26][7/8] 	 loss: 0.17063, MAE: 0.24896, time/step=375ms, lr=4.80e-04
Epoch: [26] Target: [4] train MAE: 0.24896, val MAE: 0.93928, Time: 4.36s
Epoch: [27][0/8] 	 loss: 0.14864, MAE: 0.21687, time/step=90ms, lr=4.78e-04
Epoch: [27][7/8] 	 loss: 0.19969, MAE: 0.29136, time/step=376ms, lr=4.78e-04
Epoch: [27] Target: [4] train MAE: 0.29136, val MAE: 0.97258, Time: 4.34s
Epoch: [28][0/8] 	 loss: 0.15801, MAE: 0.23054, time/step=103ms, lr=4.77e-04
Epoch: [28][7/8] 	 loss: 0.16154, MAE: 0.23569, time/step=378ms, lr=4.77e-04
Epoch: [28] Target: [4] train MAE: 0.23569, val MAE: 0.95468, Time: 4.38s
Epoch: [29][0/8] 	 loss: 0.14480, MAE: 0.21127, time/step=89ms, lr=4.75e-04
Epoch: [29][7/8] 	 loss: 0.21788, MAE: 0.31789, time/step=387ms, lr=4.75e-04
Epoch: [29] Target: [4] train MAE: 0.31789, val MAE: 0.95454, Time: 4.44s
Epoch: [30][0/8] 	 loss: 0.15660, MAE: 0.22848, time/step=95ms, lr=4.73e-04
Epoch: [30][7/8] 	 loss: 0.24936, MAE: 0.36383, time/step=387ms, lr=4.73e-04
Epoch: [30] Target: [4] train MAE: 0.36383, val MAE: 0.85977, Time: 4.46s
Epoch: [31][0/8] 	 loss: 0.24458, MAE: 0.35685, time/step=90ms, lr=4.72e-04
Epoch: [31][7/8] 	 loss: 0.19770, MAE: 0.28845, time/step=375ms, lr=4.72e-04
Epoch: [31] Target: [4] train MAE: 0.28845, val MAE: 0.94217, Time: 4.35s
Epoch: [32][0/8] 	 loss: 0.24459, MAE: 0.35686, time/step=106ms, lr=4.70e-04
Epoch: [32][7/8] 	 loss: 0.22107, MAE: 0.32254, time/step=384ms, lr=4.70e-04
Epoch: [32] Target: [4] train MAE: 0.32254, val MAE: 0.96028, Time: 4.41s
Epoch: [33][0/8] 	 loss: 0.11914, MAE: 0.17383, time/step=97ms, lr=4.68e-04
Epoch: [33][7/8] 	 loss: 0.16562, MAE: 0.24164, time/step=380ms, lr=4.68e-04
Epoch: [33] Target: [4] train MAE: 0.24164, val MAE: 0.88376, Time: 4.39s
Epoch: [34][0/8] 	 loss: 0.37551, MAE: 0.54788, time/step=108ms, lr=4.66e-04
Epoch: [34][7/8] 	 loss: 0.23930, MAE: 0.34915, time/step=384ms, lr=4.66e-04
Epoch: [34] Target: [4] train MAE: 0.34915, val MAE: 1.06093, Time: 4.40s
Epoch: [35][0/8] 	 loss: 0.20218, MAE: 0.29499, time/step=86ms, lr=4.64e-04
Epoch: [35][7/8] 	 loss: 0.21132, MAE: 0.30833, time/step=384ms, lr=4.64e-04
Epoch: [35] Target: [4] train MAE: 0.30833, val MAE: 0.91288, Time: 4.42s
Epoch: [36][0/8] 	 loss: 0.22093, MAE: 0.32234, time/step=102ms, lr=4.62e-04
Epoch: [36][7/8] 	 loss: 0.16865, MAE: 0.24606, time/step=385ms, lr=4.62e-04
Epoch: [36] Target: [4] train MAE: 0.24606, val MAE: 1.03492, Time: 4.41s
Epoch: [37][0/8] 	 loss: 0.24067, MAE: 0.35114, time/step=104ms, lr=4.60e-04
Epoch: [37][7/8] 	 loss: 0.15163, MAE: 0.22123, time/step=380ms, lr=4.60e-04
Epoch: [37] Target: [4] train MAE: 0.22123, val MAE: 0.93860, Time: 4.37s
Epoch: [38][0/8] 	 loss: 0.20289, MAE: 0.29602, time/step=97ms, lr=4.58e-04
Epoch: [38][7/8] 	 loss: 0.17327, MAE: 0.25281, time/step=382ms, lr=4.58e-04
Epoch: [38] Target: [4] train MAE: 0.25281, val MAE: 1.00018, Time: 4.40s
Epoch: [39][0/8] 	 loss: 0.05399, MAE: 0.07877, time/step=92ms, lr=4.55e-04
Epoch: [39][7/8] 	 loss: 0.15270, MAE: 0.22280, time/step=380ms, lr=4.55e-04
Epoch: [39] Target: [4] train MAE: 0.22280, val MAE: 0.92457, Time: 4.39s
Epoch: [40][0/8] 	 loss: 0.07136, MAE: 0.10412, time/step=97ms, lr=4.53e-04
Epoch: [40][7/8] 	 loss: 0.10468, MAE: 0.15274, time/step=380ms, lr=4.53e-04
Epoch: [40] Target: [4] train MAE: 0.15274, val MAE: 0.91292, Time: 4.38s
Epoch: [41][0/8] 	 loss: 0.09595, MAE: 0.14000, time/step=97ms, lr=4.51e-04
Epoch: [41][7/8] 	 loss: 0.11395, MAE: 0.16625, time/step=378ms, lr=4.51e-04
Epoch: [41] Target: [4] train MAE: 0.16625, val MAE: 0.89321, Time: 4.38s
Epoch: [42][0/8] 	 loss: 0.12523, MAE: 0.18271, time/step=114ms, lr=4.49e-04
Epoch: [42][7/8] 	 loss: 0.11140, MAE: 0.16254, time/step=383ms, lr=4.49e-04
Epoch: [42] Target: [4] train MAE: 0.16254, val MAE: 0.92401, Time: 4.39s
Epoch: [43][0/8] 	 loss: 0.12393, MAE: 0.18082, time/step=104ms, lr=4.46e-04
Epoch: [43][7/8] 	 loss: 0.13439, MAE: 0.19608, time/step=383ms, lr=4.46e-04
Epoch: [43] Target: [4] train MAE: 0.19608, val MAE: 0.85732, Time: 4.40s
Epoch: [44][0/8] 	 loss: 0.08350, MAE: 0.12183, time/step=92ms, lr=4.44e-04
Epoch: [44][7/8] 	 loss: 0.11085, MAE: 0.16174, time/step=387ms, lr=4.44e-04
Epoch: [44] Target: [4] train MAE: 0.16174, val MAE: 0.90545, Time: 4.44s
Epoch: [45][0/8] 	 loss: 0.08901, MAE: 0.12987, time/step=98ms, lr=4.41e-04
Epoch: [45][7/8] 	 loss: 0.12151, MAE: 0.17729, time/step=384ms, lr=4.41e-04
Epoch: [45] Target: [4] train MAE: 0.17729, val MAE: 0.92745, Time: 4.41s
Epoch: [46][0/8] 	 loss: 0.08261, MAE: 0.12052, time/step=109ms, lr=4.39e-04
Epoch: [46][7/8] 	 loss: 0.11114, MAE: 0.16215, time/step=382ms, lr=4.39e-04
Epoch: [46] Target: [4] train MAE: 0.16215, val MAE: 0.88131, Time: 4.40s
Epoch: [47][0/8] 	 loss: 0.10462, MAE: 0.15264, time/step=100ms, lr=4.36e-04
Epoch: [47][7/8] 	 loss: 0.08910, MAE: 0.13000, time/step=378ms, lr=4.36e-04
Epoch: [47] Target: [4] train MAE: 0.13000, val MAE: 0.86652, Time: 4.36s
Epoch: [48][0/8] 	 loss: 0.09508, MAE: 0.13872, time/step=99ms, lr=4.34e-04
Epoch: [48][7/8] 	 loss: 0.10163, MAE: 0.14829, time/step=382ms, lr=4.34e-04
Epoch: [48] Target: [4] train MAE: 0.14829, val MAE: 0.85635, Time: 4.42s
Epoch: [49][0/8] 	 loss: 0.07526, MAE: 0.10981, time/step=99ms, lr=4.31e-04
Epoch: [49][7/8] 	 loss: 0.12454, MAE: 0.18171, time/step=382ms, lr=4.31e-04
Epoch: [49] Target: [4] train MAE: 0.18171, val MAE: 0.92821, Time: 4.39s
Epoch: [50][0/8] 	 loss: 0.07704, MAE: 0.11241, time/step=112ms, lr=4.28e-04
Epoch: [50][7/8] 	 loss: 0.13019, MAE: 0.18995, time/step=387ms, lr=4.28e-04
Epoch: [50] Target: [4] train MAE: 0.18995, val MAE: 0.86961, Time: 4.44s
Epoch: [51][0/8] 	 loss: 0.12873, MAE: 0.18782, time/step=101ms, lr=4.25e-04
Epoch: [51][7/8] 	 loss: 0.13659, MAE: 0.19929, time/step=382ms, lr=4.25e-04
Epoch: [51] Target: [4] train MAE: 0.19929, val MAE: 0.95930, Time: 4.39s
Epoch: [52][0/8] 	 loss: 0.11337, MAE: 0.16541, time/step=122ms, lr=4.23e-04
Epoch: [52][7/8] 	 loss: 0.10573, MAE: 0.15427, time/step=383ms, lr=4.23e-04
Epoch: [52] Target: [4] train MAE: 0.15427, val MAE: 0.89591, Time: 4.40s
Epoch: [53][0/8] 	 loss: 0.10018, MAE: 0.14616, time/step=121ms, lr=4.20e-04
Epoch: [53][7/8] 	 loss: 0.10217, MAE: 0.14907, time/step=380ms, lr=4.20e-04
Epoch: [53] Target: [4] train MAE: 0.14907, val MAE: 0.93172, Time: 4.38s
Epoch: [54][0/8] 	 loss: 0.06255, MAE: 0.09126, time/step=99ms, lr=4.17e-04
Epoch: [54][7/8] 	 loss: 0.10907, MAE: 0.15914, time/step=380ms, lr=4.17e-04
Epoch: [54] Target: [4] train MAE: 0.15914, val MAE: 0.95163, Time: 4.40s
Epoch: [55][0/8] 	 loss: 0.06886, MAE: 0.10047, time/step=85ms, lr=4.14e-04
Epoch: [55][7/8] 	 loss: 0.08989, MAE: 0.13116, time/step=380ms, lr=4.14e-04
Epoch: [55] Target: [4] train MAE: 0.13116, val MAE: 0.92895, Time: 4.39s
Epoch: [56][0/8] 	 loss: 0.08943, MAE: 0.13048, time/step=88ms, lr=4.11e-04
Epoch: [56][7/8] 	 loss: 0.10714, MAE: 0.15633, time/step=380ms, lr=4.11e-04
Epoch: [56] Target: [4] train MAE: 0.15633, val MAE: 0.92214, Time: 4.38s
Epoch: [57][0/8] 	 loss: 0.06149, MAE: 0.08971, time/step=87ms, lr=4.08e-04
Epoch: [57][7/8] 	 loss: 0.09274, MAE: 0.13532, time/step=377ms, lr=4.08e-04
Epoch: [57] Target: [4] train MAE: 0.13532, val MAE: 0.95088, Time: 4.37s
Epoch: [58][0/8] 	 loss: 0.09492, MAE: 0.13849, time/step=102ms, lr=4.05e-04
Epoch: [58][7/8] 	 loss: 0.10493, MAE: 0.15310, time/step=383ms, lr=4.05e-04
Epoch: [58] Target: [4] train MAE: 0.15310, val MAE: 0.94733, Time: 4.42s
Epoch: [59][0/8] 	 loss: 0.09233, MAE: 0.13472, time/step=104ms, lr=4.02e-04
Epoch: [59][7/8] 	 loss: 0.08813, MAE: 0.12858, time/step=384ms, lr=4.02e-04
Epoch: [59] Target: [4] train MAE: 0.12858, val MAE: 0.92383, Time: 4.42s
Early stopping at Epoch: [59/200].

Best -- epoch=48, train MAE: 0.14829, val MAE: 0.85635.

Early stopping computation complete.

Epoch: [0][0/11] 	 loss: 1.11420, MAE: 1.62566, time/step=95ms, lr=1.00e-06
Epoch: [0][10/11] 	 loss: 0.93706, MAE: 1.36720, time/step=385ms, lr=1.00e-06
Epoch: [0] Target: [4] train MAE: 1.36720, Time: 4.55s
Epoch: [1][0/11] 	 loss: 0.93534, MAE: 1.36469, time/step=103ms, lr=1.01e-04
Epoch: [1][10/11] 	 loss: 1.20457, MAE: 1.75751, time/step=388ms, lr=1.01e-04
Epoch: [1] Target: [4] train MAE: 1.75751, Time: 4.58s
Epoch: [2][0/11] 	 loss: 0.49524, MAE: 0.72257, time/step=96ms, lr=2.01e-04
Epoch: [2][10/11] 	 loss: 0.97996, MAE: 1.42979, time/step=388ms, lr=2.01e-04
Epoch: [2] Target: [4] train MAE: 1.42979, Time: 4.58s
Epoch: [3][0/11] 	 loss: 0.52905, MAE: 0.77190, time/step=88ms, lr=3.00e-04
Epoch: [3][10/11] 	 loss: 0.71916, MAE: 1.04928, time/step=382ms, lr=3.00e-04
Epoch: [3] Target: [4] train MAE: 1.04928, Time: 4.51s
Epoch: [4][0/11] 	 loss: 0.78706, MAE: 1.14835, time/step=100ms, lr=4.00e-04
Epoch: [4][10/11] 	 loss: 0.81256, MAE: 1.18555, time/step=382ms, lr=4.00e-04
Epoch: [4] Target: [4] train MAE: 1.18555, Time: 4.51s
Epoch: [5][0/11] 	 loss: 0.72802, MAE: 1.06221, time/step=112ms, lr=4.99e-04
Epoch: [5][10/11] 	 loss: 0.81837, MAE: 1.19402, time/step=385ms, lr=4.99e-04
Epoch: [5] Target: [4] train MAE: 1.19402, Time: 4.55s
Epoch: [6][0/11] 	 loss: 0.87257, MAE: 1.27311, time/step=93ms, lr=4.99e-04
Epoch: [6][10/11] 	 loss: 0.59570, MAE: 0.86914, time/step=387ms, lr=4.99e-04
Epoch: [6] Target: [4] train MAE: 0.86914, Time: 4.57s
Epoch: [7][0/11] 	 loss: 0.57896, MAE: 0.84472, time/step=92ms, lr=4.99e-04
Epoch: [7][10/11] 	 loss: 0.69666, MAE: 1.01645, time/step=385ms, lr=4.99e-04
Epoch: [7] Target: [4] train MAE: 1.01645, Time: 4.54s
Epoch: [8][0/11] 	 loss: 0.51523, MAE: 0.75174, time/step=85ms, lr=4.98e-04
Epoch: [8][10/11] 	 loss: 0.60900, MAE: 0.88856, time/step=390ms, lr=4.98e-04
Epoch: [8] Target: [4] train MAE: 0.88856, Time: 4.60s
Epoch: [9][0/11] 	 loss: 0.44873, MAE: 0.65471, time/step=94ms, lr=4.98e-04
Epoch: [9][10/11] 	 loss: 0.55279, MAE: 0.80653, time/step=388ms, lr=4.98e-04
Epoch: [9] Target: [4] train MAE: 0.80653, Time: 4.58s
Epoch: [10][0/11] 	 loss: 0.28823, MAE: 0.42053, time/step=88ms, lr=4.97e-04
Epoch: [10][10/11] 	 loss: 0.48042, MAE: 0.70095, time/step=380ms, lr=4.97e-04
Epoch: [10] Target: [4] train MAE: 0.70095, Time: 4.50s
Epoch: [11][0/11] 	 loss: 0.44294, MAE: 0.64627, time/step=93ms, lr=4.96e-04
Epoch: [11][10/11] 	 loss: 0.41077, MAE: 0.59933, time/step=390ms, lr=4.96e-04
Epoch: [11] Target: [4] train MAE: 0.59933, Time: 4.60s
Epoch: [12][0/11] 	 loss: 0.26614, MAE: 0.38830, time/step=96ms, lr=4.96e-04
Epoch: [12][10/11] 	 loss: 0.42481, MAE: 0.61981, time/step=394ms, lr=4.96e-04
Epoch: [12] Target: [4] train MAE: 0.61981, Time: 4.64s
Epoch: [13][0/11] 	 loss: 0.47024, MAE: 0.68609, time/step=96ms, lr=4.95e-04
Epoch: [13][10/11] 	 loss: 0.46050, MAE: 0.67188, time/step=386ms, lr=4.95e-04
Epoch: [13] Target: [4] train MAE: 0.67188, Time: 4.56s
Epoch: [14][0/11] 	 loss: 0.51828, MAE: 0.75619, time/step=102ms, lr=4.94e-04
Epoch: [14][10/11] 	 loss: 0.46779, MAE: 0.68252, time/step=381ms, lr=4.94e-04
Epoch: [14] Target: [4] train MAE: 0.68252, Time: 4.50s
Epoch: [15][0/11] 	 loss: 0.55041, MAE: 0.80307, time/step=101ms, lr=4.93e-04
Epoch: [15][10/11] 	 loss: 0.54652, MAE: 0.79739, time/step=389ms, lr=4.93e-04
Epoch: [15] Target: [4] train MAE: 0.79739, Time: 4.58s
Epoch: [16][0/11] 	 loss: 0.39234, MAE: 0.57244, time/step=108ms, lr=4.92e-04
Epoch: [16][10/11] 	 loss: 0.36184, MAE: 0.52794, time/step=390ms, lr=4.92e-04
Epoch: [16] Target: [4] train MAE: 0.52794, Time: 4.60s
Epoch: [17][0/11] 	 loss: 0.26369, MAE: 0.38473, time/step=83ms, lr=4.91e-04
Epoch: [17][10/11] 	 loss: 0.32449, MAE: 0.47345, time/step=387ms, lr=4.91e-04
Epoch: [17] Target: [4] train MAE: 0.47345, Time: 4.57s
Epoch: [18][0/11] 	 loss: 0.34527, MAE: 0.50376, time/step=86ms, lr=4.90e-04
Epoch: [18][10/11] 	 loss: 0.41759, MAE: 0.60928, time/step=386ms, lr=4.90e-04
Epoch: [18] Target: [4] train MAE: 0.60928, Time: 4.57s
Epoch: [19][0/11] 	 loss: 0.33579, MAE: 0.48993, time/step=98ms, lr=4.89e-04
Epoch: [19][10/11] 	 loss: 0.33005, MAE: 0.48155, time/step=388ms, lr=4.89e-04
Epoch: [19] Target: [4] train MAE: 0.48155, Time: 4.58s
Epoch: [20][0/11] 	 loss: 0.28433, MAE: 0.41484, time/step=80ms, lr=4.88e-04
Epoch: [20][10/11] 	 loss: 0.30506, MAE: 0.44509, time/step=382ms, lr=4.88e-04
Epoch: [20] Target: [4] train MAE: 0.44509, Time: 4.50s
Epoch: [21][0/11] 	 loss: 0.23878, MAE: 0.34839, time/step=98ms, lr=4.87e-04
Epoch: [21][10/11] 	 loss: 0.35579, MAE: 0.51911, time/step=382ms, lr=4.87e-04
Epoch: [21] Target: [4] train MAE: 0.51911, Time: 4.52s
Epoch: [22][0/11] 	 loss: 0.44569, MAE: 0.65028, time/step=109ms, lr=4.86e-04
Epoch: [22][10/11] 	 loss: 0.27059, MAE: 0.39480, time/step=385ms, lr=4.86e-04
Epoch: [22] Target: [4] train MAE: 0.39480, Time: 4.55s
Epoch: [23][0/11] 	 loss: 0.17773, MAE: 0.25932, time/step=74ms, lr=4.84e-04
Epoch: [23][10/11] 	 loss: 0.27691, MAE: 0.40401, time/step=385ms, lr=4.84e-04
Epoch: [23] Target: [4] train MAE: 0.40401, Time: 4.54s
Epoch: [24][0/11] 	 loss: 0.42552, MAE: 0.62084, time/step=92ms, lr=4.83e-04
Epoch: [24][10/11] 	 loss: 0.40766, MAE: 0.59479, time/step=389ms, lr=4.83e-04
Epoch: [24] Target: [4] train MAE: 0.59479, Time: 4.59s
Epoch: [25][0/11] 	 loss: 0.30907, MAE: 0.45095, time/step=95ms, lr=4.81e-04
Epoch: [25][10/11] 	 loss: 0.32875, MAE: 0.47966, time/step=390ms, lr=4.81e-04
Epoch: [25] Target: [4] train MAE: 0.47966, Time: 4.60s
Epoch: [26][0/11] 	 loss: 0.32427, MAE: 0.47312, time/step=105ms, lr=4.80e-04
Epoch: [26][10/11] 	 loss: 0.25162, MAE: 0.36712, time/step=382ms, lr=4.80e-04
Epoch: [26] Target: [4] train MAE: 0.36712, Time: 4.52s
Epoch: [27][0/11] 	 loss: 0.23056, MAE: 0.33640, time/step=107ms, lr=4.78e-04
Epoch: [27][10/11] 	 loss: 0.27332, MAE: 0.39879, time/step=391ms, lr=4.78e-04
Epoch: [27] Target: [4] train MAE: 0.39879, Time: 4.62s
Epoch: [28][0/11] 	 loss: 0.23227, MAE: 0.33889, time/step=91ms, lr=4.77e-04
Epoch: [28][10/11] 	 loss: 0.22233, MAE: 0.32438, time/step=394ms, lr=4.77e-04
Epoch: [28] Target: [4] train MAE: 0.32438, Time: 4.66s
Epoch: [29][0/11] 	 loss: 0.40803, MAE: 0.59534, time/step=107ms, lr=4.75e-04
Epoch: [29][10/11] 	 loss: 0.30274, MAE: 0.44170, time/step=384ms, lr=4.75e-04
Epoch: [29] Target: [4] train MAE: 0.44170, Time: 4.54s
Epoch: [30][0/11] 	 loss: 0.24715, MAE: 0.36060, time/step=96ms, lr=4.73e-04
Epoch: [30][10/11] 	 loss: 0.27369, MAE: 0.39932, time/step=384ms, lr=4.73e-04
Epoch: [30] Target: [4] train MAE: 0.39932, Time: 4.54s
Epoch: [31][0/11] 	 loss: 0.18630, MAE: 0.27182, time/step=104ms, lr=4.72e-04
Epoch: [31][10/11] 	 loss: 0.21985, MAE: 0.32077, time/step=388ms, lr=4.72e-04
Epoch: [31] Target: [4] train MAE: 0.32077, Time: 4.58s
Epoch: [32][0/11] 	 loss: 0.20135, MAE: 0.29377, time/step=103ms, lr=4.70e-04
Epoch: [32][10/11] 	 loss: 0.25901, MAE: 0.37791, time/step=387ms, lr=4.70e-04
Epoch: [32] Target: [4] train MAE: 0.37791, Time: 4.57s
Epoch: [33][0/11] 	 loss: 0.16268, MAE: 0.23736, time/step=74ms, lr=4.68e-04
Epoch: [33][10/11] 	 loss: 0.25058, MAE: 0.36560, time/step=384ms, lr=4.68e-04
Epoch: [33] Target: [4] train MAE: 0.36560, Time: 4.55s
Epoch: [34][0/11] 	 loss: 0.11974, MAE: 0.17470, time/step=96ms, lr=4.66e-04
Epoch: [34][10/11] 	 loss: 0.16040, MAE: 0.23403, time/step=385ms, lr=4.66e-04
Epoch: [34] Target: [4] train MAE: 0.23403, Time: 4.55s
Epoch: [35][0/11] 	 loss: 0.17487, MAE: 0.25514, time/step=113ms, lr=4.64e-04
Epoch: [35][10/11] 	 loss: 0.22632, MAE: 0.33020, time/step=384ms, lr=4.64e-04
Epoch: [35] Target: [4] train MAE: 0.33020, Time: 4.54s
Epoch: [36][0/11] 	 loss: 0.17403, MAE: 0.25391, time/step=93ms, lr=4.62e-04
Epoch: [36][10/11] 	 loss: 0.18300, MAE: 0.26700, time/step=386ms, lr=4.62e-04
Epoch: [36] Target: [4] train MAE: 0.26700, Time: 4.56s
Epoch: [37][0/11] 	 loss: 0.20521, MAE: 0.29941, time/step=95ms, lr=4.60e-04
Epoch: [37][10/11] 	 loss: 0.22031, MAE: 0.32143, time/step=376ms, lr=4.60e-04
Epoch: [37] Target: [4] train MAE: 0.32143, Time: 4.46s
Epoch: [38][0/11] 	 loss: 0.34834, MAE: 0.50823, time/step=99ms, lr=4.58e-04
Epoch: [38][10/11] 	 loss: 0.24758, MAE: 0.36122, time/step=394ms, lr=4.58e-04
Epoch: [38] Target: [4] train MAE: 0.36122, Time: 4.65s
Epoch: [39][0/11] 	 loss: 0.30296, MAE: 0.44203, time/step=100ms, lr=4.55e-04
Epoch: [39][10/11] 	 loss: 0.22116, MAE: 0.32268, time/step=386ms, lr=4.55e-04
Epoch: [39] Target: [4] train MAE: 0.32268, Time: 4.55s
Epoch: [40][0/11] 	 loss: 0.13876, MAE: 0.20245, time/step=95ms, lr=4.53e-04
Epoch: [40][10/11] 	 loss: 0.17719, MAE: 0.25853, time/step=386ms, lr=4.53e-04
Epoch: [40] Target: [4] train MAE: 0.25853, Time: 4.56s
Epoch: [41][0/11] 	 loss: 0.21807, MAE: 0.31817, time/step=115ms, lr=4.51e-04
Epoch: [41][10/11] 	 loss: 0.23168, MAE: 0.33803, time/step=390ms, lr=4.51e-04
Epoch: [41] Target: [4] train MAE: 0.33803, Time: 4.60s
Epoch: [42][0/11] 	 loss: 0.17311, MAE: 0.25257, time/step=83ms, lr=4.49e-04
Epoch: [42][10/11] 	 loss: 0.22535, MAE: 0.32879, time/step=387ms, lr=4.49e-04
Epoch: [42] Target: [4] train MAE: 0.32879, Time: 4.58s
Epoch: [43][0/11] 	 loss: 0.11546, MAE: 0.16846, time/step=97ms, lr=4.46e-04
Epoch: [43][10/11] 	 loss: 0.21065, MAE: 0.30735, time/step=388ms, lr=4.46e-04
Epoch: [43] Target: [4] train MAE: 0.30735, Time: 4.57s
Epoch: [44][0/11] 	 loss: 0.33948, MAE: 0.49531, time/step=93ms, lr=4.44e-04
Epoch: [44][10/11] 	 loss: 0.25232, MAE: 0.36815, time/step=390ms, lr=4.44e-04
Epoch: [44] Target: [4] train MAE: 0.36815, Time: 4.60s
Epoch: [45][0/11] 	 loss: 0.22166, MAE: 0.32340, time/step=88ms, lr=4.41e-04
Epoch: [45][10/11] 	 loss: 0.24325, MAE: 0.35491, time/step=379ms, lr=4.41e-04
Epoch: [45] Target: [4] train MAE: 0.35491, Time: 4.47s
Epoch: [46][0/11] 	 loss: 0.24170, MAE: 0.35264, time/step=82ms, lr=4.39e-04
Epoch: [46][10/11] 	 loss: 0.21532, MAE: 0.31416, time/step=381ms, lr=4.39e-04
Epoch: [46] Target: [4] train MAE: 0.31416, Time: 4.49s
Epoch: [47][0/11] 	 loss: 0.20385, MAE: 0.29743, time/step=89ms, lr=4.36e-04
Epoch: [47][10/11] 	 loss: 0.20447, MAE: 0.29832, time/step=380ms, lr=4.36e-04
Epoch: [47] Target: [4] train MAE: 0.29832, Time: 4.50s
Epoch: [48][0/11] 	 loss: 0.12174, MAE: 0.17762, time/step=91ms, lr=4.34e-04
Epoch: [48][10/11] 	 loss: 0.20296, MAE: 0.29613, time/step=388ms, lr=4.34e-04
Epoch: [48] Target: [4] train MAE: 0.29613, Time: 4.58s
Epoch: [49][0/11] 	 loss: 0.25668, MAE: 0.37451, time/step=99ms, lr=4.31e-04
Epoch: [49][10/11] 	 loss: 0.25974, MAE: 0.37898, time/step=393ms, lr=4.31e-04
Epoch: [49] Target: [4] train MAE: 0.37898, Time: 4.64s
Epoch: [50][0/11] 	 loss: 0.32838, MAE: 0.47912, time/step=93ms, lr=4.28e-04
Epoch: [50][10/11] 	 loss: 0.18029, MAE: 0.26305, time/step=387ms, lr=4.28e-04
Epoch: [50] Target: [4] train MAE: 0.26305, Time: 4.57s
Epoch: [51][0/11] 	 loss: 0.14295, MAE: 0.20857, time/step=122ms, lr=4.25e-04
Epoch: [51][10/11] 	 loss: 0.14227, MAE: 0.20757, time/step=391ms, lr=4.25e-04
Epoch: [51] Target: [4] train MAE: 0.20757, Time: 4.60s
Epoch: [52][0/11] 	 loss: 0.08102, MAE: 0.11821, time/step=96ms, lr=4.23e-04
Epoch: [52][10/11] 	 loss: 0.15430, MAE: 0.22513, time/step=386ms, lr=4.23e-04
Epoch: [52] Target: [4] train MAE: 0.22513, Time: 4.56s
Epoch: [53][0/11] 	 loss: 0.11194, MAE: 0.16333, time/step=103ms, lr=4.20e-04
Epoch: [53][10/11] 	 loss: 0.14059, MAE: 0.20512, time/step=385ms, lr=4.20e-04
Epoch: [53] Target: [4] train MAE: 0.20512, Time: 4.55s
Epoch: [54][0/11] 	 loss: 0.12024, MAE: 0.17543, time/step=93ms, lr=4.17e-04
Epoch: [54][10/11] 	 loss: 0.12993, MAE: 0.18957, time/step=386ms, lr=4.17e-04
Epoch: [54] Target: [4] train MAE: 0.18957, Time: 4.56s
Epoch: [55][0/11] 	 loss: 0.11417, MAE: 0.16658, time/step=97ms, lr=4.14e-04
Epoch: [55][10/11] 	 loss: 0.12653, MAE: 0.18462, time/step=383ms, lr=4.14e-04
Epoch: [55] Target: [4] train MAE: 0.18462, Time: 4.52s
Epoch: [56][0/11] 	 loss: 0.15418, MAE: 0.22495, time/step=115ms, lr=4.11e-04
Epoch: [56][10/11] 	 loss: 0.15937, MAE: 0.23252, time/step=389ms, lr=4.11e-04
Epoch: [56] Target: [4] train MAE: 0.23252, Time: 4.60s
Epoch: [57][0/11] 	 loss: 0.06094, MAE: 0.08892, time/step=86ms, lr=4.08e-04
Epoch: [57][10/11] 	 loss: 0.13009, MAE: 0.18980, time/step=387ms, lr=4.08e-04
Epoch: [57] Target: [4] train MAE: 0.18980, Time: 4.56s
Epoch: [58][0/11] 	 loss: 0.14491, MAE: 0.21143, time/step=104ms, lr=4.05e-04
Epoch: [58][10/11] 	 loss: 0.13693, MAE: 0.19978, time/step=388ms, lr=4.05e-04
Epoch: [58] Target: [4] train MAE: 0.19978, Time: 4.57s
Best -- epoch=55, train MAE: 0.18462.

Laplace Layer Parameters: 2076
Laplace fitted. Time taken: 58.15
Prior precision optimised. Time: 60.07

Evaluating model.
Preparing calibration plot.

R2 Score: 0.5547294616699219
Mean Absolute Error: 0.6969249844551086
Training complete.

Incumbent: [11.37].
Querying Batch: [0]. Time: 0.10s.
Querying Complete.

Iter: 1. Next query: 683. Selection: 6.20. 
Virtual Library Size: 999. Train Library Size: 101.

Initiating training.

Starting validation step for early stopping.

Epoch: [0][0/9] 	 loss: 1.11245, MAE: 1.62310, time/step=105ms, lr=1.00e-06
Epoch: [0][8/9] 	 loss: 1.20763, MAE: 1.76197, time/step=379ms, lr=1.00e-06
Epoch: [0] Target: [4] train MAE: 1.76197, val MAE: 1.46672, Time: 4.74s
Epoch: [1][0/9] 	 loss: 0.92105, MAE: 1.34384, time/step=82ms, lr=1.01e-04
Epoch: [1][8/9] 	 loss: 1.46193, MAE: 2.13300, time/step=370ms, lr=1.01e-04
Epoch: [1] Target: [4] train MAE: 2.13300, val MAE: 1.97754, Time: 4.68s
Epoch: [2][0/9] 	 loss: 1.40131, MAE: 2.04456, time/step=93ms, lr=2.01e-04
Epoch: [2][8/9] 	 loss: 0.94979, MAE: 1.38578, time/step=388ms, lr=2.01e-04
Epoch: [2] Target: [4] train MAE: 1.38578, val MAE: 0.80647, Time: 4.83s
Epoch: [3][0/9] 	 loss: 0.57006, MAE: 0.83174, time/step=95ms, lr=3.00e-04
Epoch: [3][8/9] 	 loss: 0.75002, MAE: 1.09431, time/step=386ms, lr=3.00e-04
Epoch: [3] Target: [4] train MAE: 1.09431, val MAE: 1.06815, Time: 4.80s
Epoch: [4][0/9] 	 loss: 0.81214, MAE: 1.18494, time/step=93ms, lr=4.00e-04
Epoch: [4][8/9] 	 loss: 0.91080, MAE: 1.32888, time/step=381ms, lr=4.00e-04
Epoch: [4] Target: [4] train MAE: 1.32888, val MAE: 0.87683, Time: 4.76s
Epoch: [5][0/9] 	 loss: 0.82755, MAE: 1.20742, time/step=80ms, lr=4.99e-04
Epoch: [5][8/9] 	 loss: 0.71994, MAE: 1.05042, time/step=375ms, lr=4.99e-04
Epoch: [5] Target: [4] train MAE: 1.05042, val MAE: 0.75692, Time: 4.71s
Epoch: [6][0/9] 	 loss: 0.72779, MAE: 1.06187, time/step=111ms, lr=4.99e-04
Epoch: [6][8/9] 	 loss: 0.69169, MAE: 1.00920, time/step=377ms, lr=4.99e-04
Epoch: [6] Target: [4] train MAE: 1.00920, val MAE: 0.96312, Time: 4.73s
Epoch: [7][0/9] 	 loss: 0.62674, MAE: 0.91444, time/step=101ms, lr=4.99e-04
Epoch: [7][8/9] 	 loss: 0.75599, MAE: 1.10302, time/step=371ms, lr=4.99e-04
Epoch: [7] Target: [4] train MAE: 1.10302, val MAE: 0.93666, Time: 4.67s
Epoch: [8][0/9] 	 loss: 0.62124, MAE: 0.90641, time/step=94ms, lr=4.98e-04
Epoch: [8][8/9] 	 loss: 0.78596, MAE: 1.14675, time/step=375ms, lr=4.98e-04
Epoch: [8] Target: [4] train MAE: 1.14675, val MAE: 0.82160, Time: 4.71s
Epoch: [9][0/9] 	 loss: 0.48000, MAE: 0.70033, time/step=108ms, lr=4.98e-04
Epoch: [9][8/9] 	 loss: 0.55243, MAE: 0.80602, time/step=372ms, lr=4.98e-04
Epoch: [9] Target: [4] train MAE: 0.80602, val MAE: 0.82659, Time: 4.66s
Epoch: [10][0/9] 	 loss: 0.62567, MAE: 0.91288, time/step=92ms, lr=4.97e-04
Epoch: [10][8/9] 	 loss: 0.55881, MAE: 0.81532, time/step=385ms, lr=4.97e-04
Epoch: [10] Target: [4] train MAE: 0.81532, val MAE: 0.61842, Time: 4.78s
Epoch: [11][0/9] 	 loss: 0.40527, MAE: 0.59131, time/step=98ms, lr=4.96e-04
Epoch: [11][8/9] 	 loss: 0.42133, MAE: 0.61474, time/step=371ms, lr=4.96e-04
Epoch: [11] Target: [4] train MAE: 0.61474, val MAE: 0.81089, Time: 4.67s
Epoch: [12][0/9] 	 loss: 0.43755, MAE: 0.63840, time/step=100ms, lr=4.96e-04
Epoch: [12][8/9] 	 loss: 0.44859, MAE: 0.65450, time/step=382ms, lr=4.96e-04
Epoch: [12] Target: [4] train MAE: 0.65450, val MAE: 0.74346, Time: 4.75s
Epoch: [13][0/9] 	 loss: 0.50950, MAE: 0.74337, time/step=94ms, lr=4.95e-04
Epoch: [13][8/9] 	 loss: 0.44905, MAE: 0.65519, time/step=377ms, lr=4.95e-04
Epoch: [13] Target: [4] train MAE: 0.65519, val MAE: 0.61265, Time: 4.71s
Epoch: [14][0/9] 	 loss: 0.57899, MAE: 0.84476, time/step=108ms, lr=4.94e-04
Epoch: [14][8/9] 	 loss: 0.46272, MAE: 0.67513, time/step=383ms, lr=4.94e-04
Epoch: [14] Target: [4] train MAE: 0.67513, val MAE: 0.68100, Time: 4.80s
Epoch: [15][0/9] 	 loss: 0.45730, MAE: 0.66721, time/step=90ms, lr=4.93e-04
Epoch: [15][8/9] 	 loss: 0.50291, MAE: 0.73376, time/step=388ms, lr=4.93e-04
Epoch: [15] Target: [4] train MAE: 0.73376, val MAE: 0.75526, Time: 4.83s
Epoch: [16][0/9] 	 loss: 0.52347, MAE: 0.76376, time/step=103ms, lr=4.92e-04
Epoch: [16][8/9] 	 loss: 0.41324, MAE: 0.60294, time/step=386ms, lr=4.92e-04
Epoch: [16] Target: [4] train MAE: 0.60294, val MAE: 0.71724, Time: 4.79s
Epoch: [17][0/9] 	 loss: 0.40316, MAE: 0.58822, time/step=98ms, lr=4.91e-04
Epoch: [17][8/9] 	 loss: 0.40408, MAE: 0.58957, time/step=387ms, lr=4.91e-04
Epoch: [17] Target: [4] train MAE: 0.58957, val MAE: 0.97310, Time: 4.80s
Epoch: [18][0/9] 	 loss: 0.54140, MAE: 0.78993, time/step=92ms, lr=4.90e-04
Epoch: [18][8/9] 	 loss: 0.42049, MAE: 0.61351, time/step=377ms, lr=4.90e-04
Epoch: [18] Target: [4] train MAE: 0.61351, val MAE: 0.65647, Time: 4.69s
Epoch: [19][0/9] 	 loss: 0.28740, MAE: 0.41932, time/step=94ms, lr=4.89e-04
Epoch: [19][8/9] 	 loss: 0.41864, MAE: 0.61081, time/step=373ms, lr=4.89e-04
Epoch: [19] Target: [4] train MAE: 0.61081, val MAE: 0.59722, Time: 4.69s
Epoch: [20][0/9] 	 loss: 0.40718, MAE: 0.59409, time/step=79ms, lr=4.88e-04
Epoch: [20][8/9] 	 loss: 0.35071, MAE: 0.51169, time/step=370ms, lr=4.88e-04
Epoch: [20] Target: [4] train MAE: 0.51169, val MAE: 0.72960, Time: 4.65s
Epoch: [21][0/9] 	 loss: 0.33852, MAE: 0.49392, time/step=90ms, lr=4.87e-04
Epoch: [21][8/9] 	 loss: 0.42802, MAE: 0.62450, time/step=381ms, lr=4.87e-04
Epoch: [21] Target: [4] train MAE: 0.62450, val MAE: 0.68047, Time: 4.74s
Epoch: [22][0/9] 	 loss: 0.45455, MAE: 0.66320, time/step=104ms, lr=4.86e-04
Epoch: [22][8/9] 	 loss: 0.46184, MAE: 0.67384, time/step=382ms, lr=4.86e-04
Epoch: [22] Target: [4] train MAE: 0.67384, val MAE: 0.63875, Time: 4.75s
Epoch: [23][0/9] 	 loss: 0.46195, MAE: 0.67399, time/step=95ms, lr=4.84e-04
Epoch: [23][8/9] 	 loss: 0.36172, MAE: 0.52776, time/step=383ms, lr=4.84e-04
Epoch: [23] Target: [4] train MAE: 0.52776, val MAE: 0.63549, Time: 4.76s
Epoch: [24][0/9] 	 loss: 0.25656, MAE: 0.37433, time/step=120ms, lr=4.83e-04
Epoch: [24][8/9] 	 loss: 0.31760, MAE: 0.46338, time/step=379ms, lr=4.83e-04
Epoch: [24] Target: [4] train MAE: 0.46338, val MAE: 0.52730, Time: 4.74s
Epoch: [25][0/9] 	 loss: 0.25398, MAE: 0.37056, time/step=107ms, lr=4.81e-04
Epoch: [25][8/9] 	 loss: 0.25833, MAE: 0.37691, time/step=376ms, lr=4.81e-04
Epoch: [25] Target: [4] train MAE: 0.37691, val MAE: 0.58521, Time: 4.71s
Epoch: [26][0/9] 	 loss: 0.27875, MAE: 0.40671, time/step=94ms, lr=4.80e-04
Epoch: [26][8/9] 	 loss: 0.28738, MAE: 0.41930, time/step=369ms, lr=4.80e-04
Epoch: [26] Target: [4] train MAE: 0.41930, val MAE: 0.59005, Time: 4.66s
Epoch: [27][0/9] 	 loss: 0.31580, MAE: 0.46076, time/step=93ms, lr=4.78e-04
Epoch: [27][8/9] 	 loss: 0.30393, MAE: 0.44345, time/step=387ms, lr=4.78e-04
Epoch: [27] Target: [4] train MAE: 0.44345, val MAE: 0.60570, Time: 4.81s
Epoch: [28][0/9] 	 loss: 0.24763, MAE: 0.36131, time/step=112ms, lr=4.77e-04
Epoch: [28][8/9] 	 loss: 0.23742, MAE: 0.34641, time/step=383ms, lr=4.77e-04
Epoch: [28] Target: [4] train MAE: 0.34641, val MAE: 0.58814, Time: 4.78s
Epoch: [29][0/9] 	 loss: 0.14174, MAE: 0.20680, time/step=102ms, lr=4.75e-04
Epoch: [29][8/9] 	 loss: 0.25604, MAE: 0.37358, time/step=384ms, lr=4.75e-04
Epoch: [29] Target: [4] train MAE: 0.37358, val MAE: 0.60112, Time: 4.78s
Epoch: [30][0/9] 	 loss: 0.30189, MAE: 0.44046, time/step=103ms, lr=4.73e-04
Epoch: [30][8/9] 	 loss: 0.25727, MAE: 0.37536, time/step=376ms, lr=4.73e-04
Epoch: [30] Target: [4] train MAE: 0.37536, val MAE: 0.64832, Time: 4.70s
Epoch: [31][0/9] 	 loss: 0.24826, MAE: 0.36223, time/step=101ms, lr=4.72e-04
Epoch: [31][8/9] 	 loss: 0.23774, MAE: 0.34687, time/step=381ms, lr=4.72e-04
Epoch: [31] Target: [4] train MAE: 0.34687, val MAE: 0.61638, Time: 4.75s
Epoch: [32][0/9] 	 loss: 0.15990, MAE: 0.23331, time/step=90ms, lr=4.70e-04
Epoch: [32][8/9] 	 loss: 0.26308, MAE: 0.38385, time/step=376ms, lr=4.70e-04
Epoch: [32] Target: [4] train MAE: 0.38385, val MAE: 0.60561, Time: 4.71s
Epoch: [33][0/9] 	 loss: 0.21573, MAE: 0.31475, time/step=102ms, lr=4.68e-04
Epoch: [33][8/9] 	 loss: 0.18569, MAE: 0.27093, time/step=383ms, lr=4.68e-04
Epoch: [33] Target: [4] train MAE: 0.27093, val MAE: 0.60728, Time: 4.78s
Epoch: [34][0/9] 	 loss: 0.19021, MAE: 0.27753, time/step=100ms, lr=4.66e-04
Epoch: [34][8/9] 	 loss: 0.22033, MAE: 0.32147, time/step=379ms, lr=4.66e-04
Epoch: [34] Target: [4] train MAE: 0.32147, val MAE: 0.66776, Time: 4.74s
Epoch: [35][0/9] 	 loss: 0.12587, MAE: 0.18365, time/step=91ms, lr=4.64e-04
Epoch: [35][8/9] 	 loss: 0.20541, MAE: 0.29969, time/step=373ms, lr=4.64e-04
Epoch: [35] Target: [4] train MAE: 0.29969, val MAE: 0.60095, Time: 4.72s
Epoch: [36][0/9] 	 loss: 0.42131, MAE: 0.61471, time/step=97ms, lr=4.62e-04
Epoch: [36][8/9] 	 loss: 0.35911, MAE: 0.52396, time/step=375ms, lr=4.62e-04
Epoch: [36] Target: [4] train MAE: 0.52396, val MAE: 0.72454, Time: 4.70s
Epoch: [37][0/9] 	 loss: 0.44133, MAE: 0.64392, time/step=94ms, lr=4.60e-04
Epoch: [37][8/9] 	 loss: 0.27956, MAE: 0.40788, time/step=381ms, lr=4.60e-04
Epoch: [37] Target: [4] train MAE: 0.40788, val MAE: 0.53859, Time: 4.75s
Epoch: [38][0/9] 	 loss: 0.27333, MAE: 0.39880, time/step=97ms, lr=4.58e-04
Epoch: [38][8/9] 	 loss: 0.19111, MAE: 0.27884, time/step=376ms, lr=4.58e-04
Epoch: [38] Target: [4] train MAE: 0.27884, val MAE: 0.68505, Time: 4.71s
Epoch: [39][0/9] 	 loss: 0.31710, MAE: 0.46266, time/step=116ms, lr=4.55e-04
Epoch: [39][8/9] 	 loss: 0.31220, MAE: 0.45552, time/step=376ms, lr=4.55e-04
Epoch: [39] Target: [4] train MAE: 0.45552, val MAE: 0.54667, Time: 4.69s
Epoch: [40][0/9] 	 loss: 0.33046, MAE: 0.48215, time/step=87ms, lr=4.53e-04
Epoch: [40][8/9] 	 loss: 0.32635, MAE: 0.47616, time/step=384ms, lr=4.53e-04
Epoch: [40] Target: [4] train MAE: 0.47616, val MAE: 0.57604, Time: 4.79s
Epoch: [41][0/9] 	 loss: 0.31161, MAE: 0.45464, time/step=95ms, lr=4.51e-04
Epoch: [41][8/9] 	 loss: 0.26172, MAE: 0.38186, time/step=375ms, lr=4.51e-04
Epoch: [41] Target: [4] train MAE: 0.38186, val MAE: 0.59207, Time: 4.68s
Epoch: [42][0/9] 	 loss: 0.24675, MAE: 0.36001, time/step=107ms, lr=4.49e-04
Epoch: [42][8/9] 	 loss: 0.27267, MAE: 0.39784, time/step=373ms, lr=4.49e-04
Epoch: [42] Target: [4] train MAE: 0.39784, val MAE: 0.57607, Time: 4.70s
Epoch: [43][0/9] 	 loss: 0.14633, MAE: 0.21349, time/step=93ms, lr=4.46e-04
Epoch: [43][8/9] 	 loss: 0.28176, MAE: 0.41110, time/step=380ms, lr=4.46e-04
Epoch: [43] Target: [4] train MAE: 0.41110, val MAE: 0.59391, Time: 4.73s
Epoch: [44][0/9] 	 loss: 0.13403, MAE: 0.19555, time/step=102ms, lr=4.44e-04
Epoch: [44][8/9] 	 loss: 0.18390, MAE: 0.26831, time/step=379ms, lr=4.44e-04
Epoch: [44] Target: [4] train MAE: 0.26831, val MAE: 0.56924, Time: 4.73s
Epoch: [45][0/9] 	 loss: 0.18175, MAE: 0.26518, time/step=116ms, lr=4.41e-04
Epoch: [45][8/9] 	 loss: 0.22312, MAE: 0.32554, time/step=387ms, lr=4.41e-04
Epoch: [45] Target: [4] train MAE: 0.32554, val MAE: 0.57322, Time: 4.84s
Epoch: [46][0/9] 	 loss: 0.15371, MAE: 0.22427, time/step=88ms, lr=4.39e-04
Epoch: [46][8/9] 	 loss: 0.19180, MAE: 0.27985, time/step=384ms, lr=4.39e-04
Epoch: [46] Target: [4] train MAE: 0.27985, val MAE: 0.63297, Time: 4.78s
Epoch: [47][0/9] 	 loss: 0.25766, MAE: 0.37593, time/step=104ms, lr=4.36e-04
Epoch: [47][8/9] 	 loss: 0.24344, MAE: 0.35518, time/step=382ms, lr=4.36e-04
Epoch: [47] Target: [4] train MAE: 0.35518, val MAE: 0.58941, Time: 4.75s
Epoch: [48][0/9] 	 loss: 0.18683, MAE: 0.27260, time/step=87ms, lr=4.34e-04
Epoch: [48][8/9] 	 loss: 0.17616, MAE: 0.25703, time/step=368ms, lr=4.34e-04
Epoch: [48] Target: [4] train MAE: 0.25703, val MAE: 0.68997, Time: 4.64s
Epoch: [49][0/9] 	 loss: 0.12055, MAE: 0.17589, time/step=115ms, lr=4.31e-04
Epoch: [49][8/9] 	 loss: 0.17647, MAE: 0.25748, time/step=384ms, lr=4.31e-04
Epoch: [49] Target: [4] train MAE: 0.25748, val MAE: 0.64275, Time: 4.76s
Epoch: [50][0/9] 	 loss: 0.12019, MAE: 0.17536, time/step=98ms, lr=4.28e-04
Epoch: [50][8/9] 	 loss: 0.20763, MAE: 0.30295, time/step=373ms, lr=4.28e-04
Epoch: [50] Target: [4] train MAE: 0.30295, val MAE: 0.66079, Time: 4.67s
Epoch: [51][0/9] 	 loss: 0.31610, MAE: 0.46120, time/step=92ms, lr=4.25e-04
Epoch: [51][8/9] 	 loss: 0.18984, MAE: 0.27699, time/step=370ms, lr=4.25e-04
Epoch: [51] Target: [4] train MAE: 0.27699, val MAE: 0.64712, Time: 4.65s
Epoch: [52][0/9] 	 loss: 0.10183, MAE: 0.14858, time/step=96ms, lr=4.23e-04
Epoch: [52][8/9] 	 loss: 0.16218, MAE: 0.23662, time/step=382ms, lr=4.23e-04
Epoch: [52] Target: [4] train MAE: 0.23662, val MAE: 0.60100, Time: 4.77s
Epoch: [53][0/9] 	 loss: 0.23365, MAE: 0.34090, time/step=90ms, lr=4.20e-04
Epoch: [53][8/9] 	 loss: 0.20810, MAE: 0.30363, time/step=386ms, lr=4.20e-04
Epoch: [53] Target: [4] train MAE: 0.30363, val MAE: 0.56769, Time: 4.80s
Epoch: [54][0/9] 	 loss: 0.22479, MAE: 0.32798, time/step=115ms, lr=4.17e-04
Epoch: [54][8/9] 	 loss: 0.15053, MAE: 0.21963, time/step=383ms, lr=4.17e-04
Epoch: [54] Target: [4] train MAE: 0.21963, val MAE: 0.57030, Time: 4.78s
Epoch: [55][0/9] 	 loss: 0.17484, MAE: 0.25509, time/step=106ms, lr=4.14e-04
Epoch: [55][8/9] 	 loss: 0.21596, MAE: 0.31509, time/step=379ms, lr=4.14e-04
Epoch: [55] Target: [4] train MAE: 0.31509, val MAE: 0.54548, Time: 4.74s
Epoch: [56][0/9] 	 loss: 0.10456, MAE: 0.15255, time/step=125ms, lr=4.11e-04
Epoch: [56][8/9] 	 loss: 0.15005, MAE: 0.21893, time/step=379ms, lr=4.11e-04
Epoch: [56] Target: [4] train MAE: 0.21893, val MAE: 0.53686, Time: 4.73s
Early stopping at Epoch: [56/200].

Best -- epoch=24, train MAE: 0.46338, val MAE: 0.52730.

Early stopping computation complete.

Epoch: [0][0/11] 	 loss: 0.60925, MAE: 0.88892, time/step=102ms, lr=1.00e-06
Epoch: [0][10/11] 	 loss: 0.87109, MAE: 1.27094, time/step=384ms, lr=1.00e-06
Epoch: [0] Target: [4] train MAE: 1.27094, Time: 4.54s
Epoch: [1][0/11] 	 loss: 0.74548, MAE: 1.08768, time/step=108ms, lr=1.01e-04
Epoch: [1][10/11] 	 loss: 0.77081, MAE: 1.12463, time/step=390ms, lr=1.01e-04
Epoch: [1] Target: [4] train MAE: 1.12463, Time: 4.61s
Epoch: [2][0/11] 	 loss: 0.96879, MAE: 1.41349, time/step=98ms, lr=2.01e-04
Epoch: [2][10/11] 	 loss: 0.95179, MAE: 1.38869, time/step=389ms, lr=2.01e-04
Epoch: [2] Target: [4] train MAE: 1.38869, Time: 4.58s
Epoch: [3][0/11] 	 loss: 0.94812, MAE: 1.38334, time/step=101ms, lr=3.00e-04
Epoch: [3][10/11] 	 loss: 0.76758, MAE: 1.11992, time/step=390ms, lr=3.00e-04
Epoch: [3] Target: [4] train MAE: 1.11992, Time: 4.60s
Epoch: [4][0/11] 	 loss: 0.68272, MAE: 0.99611, time/step=104ms, lr=4.00e-04
Epoch: [4][10/11] 	 loss: 0.70430, MAE: 1.02759, time/step=392ms, lr=4.00e-04
Epoch: [4] Target: [4] train MAE: 1.02759, Time: 4.62s
Epoch: [5][0/11] 	 loss: 0.79484, MAE: 1.15970, time/step=92ms, lr=4.99e-04
Epoch: [5][10/11] 	 loss: 0.65815, MAE: 0.96026, time/step=382ms, lr=4.99e-04
Epoch: [5] Target: [4] train MAE: 0.96026, Time: 4.52s
Epoch: [6][0/11] 	 loss: 0.63316, MAE: 0.92381, time/step=82ms, lr=4.99e-04
Epoch: [6][10/11] 	 loss: 0.61557, MAE: 0.89814, time/step=391ms, lr=4.99e-04
Epoch: [6] Target: [4] train MAE: 0.89814, Time: 4.60s
Epoch: [7][0/11] 	 loss: 0.72378, MAE: 1.05601, time/step=91ms, lr=4.99e-04
Epoch: [7][10/11] 	 loss: 0.67717, MAE: 0.98801, time/step=391ms, lr=4.99e-04
Epoch: [7] Target: [4] train MAE: 0.98801, Time: 4.61s
Epoch: [8][0/11] 	 loss: 0.41810, MAE: 0.61003, time/step=120ms, lr=4.98e-04
Epoch: [8][10/11] 	 loss: 0.53083, MAE: 0.77450, time/step=397ms, lr=4.98e-04
Epoch: [8] Target: [4] train MAE: 0.77450, Time: 4.68s
Epoch: [9][0/11] 	 loss: 0.34600, MAE: 0.50482, time/step=105ms, lr=4.98e-04
Epoch: [9][10/11] 	 loss: 0.42230, MAE: 0.61615, time/step=393ms, lr=4.98e-04
Epoch: [9] Target: [4] train MAE: 0.61615, Time: 4.64s
Epoch: [10][0/11] 	 loss: 0.36818, MAE: 0.53718, time/step=104ms, lr=4.97e-04
Epoch: [10][10/11] 	 loss: 0.41550, MAE: 0.60623, time/step=385ms, lr=4.97e-04
Epoch: [10] Target: [4] train MAE: 0.60623, Time: 4.56s
Epoch: [11][0/11] 	 loss: 0.32306, MAE: 0.47135, time/step=87ms, lr=4.96e-04
Epoch: [11][10/11] 	 loss: 0.38380, MAE: 0.55997, time/step=389ms, lr=4.96e-04
Epoch: [11] Target: [4] train MAE: 0.55997, Time: 4.58s
Epoch: [12][0/11] 	 loss: 0.54818, MAE: 0.79981, time/step=89ms, lr=4.96e-04
Epoch: [12][10/11] 	 loss: 0.35051, MAE: 0.51140, time/step=380ms, lr=4.96e-04
Epoch: [12] Target: [4] train MAE: 0.51140, Time: 4.48s
Epoch: [13][0/11] 	 loss: 0.53413, MAE: 0.77931, time/step=87ms, lr=4.95e-04
Epoch: [13][10/11] 	 loss: 0.40692, MAE: 0.59371, time/step=380ms, lr=4.95e-04
Epoch: [13] Target: [4] train MAE: 0.59371, Time: 4.50s
Epoch: [14][0/11] 	 loss: 0.31590, MAE: 0.46091, time/step=90ms, lr=4.94e-04
Epoch: [14][10/11] 	 loss: 0.38589, MAE: 0.56302, time/step=381ms, lr=4.94e-04
Epoch: [14] Target: [4] train MAE: 0.56302, Time: 4.50s
Epoch: [15][0/11] 	 loss: 0.46445, MAE: 0.67764, time/step=104ms, lr=4.93e-04
Epoch: [15][10/11] 	 loss: 0.35942, MAE: 0.52441, time/step=392ms, lr=4.93e-04
Epoch: [15] Target: [4] train MAE: 0.52441, Time: 4.62s
Epoch: [16][0/11] 	 loss: 0.30459, MAE: 0.44440, time/step=97ms, lr=4.92e-04
Epoch: [16][10/11] 	 loss: 0.28143, MAE: 0.41062, time/step=385ms, lr=4.92e-04
Epoch: [16] Target: [4] train MAE: 0.41062, Time: 4.55s
Epoch: [17][0/11] 	 loss: 0.28360, MAE: 0.41378, time/step=101ms, lr=4.91e-04
Epoch: [17][10/11] 	 loss: 0.24431, MAE: 0.35646, time/step=387ms, lr=4.91e-04
Epoch: [17] Target: [4] train MAE: 0.35646, Time: 4.57s
Epoch: [18][0/11] 	 loss: 0.20599, MAE: 0.30055, time/step=96ms, lr=4.90e-04
Epoch: [18][10/11] 	 loss: 0.25682, MAE: 0.37471, time/step=381ms, lr=4.90e-04
Epoch: [18] Target: [4] train MAE: 0.37471, Time: 4.50s
Epoch: [19][0/11] 	 loss: 0.26247, MAE: 0.38296, time/step=89ms, lr=4.89e-04
Epoch: [19][10/11] 	 loss: 0.25612, MAE: 0.37369, time/step=386ms, lr=4.89e-04
Epoch: [19] Target: [4] train MAE: 0.37369, Time: 4.56s
Epoch: [20][0/11] 	 loss: 0.30423, MAE: 0.44388, time/step=103ms, lr=4.88e-04
Epoch: [20][10/11] 	 loss: 0.23308, MAE: 0.34007, time/step=390ms, lr=4.88e-04
Epoch: [20] Target: [4] train MAE: 0.34007, Time: 4.61s
Epoch: [21][0/11] 	 loss: 0.22917, MAE: 0.33437, time/step=89ms, lr=4.87e-04
Epoch: [21][10/11] 	 loss: 0.24654, MAE: 0.35971, time/step=390ms, lr=4.87e-04
Epoch: [21] Target: [4] train MAE: 0.35971, Time: 4.60s
Epoch: [22][0/11] 	 loss: 0.16336, MAE: 0.23834, time/step=92ms, lr=4.86e-04
Epoch: [22][10/11] 	 loss: 0.22163, MAE: 0.32336, time/step=385ms, lr=4.86e-04
Epoch: [22] Target: [4] train MAE: 0.32336, Time: 4.55s
Epoch: [23][0/11] 	 loss: 0.23417, MAE: 0.34166, time/step=98ms, lr=4.84e-04
Epoch: [23][10/11] 	 loss: 0.24943, MAE: 0.36393, time/step=380ms, lr=4.84e-04
Epoch: [23] Target: [4] train MAE: 0.36393, Time: 4.49s
Epoch: [24][0/11] 	 loss: 0.19511, MAE: 0.28467, time/step=94ms, lr=4.83e-04
Epoch: [24][10/11] 	 loss: 0.26103, MAE: 0.38084, time/step=378ms, lr=4.83e-04
Epoch: [24] Target: [4] train MAE: 0.38084, Time: 4.46s
Epoch: [25][0/11] 	 loss: 0.18048, MAE: 0.26333, time/step=94ms, lr=4.81e-04
Epoch: [25][10/11] 	 loss: 0.20889, MAE: 0.30478, time/step=384ms, lr=4.81e-04
Epoch: [25] Target: [4] train MAE: 0.30478, Time: 4.53s
Epoch: [26][0/11] 	 loss: 0.11381, MAE: 0.16605, time/step=87ms, lr=4.80e-04
Epoch: [26][10/11] 	 loss: 0.22590, MAE: 0.32960, time/step=377ms, lr=4.80e-04
Epoch: [26] Target: [4] train MAE: 0.32960, Time: 4.46s
Epoch: [27][0/11] 	 loss: 0.38312, MAE: 0.55898, time/step=84ms, lr=4.78e-04
Epoch: [27][10/11] 	 loss: 0.28264, MAE: 0.41239, time/step=388ms, lr=4.78e-04
Epoch: [27] Target: [4] train MAE: 0.41239, Time: 4.58s
Epoch: [28][0/11] 	 loss: 0.28661, MAE: 0.41818, time/step=102ms, lr=4.77e-04
Epoch: [28][10/11] 	 loss: 0.21287, MAE: 0.31059, time/step=384ms, lr=4.77e-04
Epoch: [28] Target: [4] train MAE: 0.31059, Time: 4.53s
Epoch: [29][0/11] 	 loss: 0.12289, MAE: 0.17930, time/step=88ms, lr=4.75e-04
Epoch: [29][10/11] 	 loss: 0.19178, MAE: 0.27981, time/step=381ms, lr=4.75e-04
Epoch: [29] Target: [4] train MAE: 0.27981, Time: 4.53s
Epoch: [30][0/11] 	 loss: 0.19605, MAE: 0.28604, time/step=83ms, lr=4.73e-04
Epoch: [30][10/11] 	 loss: 0.19564, MAE: 0.28544, time/step=383ms, lr=4.73e-04
Epoch: [30] Target: [4] train MAE: 0.28544, Time: 4.52s
Epoch: [31][0/11] 	 loss: 0.24582, MAE: 0.35867, time/step=104ms, lr=4.72e-04
Epoch: [31][10/11] 	 loss: 0.18098, MAE: 0.26406, time/step=386ms, lr=4.72e-04
Epoch: [31] Target: [4] train MAE: 0.26406, Time: 4.56s
Epoch: [32][0/11] 	 loss: 0.14268, MAE: 0.20818, time/step=81ms, lr=4.70e-04
Epoch: [32][10/11] 	 loss: 0.22467, MAE: 0.32781, time/step=383ms, lr=4.70e-04
Epoch: [32] Target: [4] train MAE: 0.32781, Time: 4.53s
Epoch: [33][0/11] 	 loss: 0.13685, MAE: 0.19967, time/step=84ms, lr=4.68e-04
Epoch: [33][10/11] 	 loss: 0.16360, MAE: 0.23869, time/step=383ms, lr=4.68e-04
Epoch: [33] Target: [4] train MAE: 0.23869, Time: 4.53s
Epoch: [34][0/11] 	 loss: 0.21041, MAE: 0.30699, time/step=95ms, lr=4.66e-04
Epoch: [34][10/11] 	 loss: 0.20843, MAE: 0.30411, time/step=390ms, lr=4.66e-04
Epoch: [34] Target: [4] train MAE: 0.30411, Time: 4.60s
Epoch: [35][0/11] 	 loss: 0.15650, MAE: 0.22834, time/step=85ms, lr=4.64e-04
Epoch: [35][10/11] 	 loss: 0.18492, MAE: 0.26981, time/step=380ms, lr=4.64e-04
Epoch: [35] Target: [4] train MAE: 0.26981, Time: 4.48s
Epoch: [36][0/11] 	 loss: 0.22330, MAE: 0.32580, time/step=75ms, lr=4.62e-04
Epoch: [36][10/11] 	 loss: 0.30752, MAE: 0.44869, time/step=374ms, lr=4.62e-04
Epoch: [36] Target: [4] train MAE: 0.44869, Time: 4.42s
Epoch: [37][0/11] 	 loss: 0.24458, MAE: 0.35684, time/step=99ms, lr=4.60e-04
Epoch: [37][10/11] 	 loss: 0.22005, MAE: 0.32106, time/step=386ms, lr=4.60e-04
Epoch: [37] Target: [4] train MAE: 0.32106, Time: 4.56s
Epoch: [38][0/11] 	 loss: 0.17571, MAE: 0.25637, time/step=111ms, lr=4.58e-04
Epoch: [38][10/11] 	 loss: 0.17268, MAE: 0.25194, time/step=388ms, lr=4.58e-04
Epoch: [38] Target: [4] train MAE: 0.25194, Time: 4.57s
Epoch: [39][0/11] 	 loss: 0.12076, MAE: 0.17620, time/step=93ms, lr=4.55e-04
Epoch: [39][10/11] 	 loss: 0.13956, MAE: 0.20363, time/step=386ms, lr=4.55e-04
Epoch: [39] Target: [4] train MAE: 0.20363, Time: 4.56s
Epoch: [40][0/11] 	 loss: 0.12201, MAE: 0.17801, time/step=92ms, lr=4.53e-04
Epoch: [40][10/11] 	 loss: 0.11785, MAE: 0.17194, time/step=390ms, lr=4.53e-04
Epoch: [40] Target: [4] train MAE: 0.17194, Time: 4.60s
Epoch: [41][0/11] 	 loss: 0.10604, MAE: 0.15471, time/step=91ms, lr=4.51e-04
Epoch: [41][10/11] 	 loss: 0.14343, MAE: 0.20927, time/step=391ms, lr=4.51e-04
Epoch: [41] Target: [4] train MAE: 0.20927, Time: 4.61s
Epoch: [42][0/11] 	 loss: 0.12751, MAE: 0.18605, time/step=94ms, lr=4.49e-04
Epoch: [42][10/11] 	 loss: 0.16835, MAE: 0.24564, time/step=379ms, lr=4.49e-04
Epoch: [42] Target: [4] train MAE: 0.24564, Time: 4.49s
Epoch: [43][0/11] 	 loss: 0.12203, MAE: 0.17805, time/step=84ms, lr=4.46e-04
Epoch: [43][10/11] 	 loss: 0.14821, MAE: 0.21624, time/step=381ms, lr=4.46e-04
Epoch: [43] Target: [4] train MAE: 0.21624, Time: 4.50s
Epoch: [44][0/11] 	 loss: 0.20528, MAE: 0.29951, time/step=101ms, lr=4.44e-04
Epoch: [44][10/11] 	 loss: 0.17015, MAE: 0.24826, time/step=387ms, lr=4.44e-04
Epoch: [44] Target: [4] train MAE: 0.24826, Time: 4.56s
Epoch: [45][0/11] 	 loss: 0.14413, MAE: 0.21030, time/step=102ms, lr=4.41e-04
Epoch: [45][10/11] 	 loss: 0.15172, MAE: 0.22136, time/step=387ms, lr=4.41e-04
Epoch: [45] Target: [4] train MAE: 0.22136, Time: 4.57s
Epoch: [46][0/11] 	 loss: 0.10265, MAE: 0.14977, time/step=91ms, lr=4.39e-04
Epoch: [46][10/11] 	 loss: 0.13979, MAE: 0.20395, time/step=390ms, lr=4.39e-04
Epoch: [46] Target: [4] train MAE: 0.20395, Time: 4.60s
Epoch: [47][0/11] 	 loss: 0.12253, MAE: 0.17877, time/step=97ms, lr=4.36e-04
Epoch: [47][10/11] 	 loss: 0.15905, MAE: 0.23206, time/step=389ms, lr=4.36e-04
Epoch: [47] Target: [4] train MAE: 0.23206, Time: 4.58s
Epoch: [48][0/11] 	 loss: 0.10841, MAE: 0.15817, time/step=97ms, lr=4.34e-04
Epoch: [48][10/11] 	 loss: 0.13138, MAE: 0.19169, time/step=383ms, lr=4.34e-04
Epoch: [48] Target: [4] train MAE: 0.19169, Time: 4.52s
Epoch: [49][0/11] 	 loss: 0.17043, MAE: 0.24866, time/step=105ms, lr=4.31e-04
Epoch: [49][10/11] 	 loss: 0.10100, MAE: 0.14736, time/step=376ms, lr=4.31e-04
Epoch: [49] Target: [4] train MAE: 0.14736, Time: 4.44s
Epoch: [50][0/11] 	 loss: 0.12005, MAE: 0.17516, time/step=95ms, lr=4.28e-04
Epoch: [50][10/11] 	 loss: 0.11174, MAE: 0.16303, time/step=377ms, lr=4.28e-04
Epoch: [50] Target: [4] train MAE: 0.16303, Time: 4.45s
Epoch: [51][0/11] 	 loss: 0.10532, MAE: 0.15366, time/step=97ms, lr=4.25e-04
Epoch: [51][10/11] 	 loss: 0.10584, MAE: 0.15442, time/step=392ms, lr=4.25e-04
Epoch: [51] Target: [4] train MAE: 0.15442, Time: 4.63s
Epoch: [52][0/11] 	 loss: 0.09494, MAE: 0.13851, time/step=96ms, lr=4.23e-04
Epoch: [52][10/11] 	 loss: 0.12727, MAE: 0.18568, time/step=388ms, lr=4.23e-04
Epoch: [52] Target: [4] train MAE: 0.18568, Time: 4.57s
Epoch: [53][0/11] 	 loss: 0.16927, MAE: 0.24697, time/step=85ms, lr=4.20e-04
Epoch: [53][10/11] 	 loss: 0.12048, MAE: 0.17579, time/step=381ms, lr=4.20e-04
Epoch: [53] Target: [4] train MAE: 0.17579, Time: 4.50s
Epoch: [54][0/11] 	 loss: 0.10441, MAE: 0.15234, time/step=91ms, lr=4.17e-04
Epoch: [54][10/11] 	 loss: 0.12953, MAE: 0.18899, time/step=386ms, lr=4.17e-04
Epoch: [54] Target: [4] train MAE: 0.18899, Time: 4.56s
Epoch: [55][0/11] 	 loss: 0.14291, MAE: 0.20851, time/step=93ms, lr=4.14e-04
Epoch: [55][10/11] 	 loss: 0.12228, MAE: 0.17841, time/step=387ms, lr=4.14e-04
Epoch: [55] Target: [4] train MAE: 0.17841, Time: 4.57s
Best -- epoch=49, train MAE: 0.14736.

Laplace Layer Parameters: 2076
Laplace fitted. Time taken: 57.49
Prior precision optimised. Time: 59.40

Evaluating model.
Preparing calibration plot.

R2 Score: 0.6341472864151001
Mean Absolute Error: 0.6125583648681641
Training complete.

Incumbent: [11.37].
Querying Batch: [0]. Time: 0.10s.
slurmstepd: error: *** JOB 12850892 ON gpu132 CANCELLED AT 2024-07-04T18:19:04 ***
