Thu Jul 4 17:43:19 EDT 2024: Job 12851137 is allocated resources.
Inside slurm_launcher.slrm (/var/spool/slurmd/job12851137/slurm_script). received arguments: main.py --output-dir results/models/laplace --model-name equiformer_v2 --data-path datasets/qm9 --model-type Laplace --epochs 200 --iterations 30 --seed 0
Namespace(output_dir='results/models/laplace', model_name='equiformer_v2', model_type='Laplace', input_irreps=None, radius=5.0, num_basis=32, output_channels=1, epochs=200, iterations=30, batch_size=64, model_ema=True, model_ema_decay=0.9999, model_ema_force_cpu=False, drop_path_rate=0.1, patience=50, opt='adamw', opt_eps=1e-08, opt_betas=None, clip_grad=None, momentum=0.9, weight_decay=0.01, sched='cosine', lr=0.0005, lr_noise=None, lr_noise_pct=0.67, lr_noise_std=1.0, warmup_lr=1e-06, min_lr=1e-05, decay_epochs=30, warmup_epochs=5, cooldown_epochs=10, patience_epochs=10, decay_rate=0.1, print_freq=100, target=4, data_path='datasets/qm9', feature_type='one_hot', compute_stats=False, standardize=True, loss='l1', seed=0, workers=4, pin_mem=True, amp=False, prototyping=True, noise_sigma=0.02, denoising_coef=0.1, denoising_prob=0.5, corrupt_ratio=0.125)
wandb: Currently logged in as: andresguzco. Use `wandb login --relogin` to force relogin
wandb: wandb version 0.17.4 is available!  To upgrade, please run:
wandb:  $ pip install wandb --upgrade
wandb: Tracking run with wandb version 0.17.0
wandb: Run data is saved locally in /fs01/home/aguzmanc/3D_Bayes/wandb/run-20240704_174327-79rk4vb3
wandb: Run `wandb offline` to turn off syncing.
wandb: Syncing run Laplace
wandb: ⭐️ View project at https://wandb.ai/andresguzco/3D_Bayes
wandb: 🚀 View run at https://wandb.ai/andresguzco/3D_Bayes/runs/79rk4vb3
Training set mean: 6.820860385894775, std:1.4590328931808472
EquiformerV2(
  (sphere_embedding): Embedding(90, 128)
  (distance_expansion): GaussianSmearing()
  (SO3_rotation): ModuleList(
    (0): SO3_Rotation(
      (mapping): CoefficientMappingModule(lmax_list=[4], mmax_list=[4])
    )
  )
  (mappingReduced): CoefficientMappingModule(lmax_list=[4], mmax_list=[2])
  (SO3_grid): (4, 4)
  (edge_degree_embedding): EdgeDegreeEmbedding(
    (SO3_rotation): ModuleList(
      (0): SO3_Rotation(
        (mapping): CoefficientMappingModule(lmax_list=[4], mmax_list=[4])
      )
    )
    (mappingReduced): CoefficientMappingModule(lmax_list=[4], mmax_list=[2])
    (source_embedding): Embedding(90, 64)
    (target_embedding): Embedding(90, 64)
    (rad_func): RadialFunction(
      (net): Sequential(
        (0): Linear(in_features=728, out_features=64, bias=True)
        (1): LayerNorm((64,), eps=1e-05, elementwise_affine=True)
        (2): SiLU()
        (3): Linear(in_features=64, out_features=64, bias=True)
        (4): LayerNorm((64,), eps=1e-05, elementwise_affine=True)
        (5): SiLU()
        (6): Linear(in_features=64, out_features=640, bias=True)
      )
    )
  )
  (blocks): ModuleList(
    (0-1): 2 x TransBlockV2(
      (norm_1): EquivariantRMSNormArraySphericalHarmonicsV2(lmax=4, num_channels=128, eps=1e-05, centering=True, std_balance_degrees=True)
      (ga): SO2EquivariantGraphAttention(
        (SO3_rotation): ModuleList(
          (0): SO3_Rotation(
            (mapping): CoefficientMappingModule(lmax_list=[4], mmax_list=[4])
          )
        )
        (mappingReduced): CoefficientMappingModule(lmax_list=[4], mmax_list=[2])
        (SO3_grid): (4, 4)
        (source_embedding): Embedding(90, 64)
        (target_embedding): Embedding(90, 64)
        (so2_conv_1): SO2_Convolution(
          (mappingReduced): CoefficientMappingModule(lmax_list=[4], mmax_list=[2])
          (fc_m0): Linear(in_features=1280, out_features=896, bias=True)
          (so2_m_conv): ModuleList(
            (0): SO2_m_Convolution(
              (fc): Linear(in_features=1024, out_features=1024, bias=False)
            )
            (1): SO2_m_Convolution(
              (fc): Linear(in_features=768, out_features=768, bias=False)
            )
          )
          (rad_func): RadialFunction(
            (net): Sequential(
              (0): Linear(in_features=728, out_features=64, bias=True)
              (1): LayerNorm((64,), eps=1e-05, elementwise_affine=True)
              (2): SiLU()
              (3): Linear(in_features=64, out_features=64, bias=True)
              (4): LayerNorm((64,), eps=1e-05, elementwise_affine=True)
              (5): SiLU()
              (6): Linear(in_features=64, out_features=3072, bias=True)
            )
          )
        )
        (alpha_norm): LayerNorm((32,), eps=1e-05, elementwise_affine=True)
        (alpha_act): SmoothLeakyReLU(negative_slope=0.2)
        (alpha_dropout): Dropout(p=0.1, inplace=False)
        (s2_act): SeparableS2Activation(
          (scalar_act): SiLU()
          (s2_act): S2Activation(
            (act): SiLU()
          )
        )
        (so2_conv_2): SO2_Convolution(
          (mappingReduced): CoefficientMappingModule(lmax_list=[4], mmax_list=[2])
          (fc_m0): Linear(in_features=640, out_features=320, bias=True)
          (so2_m_conv): ModuleList(
            (0): SO2_m_Convolution(
              (fc): Linear(in_features=512, out_features=512, bias=False)
            )
            (1): SO2_m_Convolution(
              (fc): Linear(in_features=384, out_features=384, bias=False)
            )
          )
        )
        (proj): SO3_LinearV2(in_features=64, out_features=128, lmax=4)
      )
      (drop_path): GraphDropPath(drop_prob=0.05)
      (norm_2): EquivariantRMSNormArraySphericalHarmonicsV2(lmax=4, num_channels=128, eps=1e-05, centering=True, std_balance_degrees=True)
      (ffn): FeedForwardNetwork(
        (SO3_grid): (4, 4)
        (so3_linear_1): SO3_LinearV2(in_features=128, out_features=415, lmax=4)
        (gating_linear): Linear(in_features=128, out_features=415, bias=True)
        (s2_act): SeparableS2Activation(
          (scalar_act): SiLU()
          (s2_act): S2Activation(
            (act): SiLU()
          )
        )
        (so3_linear_2): SO3_LinearV2(in_features=415, out_features=128, lmax=4)
      )
    )
  )
  (norm): EquivariantRMSNormArraySphericalHarmonicsV2(lmax=4, num_channels=128, eps=1e-05, centering=True, std_balance_degrees=True)
  (energy_block): FeedForwardNetwork(
    (SO3_grid): (4, 4)
    (so3_linear_1): SO3_LinearV2(in_features=128, out_features=415, lmax=4)
    (gating_linear): Linear(in_features=128, out_features=415, bias=True)
    (s2_act): SeparableS2Activation(
      (scalar_act): SiLU()
      (s2_act): S2Activation(
        (act): SiLU()
      )
    )
    (so3_linear_2): SO3_LinearV2(in_features=415, out_features=1, lmax=4)
  )
)
Number of params: 9020630
Initiating training.

Starting validation step for early stopping.

Epoch: [0][0/8] 	 loss: 2.28060, MAE: 3.32747, time/step=771ms, lr=1.00e-06
Epoch: [0][7/8] 	 loss: 2.12562, MAE: 3.10135, time/step=378ms, lr=1.00e-06
Epoch: [0] Target: [4] train MAE: 3.10135, val MAE: 2.92280, Time: 3.75s
Epoch: [1][0/8] 	 loss: 1.88287, MAE: 2.74717, time/step=88ms, lr=1.01e-04
Epoch: [1][7/8] 	 loss: 1.65239, MAE: 2.41089, time/step=291ms, lr=1.01e-04
Epoch: [1] Target: [4] train MAE: 2.41089, val MAE: 3.20999, Time: 3.06s
Epoch: [2][0/8] 	 loss: 2.66659, MAE: 3.89064, time/step=98ms, lr=2.01e-04
Epoch: [2][7/8] 	 loss: 1.23125, MAE: 1.79643, time/step=287ms, lr=2.01e-04
Epoch: [2] Target: [4] train MAE: 1.79643, val MAE: 1.59857, Time: 3.03s
Epoch: [3][0/8] 	 loss: 1.13195, MAE: 1.65155, time/step=94ms, lr=3.00e-04
Epoch: [3][7/8] 	 loss: 0.88899, MAE: 1.29706, time/step=294ms, lr=3.00e-04
Epoch: [3] Target: [4] train MAE: 1.29706, val MAE: 1.51642, Time: 3.10s
Epoch: [4][0/8] 	 loss: 1.41009, MAE: 2.05737, time/step=100ms, lr=4.00e-04
Epoch: [4][7/8] 	 loss: 0.83611, MAE: 1.21992, time/step=285ms, lr=4.00e-04
Epoch: [4] Target: [4] train MAE: 1.21992, val MAE: 1.08209, Time: 3.04s
Epoch: [5][0/8] 	 loss: 0.57962, MAE: 0.84569, time/step=100ms, lr=4.99e-04
Epoch: [5][7/8] 	 loss: 0.71662, MAE: 1.04557, time/step=293ms, lr=4.99e-04
Epoch: [5] Target: [4] train MAE: 1.04557, val MAE: 0.86723, Time: 3.13s
Epoch: [6][0/8] 	 loss: 0.82318, MAE: 1.20105, time/step=81ms, lr=4.99e-04
Epoch: [6][7/8] 	 loss: 0.65078, MAE: 0.94950, time/step=297ms, lr=4.99e-04
Epoch: [6] Target: [4] train MAE: 0.94950, val MAE: 0.92286, Time: 3.09s
Epoch: [7][0/8] 	 loss: 0.57503, MAE: 0.83898, time/step=96ms, lr=4.99e-04
Epoch: [7][7/8] 	 loss: 0.58061, MAE: 0.84712, time/step=293ms, lr=4.99e-04
Epoch: [7] Target: [4] train MAE: 0.84712, val MAE: 0.77553, Time: 3.09s
Epoch: [8][0/8] 	 loss: 0.47057, MAE: 0.68658, time/step=92ms, lr=4.98e-04
Epoch: [8][7/8] 	 loss: 0.51872, MAE: 0.75682, time/step=296ms, lr=4.98e-04
Epoch: [8] Target: [4] train MAE: 0.75682, val MAE: 0.74836, Time: 3.12s
Epoch: [9][0/8] 	 loss: 0.70953, MAE: 1.03523, time/step=101ms, lr=4.98e-04
Epoch: [9][7/8] 	 loss: 0.60528, MAE: 0.88313, time/step=299ms, lr=4.98e-04
Epoch: [9] Target: [4] train MAE: 0.88313, val MAE: 0.93268, Time: 3.15s
Epoch: [10][0/8] 	 loss: 0.47926, MAE: 0.69926, time/step=87ms, lr=4.97e-04
Epoch: [10][7/8] 	 loss: 0.50413, MAE: 0.73554, time/step=293ms, lr=4.97e-04
Epoch: [10] Target: [4] train MAE: 0.73554, val MAE: 0.84495, Time: 3.10s
Epoch: [11][0/8] 	 loss: 0.87062, MAE: 1.27026, time/step=93ms, lr=4.96e-04
Epoch: [11][7/8] 	 loss: 0.47725, MAE: 0.69633, time/step=294ms, lr=4.96e-04
Epoch: [11] Target: [4] train MAE: 0.69633, val MAE: 0.72097, Time: 3.12s
Epoch: [12][0/8] 	 loss: 0.32614, MAE: 0.47585, time/step=87ms, lr=4.96e-04
Epoch: [12][7/8] 	 loss: 0.31646, MAE: 0.46172, time/step=295ms, lr=4.96e-04
Epoch: [12] Target: [4] train MAE: 0.46172, val MAE: 1.03386, Time: 3.11s
Epoch: [13][0/8] 	 loss: 0.40812, MAE: 0.59546, time/step=81ms, lr=4.95e-04
Epoch: [13][7/8] 	 loss: 0.34823, MAE: 0.50808, time/step=289ms, lr=4.95e-04
Epoch: [13] Target: [4] train MAE: 0.50808, val MAE: 0.79307, Time: 3.08s
Epoch: [14][0/8] 	 loss: 0.31253, MAE: 0.45599, time/step=89ms, lr=4.94e-04
Epoch: [14][7/8] 	 loss: 0.32810, MAE: 0.47871, time/step=297ms, lr=4.94e-04
Epoch: [14] Target: [4] train MAE: 0.47871, val MAE: 0.69981, Time: 3.14s
Epoch: [15][0/8] 	 loss: 0.27366, MAE: 0.39928, time/step=79ms, lr=4.93e-04
Epoch: [15][7/8] 	 loss: 0.26184, MAE: 0.38203, time/step=283ms, lr=4.93e-04
Epoch: [15] Target: [4] train MAE: 0.38203, val MAE: 0.63209, Time: 3.01s
Epoch: [16][0/8] 	 loss: 0.24799, MAE: 0.36183, time/step=111ms, lr=4.92e-04
Epoch: [16][7/8] 	 loss: 0.24862, MAE: 0.36275, time/step=297ms, lr=4.92e-04
Epoch: [16] Target: [4] train MAE: 0.36275, val MAE: 0.74585, Time: 3.13s
Epoch: [17][0/8] 	 loss: 0.20094, MAE: 0.29317, time/step=131ms, lr=4.91e-04
Epoch: [17][7/8] 	 loss: 0.26088, MAE: 0.38063, time/step=297ms, lr=4.91e-04
Epoch: [17] Target: [4] train MAE: 0.38063, val MAE: 0.85701, Time: 3.16s
Epoch: [18][0/8] 	 loss: 0.20410, MAE: 0.29779, time/step=95ms, lr=4.90e-04
Epoch: [18][7/8] 	 loss: 0.27660, MAE: 0.40356, time/step=307ms, lr=4.90e-04
Epoch: [18] Target: [4] train MAE: 0.40356, val MAE: 0.78774, Time: 3.22s
Epoch: [19][0/8] 	 loss: 0.31914, MAE: 0.46564, time/step=103ms, lr=4.89e-04
Epoch: [19][7/8] 	 loss: 0.27199, MAE: 0.39685, time/step=308ms, lr=4.89e-04
Epoch: [19] Target: [4] train MAE: 0.39685, val MAE: 0.69302, Time: 3.23s
Epoch: [20][0/8] 	 loss: 0.12187, MAE: 0.17782, time/step=105ms, lr=4.88e-04
Epoch: [20][7/8] 	 loss: 0.21308, MAE: 0.31090, time/step=302ms, lr=4.88e-04
Epoch: [20] Target: [4] train MAE: 0.31090, val MAE: 0.63275, Time: 3.17s
Epoch: [21][0/8] 	 loss: 0.18223, MAE: 0.26588, time/step=95ms, lr=4.87e-04
Epoch: [21][7/8] 	 loss: 0.29815, MAE: 0.43501, time/step=302ms, lr=4.87e-04
Epoch: [21] Target: [4] train MAE: 0.43501, val MAE: 1.07906, Time: 3.17s
Epoch: [22][0/8] 	 loss: 0.33338, MAE: 0.48642, time/step=96ms, lr=4.86e-04
Epoch: [22][7/8] 	 loss: 0.30997, MAE: 0.45225, time/step=309ms, lr=4.86e-04
Epoch: [22] Target: [4] train MAE: 0.45225, val MAE: 0.64123, Time: 3.22s
Epoch: [23][0/8] 	 loss: 0.30481, MAE: 0.44473, time/step=105ms, lr=4.84e-04
Epoch: [23][7/8] 	 loss: 0.30583, MAE: 0.44621, time/step=308ms, lr=4.84e-04
Epoch: [23] Target: [4] train MAE: 0.44621, val MAE: 0.88005, Time: 3.23s
Epoch: [24][0/8] 	 loss: 0.31597, MAE: 0.46101, time/step=95ms, lr=4.83e-04
Epoch: [24][7/8] 	 loss: 0.28051, MAE: 0.40927, time/step=305ms, lr=4.83e-04
Epoch: [24] Target: [4] train MAE: 0.40927, val MAE: 0.81117, Time: 3.21s
Epoch: [25][0/8] 	 loss: 0.15782, MAE: 0.23026, time/step=86ms, lr=4.81e-04
Epoch: [25][7/8] 	 loss: 0.23610, MAE: 0.34447, time/step=296ms, lr=4.81e-04
Epoch: [25] Target: [4] train MAE: 0.34447, val MAE: 0.67373, Time: 3.14s
Epoch: [26][0/8] 	 loss: 0.21032, MAE: 0.30686, time/step=108ms, lr=4.80e-04
Epoch: [26][7/8] 	 loss: 0.19414, MAE: 0.28325, time/step=302ms, lr=4.80e-04
Epoch: [26] Target: [4] train MAE: 0.28325, val MAE: 0.89754, Time: 3.16s
Epoch: [27][0/8] 	 loss: 0.18710, MAE: 0.27299, time/step=92ms, lr=4.78e-04
Epoch: [27][7/8] 	 loss: 0.17780, MAE: 0.25942, time/step=307ms, lr=4.78e-04
Epoch: [27] Target: [4] train MAE: 0.25942, val MAE: 0.86342, Time: 3.19s
Epoch: [28][0/8] 	 loss: 0.24077, MAE: 0.35129, time/step=131ms, lr=4.77e-04
Epoch: [28][7/8] 	 loss: 0.16134, MAE: 0.23540, time/step=301ms, lr=4.77e-04
Epoch: [28] Target: [4] train MAE: 0.23540, val MAE: 0.79620, Time: 3.18s
Epoch: [29][0/8] 	 loss: 0.08726, MAE: 0.12731, time/step=88ms, lr=4.75e-04
Epoch: [29][7/8] 	 loss: 0.14038, MAE: 0.20482, time/step=296ms, lr=4.75e-04
Epoch: [29] Target: [4] train MAE: 0.20482, val MAE: 0.72519, Time: 3.16s
Epoch: [30][0/8] 	 loss: 0.24221, MAE: 0.35339, time/step=95ms, lr=4.73e-04
Epoch: [30][7/8] 	 loss: 0.15692, MAE: 0.22896, time/step=299ms, lr=4.73e-04
Epoch: [30] Target: [4] train MAE: 0.22896, val MAE: 0.71773, Time: 3.15s
Epoch: [31][0/8] 	 loss: 0.16622, MAE: 0.24252, time/step=99ms, lr=4.72e-04
Epoch: [31][7/8] 	 loss: 0.18006, MAE: 0.26271, time/step=302ms, lr=4.72e-04
Epoch: [31] Target: [4] train MAE: 0.26271, val MAE: 0.77022, Time: 3.16s
Epoch: [32][0/8] 	 loss: 0.06200, MAE: 0.09045, time/step=100ms, lr=4.70e-04
Epoch: [32][7/8] 	 loss: 0.12660, MAE: 0.18471, time/step=294ms, lr=4.70e-04
Epoch: [32] Target: [4] train MAE: 0.18471, val MAE: 0.89464, Time: 3.12s
Epoch: [33][0/8] 	 loss: 0.20009, MAE: 0.29194, time/step=113ms, lr=4.68e-04
Epoch: [33][7/8] 	 loss: 0.15256, MAE: 0.22258, time/step=300ms, lr=4.68e-04
Epoch: [33] Target: [4] train MAE: 0.22258, val MAE: 0.67217, Time: 3.16s
Epoch: [34][0/8] 	 loss: 0.08756, MAE: 0.12776, time/step=93ms, lr=4.66e-04
Epoch: [34][7/8] 	 loss: 0.15005, MAE: 0.21893, time/step=298ms, lr=4.66e-04
Epoch: [34] Target: [4] train MAE: 0.21893, val MAE: 0.67912, Time: 3.18s
Epoch: [35][0/8] 	 loss: 0.08900, MAE: 0.12985, time/step=89ms, lr=4.64e-04
Epoch: [35][7/8] 	 loss: 0.15046, MAE: 0.21953, time/step=299ms, lr=4.64e-04
Epoch: [35] Target: [4] train MAE: 0.21953, val MAE: 0.69389, Time: 3.19s
Epoch: [36][0/8] 	 loss: 0.11202, MAE: 0.16344, time/step=98ms, lr=4.62e-04
Epoch: [36][7/8] 	 loss: 0.17751, MAE: 0.25900, time/step=309ms, lr=4.62e-04
Epoch: [36] Target: [4] train MAE: 0.25900, val MAE: 0.70925, Time: 3.26s
Epoch: [37][0/8] 	 loss: 0.06896, MAE: 0.10061, time/step=111ms, lr=4.60e-04
Epoch: [37][7/8] 	 loss: 0.11847, MAE: 0.17284, time/step=302ms, lr=4.60e-04
Epoch: [37] Target: [4] train MAE: 0.17284, val MAE: 0.82801, Time: 3.18s
Epoch: [38][0/8] 	 loss: 0.17982, MAE: 0.26237, time/step=106ms, lr=4.58e-04
Epoch: [38][7/8] 	 loss: 0.14328, MAE: 0.20905, time/step=305ms, lr=4.58e-04
Epoch: [38] Target: [4] train MAE: 0.20905, val MAE: 0.62010, Time: 3.25s
Epoch: [39][0/8] 	 loss: 0.13199, MAE: 0.19258, time/step=90ms, lr=4.55e-04
Epoch: [39][7/8] 	 loss: 0.14151, MAE: 0.20647, time/step=302ms, lr=4.55e-04
Epoch: [39] Target: [4] train MAE: 0.20647, val MAE: 0.80340, Time: 3.16s
Epoch: [40][0/8] 	 loss: 0.13806, MAE: 0.20143, time/step=91ms, lr=4.53e-04
Epoch: [40][7/8] 	 loss: 0.12962, MAE: 0.18912, time/step=298ms, lr=4.53e-04
Epoch: [40] Target: [4] train MAE: 0.18912, val MAE: 0.69247, Time: 3.17s
Epoch: [41][0/8] 	 loss: 0.12004, MAE: 0.17515, time/step=99ms, lr=4.51e-04
Epoch: [41][7/8] 	 loss: 0.11210, MAE: 0.16356, time/step=293ms, lr=4.51e-04
Epoch: [41] Target: [4] train MAE: 0.16356, val MAE: 0.72277, Time: 3.09s
Epoch: [42][0/8] 	 loss: 0.15698, MAE: 0.22903, time/step=96ms, lr=4.49e-04
Epoch: [42][7/8] 	 loss: 0.10678, MAE: 0.15580, time/step=296ms, lr=4.49e-04
Epoch: [42] Target: [4] train MAE: 0.15580, val MAE: 0.55244, Time: 3.13s
Epoch: [43][0/8] 	 loss: 0.19984, MAE: 0.29158, time/step=84ms, lr=4.46e-04
Epoch: [43][7/8] 	 loss: 0.15704, MAE: 0.22913, time/step=293ms, lr=4.46e-04
Epoch: [43] Target: [4] train MAE: 0.22913, val MAE: 0.71231, Time: 3.09s
Epoch: [44][0/8] 	 loss: 0.06525, MAE: 0.09520, time/step=97ms, lr=4.44e-04
Epoch: [44][7/8] 	 loss: 0.13581, MAE: 0.19816, time/step=306ms, lr=4.44e-04
Epoch: [44] Target: [4] train MAE: 0.19816, val MAE: 0.85028, Time: 3.21s
Epoch: [45][0/8] 	 loss: 0.18454, MAE: 0.26925, time/step=115ms, lr=4.41e-04
Epoch: [45][7/8] 	 loss: 0.15844, MAE: 0.23117, time/step=302ms, lr=4.41e-04
Epoch: [45] Target: [4] train MAE: 0.23117, val MAE: 0.68805, Time: 3.18s
Epoch: [46][0/8] 	 loss: 0.15114, MAE: 0.22052, time/step=88ms, lr=4.39e-04
Epoch: [46][7/8] 	 loss: 0.11948, MAE: 0.17432, time/step=310ms, lr=4.39e-04
Epoch: [46] Target: [4] train MAE: 0.17432, val MAE: 0.68757, Time: 3.26s
Epoch: [47][0/8] 	 loss: 0.24031, MAE: 0.35062, time/step=86ms, lr=4.36e-04
Epoch: [47][7/8] 	 loss: 0.13735, MAE: 0.20040, time/step=306ms, lr=4.36e-04
Epoch: [47] Target: [4] train MAE: 0.20040, val MAE: 0.64565, Time: 3.20s
Epoch: [48][0/8] 	 loss: 0.08652, MAE: 0.12624, time/step=93ms, lr=4.34e-04
Epoch: [48][7/8] 	 loss: 0.11244, MAE: 0.16406, time/step=301ms, lr=4.34e-04
Epoch: [48] Target: [4] train MAE: 0.16406, val MAE: 0.77516, Time: 3.15s
Epoch: [49][0/8] 	 loss: 0.14948, MAE: 0.21810, time/step=103ms, lr=4.31e-04
Epoch: [49][7/8] 	 loss: 0.12603, MAE: 0.18388, time/step=302ms, lr=4.31e-04
Epoch: [49] Target: [4] train MAE: 0.18388, val MAE: 0.70061, Time: 3.17s
Epoch: [50][0/8] 	 loss: 0.27388, MAE: 0.39960, time/step=102ms, lr=4.28e-04
Epoch: [50][7/8] 	 loss: 0.14486, MAE: 0.21135, time/step=300ms, lr=4.28e-04
Epoch: [50] Target: [4] train MAE: 0.21135, val MAE: 0.72004, Time: 3.16s
Epoch: [51][0/8] 	 loss: 0.09608, MAE: 0.14019, time/step=98ms, lr=4.25e-04
Epoch: [51][7/8] 	 loss: 0.10005, MAE: 0.14597, time/step=299ms, lr=4.25e-04
Epoch: [51] Target: [4] train MAE: 0.14597, val MAE: 0.72378, Time: 3.18s
Epoch: [52][0/8] 	 loss: 0.09334, MAE: 0.13618, time/step=87ms, lr=4.23e-04
Epoch: [52][7/8] 	 loss: 0.10732, MAE: 0.15659, time/step=311ms, lr=4.23e-04
Epoch: [52] Target: [4] train MAE: 0.15659, val MAE: 0.69252, Time: 3.25s
Epoch: [53][0/8] 	 loss: 0.12832, MAE: 0.18723, time/step=105ms, lr=4.20e-04
Epoch: [53][7/8] 	 loss: 0.11107, MAE: 0.16205, time/step=311ms, lr=4.20e-04
Epoch: [53] Target: [4] train MAE: 0.16205, val MAE: 0.66940, Time: 3.26s
Epoch: [54][0/8] 	 loss: 0.07398, MAE: 0.10795, time/step=95ms, lr=4.17e-04
Epoch: [54][7/8] 	 loss: 0.10323, MAE: 0.15061, time/step=302ms, lr=4.17e-04
Epoch: [54] Target: [4] train MAE: 0.15061, val MAE: 0.75223, Time: 3.20s
Epoch: [55][0/8] 	 loss: 0.09164, MAE: 0.13370, time/step=96ms, lr=4.14e-04
Epoch: [55][7/8] 	 loss: 0.10860, MAE: 0.15846, time/step=304ms, lr=4.14e-04
Epoch: [55] Target: [4] train MAE: 0.15846, val MAE: 0.75498, Time: 3.18s
Epoch: [56][0/8] 	 loss: 0.12567, MAE: 0.18335, time/step=105ms, lr=4.11e-04
Epoch: [56][7/8] 	 loss: 0.09956, MAE: 0.14526, time/step=296ms, lr=4.11e-04
Epoch: [56] Target: [4] train MAE: 0.14526, val MAE: 0.63562, Time: 3.12s
Epoch: [57][0/8] 	 loss: 0.13026, MAE: 0.19006, time/step=87ms, lr=4.08e-04
Epoch: [57][7/8] 	 loss: 0.10241, MAE: 0.14942, time/step=293ms, lr=4.08e-04
Epoch: [57] Target: [4] train MAE: 0.14942, val MAE: 0.64934, Time: 3.10s
Epoch: [58][0/8] 	 loss: 0.09476, MAE: 0.13825, time/step=97ms, lr=4.05e-04
Epoch: [58][7/8] 	 loss: 0.10947, MAE: 0.15972, time/step=301ms, lr=4.05e-04
Epoch: [58] Target: [4] train MAE: 0.15972, val MAE: 0.73229, Time: 3.15s
Epoch: [59][0/8] 	 loss: 0.10713, MAE: 0.15631, time/step=111ms, lr=4.02e-04
Epoch: [59][7/8] 	 loss: 0.07722, MAE: 0.11267, time/step=298ms, lr=4.02e-04
Epoch: [59] Target: [4] train MAE: 0.11267, val MAE: 0.69753, Time: 3.15s
Epoch: [60][0/8] 	 loss: 0.09541, MAE: 0.13920, time/step=107ms, lr=3.99e-04
Epoch: [60][7/8] 	 loss: 0.06858, MAE: 0.10006, time/step=304ms, lr=3.99e-04
Epoch: [60] Target: [4] train MAE: 0.10006, val MAE: 0.69401, Time: 3.17s
Epoch: [61][0/8] 	 loss: 0.09253, MAE: 0.13500, time/step=86ms, lr=3.96e-04
Epoch: [61][7/8] 	 loss: 0.08773, MAE: 0.12799, time/step=299ms, lr=3.96e-04
Epoch: [61] Target: [4] train MAE: 0.12799, val MAE: 0.71094, Time: 3.14s
Early stopping at Epoch: [61/200].

Best -- epoch=42, train MAE: 0.15580, val MAE: 0.55244.

Early stopping computation complete.

Epoch: [0][0/10] 	 loss: 2.58799, MAE: 3.77596, time/step=93ms, lr=1.00e-06
Epoch: [0][9/10] 	 loss: 2.53371, MAE: 3.69677, time/step=297ms, lr=1.00e-06
Epoch: [0] Target: [4] train MAE: 3.69677, Time: 3.19s
Epoch: [1][0/10] 	 loss: 2.74568, MAE: 4.00604, time/step=86ms, lr=1.01e-04
Epoch: [1][9/10] 	 loss: 1.68165, MAE: 2.45358, time/step=304ms, lr=1.01e-04
Epoch: [1] Target: [4] train MAE: 2.45358, Time: 3.27s
Epoch: [2][0/10] 	 loss: 1.47879, MAE: 2.15760, time/step=96ms, lr=2.01e-04
Epoch: [2][9/10] 	 loss: 1.01341, MAE: 1.47859, time/step=308ms, lr=2.01e-04
Epoch: [2] Target: [4] train MAE: 1.47859, Time: 3.31s
Epoch: [3][0/10] 	 loss: 0.73650, MAE: 1.07457, time/step=85ms, lr=3.00e-04
Epoch: [3][9/10] 	 loss: 0.87084, MAE: 1.27058, time/step=294ms, lr=3.00e-04
Epoch: [3] Target: [4] train MAE: 1.27058, Time: 3.17s
Epoch: [4][0/10] 	 loss: 0.63199, MAE: 0.92209, time/step=84ms, lr=4.00e-04
Epoch: [4][9/10] 	 loss: 0.81093, MAE: 1.18318, time/step=310ms, lr=4.00e-04
Epoch: [4] Target: [4] train MAE: 1.18318, Time: 3.34s
Epoch: [5][0/10] 	 loss: 0.34995, MAE: 0.51059, time/step=93ms, lr=4.99e-04
Epoch: [5][9/10] 	 loss: 0.74224, MAE: 1.08296, time/step=301ms, lr=4.99e-04
Epoch: [5] Target: [4] train MAE: 1.08296, Time: 3.24s
Epoch: [6][0/10] 	 loss: 1.14670, MAE: 1.67307, time/step=91ms, lr=4.99e-04
Epoch: [6][9/10] 	 loss: 0.73056, MAE: 1.06591, time/step=304ms, lr=4.99e-04
Epoch: [6] Target: [4] train MAE: 1.06591, Time: 3.27s
Epoch: [7][0/10] 	 loss: 0.97924, MAE: 1.42874, time/step=101ms, lr=4.99e-04
Epoch: [7][9/10] 	 loss: 0.64886, MAE: 0.94671, time/step=304ms, lr=4.99e-04
Epoch: [7] Target: [4] train MAE: 0.94671, Time: 3.27s
Epoch: [8][0/10] 	 loss: 0.57968, MAE: 0.84577, time/step=85ms, lr=4.98e-04
Epoch: [8][9/10] 	 loss: 0.62123, MAE: 0.90639, time/step=299ms, lr=4.98e-04
Epoch: [8] Target: [4] train MAE: 0.90639, Time: 3.23s
Epoch: [9][0/10] 	 loss: 0.48118, MAE: 0.70205, time/step=87ms, lr=4.98e-04
Epoch: [9][9/10] 	 loss: 0.53177, MAE: 0.77588, time/step=301ms, lr=4.98e-04
Epoch: [9] Target: [4] train MAE: 0.77588, Time: 3.24s
Epoch: [10][0/10] 	 loss: 0.41887, MAE: 0.61115, time/step=117ms, lr=4.97e-04
Epoch: [10][9/10] 	 loss: 0.42641, MAE: 0.62215, time/step=307ms, lr=4.97e-04
Epoch: [10] Target: [4] train MAE: 0.62215, Time: 3.30s
Epoch: [11][0/10] 	 loss: 0.44085, MAE: 0.64322, time/step=115ms, lr=4.96e-04
Epoch: [11][9/10] 	 loss: 0.46570, MAE: 0.67948, time/step=312ms, lr=4.96e-04
Epoch: [11] Target: [4] train MAE: 0.67948, Time: 3.35s
Epoch: [12][0/10] 	 loss: 0.46341, MAE: 0.67613, time/step=86ms, lr=4.96e-04
Epoch: [12][9/10] 	 loss: 0.50793, MAE: 0.74108, time/step=305ms, lr=4.96e-04
Epoch: [12] Target: [4] train MAE: 0.74108, Time: 3.29s
Epoch: [13][0/10] 	 loss: 0.47729, MAE: 0.69639, time/step=97ms, lr=4.95e-04
Epoch: [13][9/10] 	 loss: 0.38311, MAE: 0.55897, time/step=304ms, lr=4.95e-04
Epoch: [13] Target: [4] train MAE: 0.55897, Time: 3.28s
Epoch: [14][0/10] 	 loss: 0.48688, MAE: 0.71038, time/step=94ms, lr=4.94e-04
Epoch: [14][9/10] 	 loss: 0.36323, MAE: 0.52996, time/step=311ms, lr=4.94e-04
Epoch: [14] Target: [4] train MAE: 0.52996, Time: 3.34s
Epoch: [15][0/10] 	 loss: 0.33404, MAE: 0.48738, time/step=97ms, lr=4.93e-04
Epoch: [15][9/10] 	 loss: 0.26364, MAE: 0.38466, time/step=310ms, lr=4.93e-04
Epoch: [15] Target: [4] train MAE: 0.38466, Time: 3.34s
Epoch: [16][0/10] 	 loss: 0.30884, MAE: 0.45060, time/step=101ms, lr=4.92e-04
Epoch: [16][9/10] 	 loss: 0.27115, MAE: 0.39562, time/step=305ms, lr=4.92e-04
Epoch: [16] Target: [4] train MAE: 0.39562, Time: 3.31s
Epoch: [17][0/10] 	 loss: 0.26199, MAE: 0.38225, time/step=88ms, lr=4.91e-04
Epoch: [17][9/10] 	 loss: 0.23072, MAE: 0.33663, time/step=308ms, lr=4.91e-04
Epoch: [17] Target: [4] train MAE: 0.33663, Time: 3.31s
Epoch: [18][0/10] 	 loss: 0.09669, MAE: 0.14107, time/step=114ms, lr=4.90e-04
Epoch: [18][9/10] 	 loss: 0.21172, MAE: 0.30891, time/step=303ms, lr=4.90e-04
Epoch: [18] Target: [4] train MAE: 0.30891, Time: 3.27s
Epoch: [19][0/10] 	 loss: 0.32371, MAE: 0.47230, time/step=99ms, lr=4.89e-04
Epoch: [19][9/10] 	 loss: 0.26563, MAE: 0.38757, time/step=298ms, lr=4.89e-04
Epoch: [19] Target: [4] train MAE: 0.38757, Time: 3.22s
Epoch: [20][0/10] 	 loss: 0.25429, MAE: 0.37102, time/step=82ms, lr=4.88e-04
Epoch: [20][9/10] 	 loss: 0.30494, MAE: 0.44492, time/step=317ms, lr=4.88e-04
Epoch: [20] Target: [4] train MAE: 0.44492, Time: 3.41s
Epoch: [21][0/10] 	 loss: 0.18616, MAE: 0.27161, time/step=107ms, lr=4.87e-04
Epoch: [21][9/10] 	 loss: 0.22520, MAE: 0.32858, time/step=307ms, lr=4.87e-04
Epoch: [21] Target: [4] train MAE: 0.32858, Time: 3.30s
Epoch: [22][0/10] 	 loss: 0.13341, MAE: 0.19465, time/step=97ms, lr=4.86e-04
Epoch: [22][9/10] 	 loss: 0.20914, MAE: 0.30514, time/step=312ms, lr=4.86e-04
Epoch: [22] Target: [4] train MAE: 0.30514, Time: 3.38s
Epoch: [23][0/10] 	 loss: 0.24540, MAE: 0.35805, time/step=79ms, lr=4.84e-04
Epoch: [23][9/10] 	 loss: 0.25672, MAE: 0.37456, time/step=296ms, lr=4.84e-04
Epoch: [23] Target: [4] train MAE: 0.37456, Time: 3.20s
Epoch: [24][0/10] 	 loss: 0.30576, MAE: 0.44611, time/step=87ms, lr=4.83e-04
Epoch: [24][9/10] 	 loss: 0.28939, MAE: 0.42222, time/step=293ms, lr=4.83e-04
Epoch: [24] Target: [4] train MAE: 0.42222, Time: 3.21s
Epoch: [25][0/10] 	 loss: 0.17514, MAE: 0.25554, time/step=115ms, lr=4.81e-04
Epoch: [25][9/10] 	 loss: 0.21482, MAE: 0.31342, time/step=308ms, lr=4.81e-04
Epoch: [25] Target: [4] train MAE: 0.31342, Time: 3.31s
Epoch: [26][0/10] 	 loss: 0.31631, MAE: 0.46151, time/step=99ms, lr=4.80e-04
Epoch: [26][9/10] 	 loss: 0.23752, MAE: 0.34656, time/step=298ms, lr=4.80e-04
Epoch: [26] Target: [4] train MAE: 0.34656, Time: 3.23s
Epoch: [27][0/10] 	 loss: 0.11650, MAE: 0.16997, time/step=87ms, lr=4.78e-04
Epoch: [27][9/10] 	 loss: 0.18220, MAE: 0.26584, time/step=306ms, lr=4.78e-04
Epoch: [27] Target: [4] train MAE: 0.26584, Time: 3.30s
Epoch: [28][0/10] 	 loss: 0.10448, MAE: 0.15244, time/step=121ms, lr=4.77e-04
Epoch: [28][9/10] 	 loss: 0.19160, MAE: 0.27955, time/step=314ms, lr=4.77e-04
Epoch: [28] Target: [4] train MAE: 0.27955, Time: 3.38s
Epoch: [29][0/10] 	 loss: 0.11128, MAE: 0.16236, time/step=90ms, lr=4.75e-04
Epoch: [29][9/10] 	 loss: 0.16644, MAE: 0.24284, time/step=313ms, lr=4.75e-04
Epoch: [29] Target: [4] train MAE: 0.24284, Time: 3.37s
Epoch: [30][0/10] 	 loss: 0.17555, MAE: 0.25613, time/step=104ms, lr=4.73e-04
Epoch: [30][9/10] 	 loss: 0.17546, MAE: 0.25600, time/step=299ms, lr=4.73e-04
Epoch: [30] Target: [4] train MAE: 0.25600, Time: 3.22s
Epoch: [31][0/10] 	 loss: 0.16128, MAE: 0.23531, time/step=91ms, lr=4.72e-04
Epoch: [31][9/10] 	 loss: 0.15241, MAE: 0.22237, time/step=303ms, lr=4.72e-04
Epoch: [31] Target: [4] train MAE: 0.22237, Time: 3.26s
Epoch: [32][0/10] 	 loss: 0.15628, MAE: 0.22802, time/step=102ms, lr=4.70e-04
Epoch: [32][9/10] 	 loss: 0.15280, MAE: 0.22294, time/step=309ms, lr=4.70e-04
Epoch: [32] Target: [4] train MAE: 0.22294, Time: 3.32s
Epoch: [33][0/10] 	 loss: 0.12572, MAE: 0.18343, time/step=95ms, lr=4.68e-04
Epoch: [33][9/10] 	 loss: 0.15342, MAE: 0.22384, time/step=308ms, lr=4.68e-04
Epoch: [33] Target: [4] train MAE: 0.22384, Time: 3.31s
Epoch: [34][0/10] 	 loss: 0.12128, MAE: 0.17695, time/step=88ms, lr=4.66e-04
Epoch: [34][9/10] 	 loss: 0.16263, MAE: 0.23728, time/step=292ms, lr=4.66e-04
Epoch: [34] Target: [4] train MAE: 0.23728, Time: 3.15s
Epoch: [35][0/10] 	 loss: 0.16843, MAE: 0.24575, time/step=90ms, lr=4.64e-04
Epoch: [35][9/10] 	 loss: 0.17629, MAE: 0.25722, time/step=298ms, lr=4.64e-04
Epoch: [35] Target: [4] train MAE: 0.25722, Time: 3.22s
Epoch: [36][0/10] 	 loss: 0.20468, MAE: 0.29864, time/step=91ms, lr=4.62e-04
Epoch: [36][9/10] 	 loss: 0.19143, MAE: 0.27931, time/step=297ms, lr=4.62e-04
Epoch: [36] Target: [4] train MAE: 0.27931, Time: 3.20s
Epoch: [37][0/10] 	 loss: 0.14485, MAE: 0.21134, time/step=106ms, lr=4.60e-04
Epoch: [37][9/10] 	 loss: 0.15805, MAE: 0.23060, time/step=301ms, lr=4.60e-04
Epoch: [37] Target: [4] train MAE: 0.23060, Time: 3.25s
Epoch: [38][0/10] 	 loss: 0.12875, MAE: 0.18786, time/step=90ms, lr=4.58e-04
Epoch: [38][9/10] 	 loss: 0.13683, MAE: 0.19964, time/step=303ms, lr=4.58e-04
Epoch: [38] Target: [4] train MAE: 0.19964, Time: 3.26s
Epoch: [39][0/10] 	 loss: 0.14121, MAE: 0.20604, time/step=97ms, lr=4.55e-04
Epoch: [39][9/10] 	 loss: 0.14645, MAE: 0.21367, time/step=299ms, lr=4.55e-04
Epoch: [39] Target: [4] train MAE: 0.21367, Time: 3.23s
Epoch: [40][0/10] 	 loss: 0.14267, MAE: 0.20816, time/step=96ms, lr=4.53e-04
Epoch: [40][9/10] 	 loss: 0.12898, MAE: 0.18819, time/step=305ms, lr=4.53e-04
Epoch: [40] Target: [4] train MAE: 0.18819, Time: 3.28s
Epoch: [41][0/10] 	 loss: 0.10336, MAE: 0.15081, time/step=84ms, lr=4.51e-04
Epoch: [41][9/10] 	 loss: 0.11551, MAE: 0.16854, time/step=297ms, lr=4.51e-04
Epoch: [41] Target: [4] train MAE: 0.16854, Time: 3.20s
Epoch: [42][0/10] 	 loss: 0.06316, MAE: 0.09216, time/step=85ms, lr=4.49e-04
Epoch: [42][9/10] 	 loss: 0.10755, MAE: 0.15692, time/step=303ms, lr=4.49e-04
Epoch: [42] Target: [4] train MAE: 0.15692, Time: 3.27s
Epoch: [43][0/10] 	 loss: 0.07663, MAE: 0.11181, time/step=91ms, lr=4.46e-04
Epoch: [43][9/10] 	 loss: 0.10689, MAE: 0.15596, time/step=302ms, lr=4.46e-04
Epoch: [43] Target: [4] train MAE: 0.15596, Time: 3.26s
Epoch: [44][0/10] 	 loss: 0.06245, MAE: 0.09111, time/step=82ms, lr=4.44e-04
Epoch: [44][9/10] 	 loss: 0.12751, MAE: 0.18605, time/step=302ms, lr=4.44e-04
Epoch: [44] Target: [4] train MAE: 0.18605, Time: 3.25s
Epoch: [45][0/10] 	 loss: 0.09553, MAE: 0.13938, time/step=85ms, lr=4.41e-04
Epoch: [45][9/10] 	 loss: 0.09979, MAE: 0.14559, time/step=305ms, lr=4.41e-04
Epoch: [45] Target: [4] train MAE: 0.14559, Time: 3.28s
Epoch: [46][0/10] 	 loss: 0.05264, MAE: 0.07680, time/step=98ms, lr=4.39e-04
Epoch: [46][9/10] 	 loss: 0.11288, MAE: 0.16470, time/step=303ms, lr=4.39e-04
Epoch: [46] Target: [4] train MAE: 0.16470, Time: 3.27s
Epoch: [47][0/10] 	 loss: 0.09847, MAE: 0.14367, time/step=107ms, lr=4.36e-04
Epoch: [47][9/10] 	 loss: 0.10340, MAE: 0.15087, time/step=305ms, lr=4.36e-04
Epoch: [47] Target: [4] train MAE: 0.15087, Time: 3.28s
Epoch: [48][0/10] 	 loss: 0.12099, MAE: 0.17653, time/step=96ms, lr=4.34e-04
Epoch: [48][9/10] 	 loss: 0.11044, MAE: 0.16113, time/step=310ms, lr=4.34e-04
Epoch: [48] Target: [4] train MAE: 0.16113, Time: 3.34s
Epoch: [49][0/10] 	 loss: 0.12146, MAE: 0.17722, time/step=86ms, lr=4.31e-04
Epoch: [49][9/10] 	 loss: 0.11362, MAE: 0.16577, time/step=303ms, lr=4.31e-04
Epoch: [49] Target: [4] train MAE: 0.16577, Time: 3.27s
Epoch: [50][0/10] 	 loss: 0.04960, MAE: 0.07237, time/step=95ms, lr=4.28e-04
Epoch: [50][9/10] 	 loss: 0.09504, MAE: 0.13867, time/step=302ms, lr=4.28e-04
Epoch: [50] Target: [4] train MAE: 0.13867, Time: 3.26s
Epoch: [51][0/10] 	 loss: 0.13523, MAE: 0.19731, time/step=110ms, lr=4.25e-04
Epoch: [51][9/10] 	 loss: 0.10756, MAE: 0.15693, time/step=312ms, lr=4.25e-04
Epoch: [51] Target: [4] train MAE: 0.15693, Time: 3.37s
Epoch: [52][0/10] 	 loss: 0.15106, MAE: 0.22040, time/step=97ms, lr=4.23e-04
Epoch: [52][9/10] 	 loss: 0.14152, MAE: 0.20648, time/step=307ms, lr=4.23e-04
Epoch: [52] Target: [4] train MAE: 0.20648, Time: 3.31s
Epoch: [53][0/10] 	 loss: 0.21761, MAE: 0.31750, time/step=89ms, lr=4.20e-04
Epoch: [53][9/10] 	 loss: 0.11352, MAE: 0.16563, time/step=299ms, lr=4.20e-04
Epoch: [53] Target: [4] train MAE: 0.16563, Time: 3.23s
Epoch: [54][0/10] 	 loss: 0.06737, MAE: 0.09830, time/step=89ms, lr=4.17e-04
Epoch: [54][9/10] 	 loss: 0.10895, MAE: 0.15897, time/step=294ms, lr=4.17e-04
Epoch: [54] Target: [4] train MAE: 0.15897, Time: 3.17s
Epoch: [55][0/10] 	 loss: 0.15407, MAE: 0.22479, time/step=89ms, lr=4.14e-04
Epoch: [55][9/10] 	 loss: 0.11930, MAE: 0.17407, time/step=292ms, lr=4.14e-04
Epoch: [55] Target: [4] train MAE: 0.17407, Time: 3.15s
Epoch: [56][0/10] 	 loss: 0.10431, MAE: 0.15219, time/step=96ms, lr=4.11e-04
Epoch: [56][9/10] 	 loss: 0.10358, MAE: 0.15113, time/step=296ms, lr=4.11e-04
Epoch: [56] Target: [4] train MAE: 0.15113, Time: 3.20s
Epoch: [57][0/10] 	 loss: 0.09812, MAE: 0.14316, time/step=96ms, lr=4.08e-04
Epoch: [57][9/10] 	 loss: 0.09569, MAE: 0.13961, time/step=296ms, lr=4.08e-04
Epoch: [57] Target: [4] train MAE: 0.13961, Time: 3.19s
Epoch: [58][0/10] 	 loss: 0.07155, MAE: 0.10439, time/step=89ms, lr=4.05e-04
Epoch: [58][9/10] 	 loss: 0.09696, MAE: 0.14147, time/step=302ms, lr=4.05e-04
Epoch: [58] Target: [4] train MAE: 0.14147, Time: 3.26s
Epoch: [59][0/10] 	 loss: 0.11869, MAE: 0.17317, time/step=101ms, lr=4.02e-04
Epoch: [59][9/10] 	 loss: 0.10798, MAE: 0.15754, time/step=302ms, lr=4.02e-04
Epoch: [59] Target: [4] train MAE: 0.15754, Time: 3.24s
Epoch: [60][0/10] 	 loss: 0.12778, MAE: 0.18644, time/step=105ms, lr=3.99e-04
Epoch: [60][9/10] 	 loss: 0.11388, MAE: 0.16615, time/step=323ms, lr=3.99e-04
Epoch: [60] Target: [4] train MAE: 0.16615, Time: 3.46s
Best -- epoch=50, train MAE: 0.13867.

Laplace Layer Parameters: 2076
Laplace fitted. Time taken: 51.96
Prior precision optimised. Time: 54.85

Evaluating model.
Preparing calibration plot.

R2 Score: 0.6843226552009583
Mean Absolute Error: 0.5572205185890198
Training complete.

Incumbent: [11.37].
Querying Batch: [0]. Time: 0.11s.
Querying Complete.

Iter: 0. Next query: 569. Selection: 8.44. 
Virtual Library Size: 1000. Train Library Size: 100.

Initiating training.

Starting validation step for early stopping.

Epoch: [0][0/8] 	 loss: 2.02489, MAE: 2.95438, time/step=105ms, lr=1.00e-06
Epoch: [0][7/8] 	 loss: 1.75936, MAE: 2.56697, time/step=397ms, lr=1.00e-06
Epoch: [0] Target: [4] train MAE: 2.56697, val MAE: 2.76272, Time: 4.66s
Epoch: [1][0/8] 	 loss: 1.90471, MAE: 2.77903, time/step=99ms, lr=1.01e-04
Epoch: [1][7/8] 	 loss: 1.54557, MAE: 2.25504, time/step=401ms, lr=1.01e-04
Epoch: [1] Target: [4] train MAE: 2.25504, val MAE: 2.50022, Time: 4.67s
Epoch: [2][0/8] 	 loss: 1.47016, MAE: 2.14501, time/step=90ms, lr=2.01e-04
Epoch: [2][7/8] 	 loss: 1.17196, MAE: 1.70992, time/step=392ms, lr=2.01e-04
Epoch: [2] Target: [4] train MAE: 1.70992, val MAE: 1.90753, Time: 4.55s
Epoch: [3][0/8] 	 loss: 1.42536, MAE: 2.07964, time/step=109ms, lr=3.00e-04
Epoch: [3][7/8] 	 loss: 0.94693, MAE: 1.38160, time/step=391ms, lr=3.00e-04
Epoch: [3] Target: [4] train MAE: 1.38160, val MAE: 1.21441, Time: 4.58s
Epoch: [4][0/8] 	 loss: 0.99385, MAE: 1.45007, time/step=99ms, lr=4.00e-04
Epoch: [4][7/8] 	 loss: 0.85504, MAE: 1.24752, time/step=398ms, lr=4.00e-04
Epoch: [4] Target: [4] train MAE: 1.24752, val MAE: 1.35215, Time: 4.63s
Epoch: [5][0/8] 	 loss: 0.59315, MAE: 0.86542, time/step=106ms, lr=4.99e-04
Epoch: [5][7/8] 	 loss: 0.73247, MAE: 1.06870, time/step=399ms, lr=4.99e-04
Epoch: [5] Target: [4] train MAE: 1.06870, val MAE: 1.11916, Time: 4.61s
Epoch: [6][0/8] 	 loss: 0.56923, MAE: 0.83053, time/step=102ms, lr=4.99e-04
Epoch: [6][7/8] 	 loss: 0.69609, MAE: 1.01561, time/step=400ms, lr=4.99e-04
Epoch: [6] Target: [4] train MAE: 1.01561, val MAE: 1.24598, Time: 4.65s
Epoch: [7][0/8] 	 loss: 0.81405, MAE: 1.18772, time/step=93ms, lr=4.99e-04
Epoch: [7][7/8] 	 loss: 0.62005, MAE: 0.90468, time/step=404ms, lr=4.99e-04
Epoch: [7] Target: [4] train MAE: 0.90468, val MAE: 1.15635, Time: 4.62s
Epoch: [8][0/8] 	 loss: 0.89413, MAE: 1.30457, time/step=97ms, lr=4.98e-04
Epoch: [8][7/8] 	 loss: 0.60869, MAE: 0.88811, time/step=394ms, lr=4.98e-04
Epoch: [8] Target: [4] train MAE: 0.88811, val MAE: 1.12931, Time: 4.55s
Epoch: [9][0/8] 	 loss: 0.65766, MAE: 0.95955, time/step=81ms, lr=4.98e-04
Epoch: [9][7/8] 	 loss: 0.55981, MAE: 0.81678, time/step=400ms, lr=4.98e-04
Epoch: [9] Target: [4] train MAE: 0.81678, val MAE: 1.18193, Time: 4.63s
Epoch: [10][0/8] 	 loss: 0.37629, MAE: 0.54903, time/step=92ms, lr=4.97e-04
Epoch: [10][7/8] 	 loss: 0.51362, MAE: 0.74940, time/step=403ms, lr=4.97e-04
Epoch: [10] Target: [4] train MAE: 0.74940, val MAE: 1.03306, Time: 4.64s
Epoch: [11][0/8] 	 loss: 0.53427, MAE: 0.77952, time/step=104ms, lr=4.96e-04
Epoch: [11][7/8] 	 loss: 0.51594, MAE: 0.75277, time/step=396ms, lr=4.96e-04
Epoch: [11] Target: [4] train MAE: 0.75277, val MAE: 1.08273, Time: 4.59s
Epoch: [12][0/8] 	 loss: 0.37310, MAE: 0.54436, time/step=95ms, lr=4.96e-04
Epoch: [12][7/8] 	 loss: 0.43781, MAE: 0.63877, time/step=400ms, lr=4.96e-04
Epoch: [12] Target: [4] train MAE: 0.63877, val MAE: 0.86112, Time: 4.64s
Epoch: [13][0/8] 	 loss: 0.36032, MAE: 0.52572, time/step=80ms, lr=4.95e-04
Epoch: [13][7/8] 	 loss: 0.34928, MAE: 0.50961, time/step=404ms, lr=4.95e-04
Epoch: [13] Target: [4] train MAE: 0.50961, val MAE: 1.07341, Time: 4.66s
Epoch: [14][0/8] 	 loss: 0.46450, MAE: 0.67772, time/step=97ms, lr=4.94e-04
Epoch: [14][7/8] 	 loss: 0.28663, MAE: 0.41820, time/step=405ms, lr=4.94e-04
Epoch: [14] Target: [4] train MAE: 0.41820, val MAE: 0.98192, Time: 4.68s
Epoch: [15][0/8] 	 loss: 0.31080, MAE: 0.45346, time/step=92ms, lr=4.93e-04
Epoch: [15][7/8] 	 loss: 0.27779, MAE: 0.40530, time/step=397ms, lr=4.93e-04
Epoch: [15] Target: [4] train MAE: 0.40530, val MAE: 1.00894, Time: 4.60s
Epoch: [16][0/8] 	 loss: 0.24662, MAE: 0.35983, time/step=99ms, lr=4.92e-04
Epoch: [16][7/8] 	 loss: 0.31568, MAE: 0.46058, time/step=392ms, lr=4.92e-04
Epoch: [16] Target: [4] train MAE: 0.46058, val MAE: 0.99049, Time: 4.57s
Epoch: [17][0/8] 	 loss: 0.17757, MAE: 0.25909, time/step=80ms, lr=4.91e-04
Epoch: [17][7/8] 	 loss: 0.24871, MAE: 0.36287, time/step=392ms, lr=4.91e-04
Epoch: [17] Target: [4] train MAE: 0.36287, val MAE: 0.98379, Time: 4.57s
Epoch: [18][0/8] 	 loss: 0.16688, MAE: 0.24348, time/step=90ms, lr=4.90e-04
Epoch: [18][7/8] 	 loss: 0.24828, MAE: 0.36225, time/step=400ms, lr=4.90e-04
Epoch: [18] Target: [4] train MAE: 0.36225, val MAE: 0.98358, Time: 4.62s
Epoch: [19][0/8] 	 loss: 0.11069, MAE: 0.16150, time/step=106ms, lr=4.89e-04
Epoch: [19][7/8] 	 loss: 0.23373, MAE: 0.34103, time/step=403ms, lr=4.89e-04
Epoch: [19] Target: [4] train MAE: 0.34103, val MAE: 0.90497, Time: 4.64s
Epoch: [20][0/8] 	 loss: 0.20497, MAE: 0.29905, time/step=97ms, lr=4.88e-04
Epoch: [20][7/8] 	 loss: 0.17892, MAE: 0.26105, time/step=388ms, lr=4.88e-04
Epoch: [20] Target: [4] train MAE: 0.26105, val MAE: 0.95691, Time: 4.52s
Epoch: [21][0/8] 	 loss: 0.10325, MAE: 0.15065, time/step=103ms, lr=4.87e-04
Epoch: [21][7/8] 	 loss: 0.13552, MAE: 0.19773, time/step=403ms, lr=4.87e-04
Epoch: [21] Target: [4] train MAE: 0.19773, val MAE: 0.98661, Time: 4.65s
Epoch: [22][0/8] 	 loss: 0.13489, MAE: 0.19681, time/step=107ms, lr=4.86e-04
Epoch: [22][7/8] 	 loss: 0.19307, MAE: 0.28170, time/step=396ms, lr=4.86e-04
Epoch: [22] Target: [4] train MAE: 0.28170, val MAE: 0.94807, Time: 4.60s
Epoch: [23][0/8] 	 loss: 0.11369, MAE: 0.16587, time/step=89ms, lr=4.84e-04
Epoch: [23][7/8] 	 loss: 0.19704, MAE: 0.28749, time/step=402ms, lr=4.84e-04
Epoch: [23] Target: [4] train MAE: 0.28749, val MAE: 0.95371, Time: 4.64s
Epoch: [24][0/8] 	 loss: 0.33577, MAE: 0.48990, time/step=89ms, lr=4.83e-04
Epoch: [24][7/8] 	 loss: 0.20069, MAE: 0.29281, time/step=400ms, lr=4.83e-04
Epoch: [24] Target: [4] train MAE: 0.29281, val MAE: 0.92440, Time: 4.62s
Epoch: [25][0/8] 	 loss: 0.21923, MAE: 0.31987, time/step=91ms, lr=4.81e-04
Epoch: [25][7/8] 	 loss: 0.18663, MAE: 0.27229, time/step=404ms, lr=4.81e-04
Epoch: [25] Target: [4] train MAE: 0.27229, val MAE: 0.91526, Time: 4.66s
Epoch: [26][0/8] 	 loss: 0.27072, MAE: 0.39499, time/step=125ms, lr=4.80e-04
Epoch: [26][7/8] 	 loss: 0.17064, MAE: 0.24896, time/step=388ms, lr=4.80e-04
Epoch: [26] Target: [4] train MAE: 0.24896, val MAE: 0.93927, Time: 4.52s
Epoch: [27][0/8] 	 loss: 0.14864, MAE: 0.21686, time/step=104ms, lr=4.78e-04
Epoch: [27][7/8] 	 loss: 0.19969, MAE: 0.29136, time/step=400ms, lr=4.78e-04
Epoch: [27] Target: [4] train MAE: 0.29136, val MAE: 0.97258, Time: 4.62s
Epoch: [28][0/8] 	 loss: 0.15800, MAE: 0.23052, time/step=119ms, lr=4.77e-04
Epoch: [28][7/8] 	 loss: 0.16155, MAE: 0.23571, time/step=402ms, lr=4.77e-04
Epoch: [28] Target: [4] train MAE: 0.23571, val MAE: 0.95464, Time: 4.65s
Epoch: [29][0/8] 	 loss: 0.14483, MAE: 0.21131, time/step=88ms, lr=4.75e-04
Epoch: [29][7/8] 	 loss: 0.21781, MAE: 0.31780, time/step=407ms, lr=4.75e-04
Epoch: [29] Target: [4] train MAE: 0.31780, val MAE: 0.95449, Time: 4.71s
Epoch: [30][0/8] 	 loss: 0.15651, MAE: 0.22835, time/step=95ms, lr=4.73e-04
Epoch: [30][7/8] 	 loss: 0.24939, MAE: 0.36387, time/step=415ms, lr=4.73e-04
Epoch: [30] Target: [4] train MAE: 0.36387, val MAE: 0.85977, Time: 4.74s
Epoch: [31][0/8] 	 loss: 0.24453, MAE: 0.35678, time/step=107ms, lr=4.72e-04
Epoch: [31][7/8] 	 loss: 0.19772, MAE: 0.28847, time/step=402ms, lr=4.72e-04
Epoch: [31] Target: [4] train MAE: 0.28847, val MAE: 0.94221, Time: 4.64s
Epoch: [32][0/8] 	 loss: 0.24450, MAE: 0.35673, time/step=106ms, lr=4.70e-04
Epoch: [32][7/8] 	 loss: 0.22103, MAE: 0.32249, time/step=396ms, lr=4.70e-04
Epoch: [32] Target: [4] train MAE: 0.32249, val MAE: 0.96036, Time: 4.56s
Epoch: [33][0/8] 	 loss: 0.11915, MAE: 0.17384, time/step=101ms, lr=4.68e-04
Epoch: [33][7/8] 	 loss: 0.16565, MAE: 0.24168, time/step=397ms, lr=4.68e-04
Epoch: [33] Target: [4] train MAE: 0.24168, val MAE: 0.88387, Time: 4.65s
Epoch: [34][0/8] 	 loss: 0.37541, MAE: 0.54774, time/step=108ms, lr=4.66e-04
Epoch: [34][7/8] 	 loss: 0.23927, MAE: 0.34911, time/step=398ms, lr=4.66e-04
Epoch: [34] Target: [4] train MAE: 0.34911, val MAE: 1.06100, Time: 4.67s
Epoch: [35][0/8] 	 loss: 0.20219, MAE: 0.29500, time/step=83ms, lr=4.64e-04
Epoch: [35][7/8] 	 loss: 0.21136, MAE: 0.30838, time/step=395ms, lr=4.64e-04
Epoch: [35] Target: [4] train MAE: 0.30838, val MAE: 0.91288, Time: 4.58s
Epoch: [36][0/8] 	 loss: 0.22097, MAE: 0.32240, time/step=106ms, lr=4.62e-04
Epoch: [36][7/8] 	 loss: 0.16869, MAE: 0.24612, time/step=411ms, lr=4.62e-04
Epoch: [36] Target: [4] train MAE: 0.24612, val MAE: 1.03481, Time: 4.70s
Epoch: [37][0/8] 	 loss: 0.24071, MAE: 0.35120, time/step=109ms, lr=4.60e-04
Epoch: [37][7/8] 	 loss: 0.15158, MAE: 0.22116, time/step=387ms, lr=4.60e-04
Epoch: [37] Target: [4] train MAE: 0.22116, val MAE: 0.93834, Time: 4.52s
Epoch: [38][0/8] 	 loss: 0.20279, MAE: 0.29588, time/step=110ms, lr=4.58e-04
Epoch: [38][7/8] 	 loss: 0.17331, MAE: 0.25287, time/step=410ms, lr=4.58e-04
Epoch: [38] Target: [4] train MAE: 0.25287, val MAE: 0.99982, Time: 4.69s
Epoch: [39][0/8] 	 loss: 0.05406, MAE: 0.07888, time/step=96ms, lr=4.55e-04
Epoch: [39][7/8] 	 loss: 0.15280, MAE: 0.22294, time/step=401ms, lr=4.55e-04
Epoch: [39] Target: [4] train MAE: 0.22294, val MAE: 0.92425, Time: 4.64s
Epoch: [40][0/8] 	 loss: 0.07160, MAE: 0.10447, time/step=106ms, lr=4.53e-04
Epoch: [40][7/8] 	 loss: 0.10475, MAE: 0.15283, time/step=404ms, lr=4.53e-04
Epoch: [40] Target: [4] train MAE: 0.15283, val MAE: 0.91300, Time: 4.69s
Epoch: [41][0/8] 	 loss: 0.09632, MAE: 0.14054, time/step=97ms, lr=4.51e-04
Epoch: [41][7/8] 	 loss: 0.11395, MAE: 0.16626, time/step=398ms, lr=4.51e-04
Epoch: [41] Target: [4] train MAE: 0.16626, val MAE: 0.89319, Time: 4.62s
Epoch: [42][0/8] 	 loss: 0.12521, MAE: 0.18269, time/step=108ms, lr=4.49e-04
Epoch: [42][7/8] 	 loss: 0.11163, MAE: 0.16287, time/step=398ms, lr=4.49e-04
Epoch: [42] Target: [4] train MAE: 0.16287, val MAE: 0.92354, Time: 4.62s
Epoch: [43][0/8] 	 loss: 0.12329, MAE: 0.17988, time/step=106ms, lr=4.46e-04
Epoch: [43][7/8] 	 loss: 0.13407, MAE: 0.19561, time/step=405ms, lr=4.46e-04
Epoch: [43] Target: [4] train MAE: 0.19561, val MAE: 0.85698, Time: 4.67s
Epoch: [44][0/8] 	 loss: 0.08490, MAE: 0.12388, time/step=92ms, lr=4.44e-04
Epoch: [44][7/8] 	 loss: 0.11054, MAE: 0.16128, time/step=413ms, lr=4.44e-04
Epoch: [44] Target: [4] train MAE: 0.16128, val MAE: 0.90522, Time: 4.72s
Epoch: [45][0/8] 	 loss: 0.08725, MAE: 0.12730, time/step=114ms, lr=4.41e-04
Epoch: [45][7/8] 	 loss: 0.12104, MAE: 0.17661, time/step=396ms, lr=4.41e-04
Epoch: [45] Target: [4] train MAE: 0.17661, val MAE: 0.91894, Time: 4.59s
Epoch: [46][0/8] 	 loss: 0.09363, MAE: 0.13662, time/step=112ms, lr=4.39e-04
Epoch: [46][7/8] 	 loss: 0.11704, MAE: 0.17077, time/step=402ms, lr=4.39e-04
Epoch: [46] Target: [4] train MAE: 0.17077, val MAE: 0.89461, Time: 4.67s
Epoch: [47][0/8] 	 loss: 0.08431, MAE: 0.12301, time/step=101ms, lr=4.36e-04
Epoch: [47][7/8] 	 loss: 0.09156, MAE: 0.13358, time/step=401ms, lr=4.36e-04
Epoch: [47] Target: [4] train MAE: 0.13358, val MAE: 0.84222, Time: 4.63s
Epoch: [48][0/8] 	 loss: 0.11275, MAE: 0.16451, time/step=97ms, lr=4.34e-04
Epoch: [48][7/8] 	 loss: 0.09970, MAE: 0.14547, time/step=394ms, lr=4.34e-04
Epoch: [48] Target: [4] train MAE: 0.14547, val MAE: 0.87638, Time: 4.61s
Epoch: [49][0/8] 	 loss: 0.08729, MAE: 0.12736, time/step=97ms, lr=4.31e-04
Epoch: [49][7/8] 	 loss: 0.11254, MAE: 0.16420, time/step=403ms, lr=4.31e-04
Epoch: [49] Target: [4] train MAE: 0.16420, val MAE: 0.93962, Time: 4.64s
Epoch: [50][0/8] 	 loss: 0.11131, MAE: 0.16241, time/step=117ms, lr=4.28e-04
Epoch: [50][7/8] 	 loss: 0.11771, MAE: 0.17175, time/step=406ms, lr=4.28e-04
Epoch: [50] Target: [4] train MAE: 0.17175, val MAE: 0.89963, Time: 4.67s
Epoch: [51][0/8] 	 loss: 0.08163, MAE: 0.11911, time/step=103ms, lr=4.25e-04
Epoch: [51][7/8] 	 loss: 0.09268, MAE: 0.13522, time/step=401ms, lr=4.25e-04
Epoch: [51] Target: [4] train MAE: 0.13522, val MAE: 0.92544, Time: 4.62s
Epoch: [52][0/8] 	 loss: 0.04521, MAE: 0.06596, time/step=116ms, lr=4.23e-04
Epoch: [52][7/8] 	 loss: 0.09988, MAE: 0.14573, time/step=401ms, lr=4.23e-04
Epoch: [52] Target: [4] train MAE: 0.14573, val MAE: 0.92902, Time: 4.62s
Epoch: [53][0/8] 	 loss: 0.10268, MAE: 0.14982, time/step=135ms, lr=4.20e-04
Epoch: [53][7/8] 	 loss: 0.11070, MAE: 0.16151, time/step=401ms, lr=4.20e-04
Epoch: [53] Target: [4] train MAE: 0.16151, val MAE: 0.89248, Time: 4.66s
Epoch: [54][0/8] 	 loss: 0.07048, MAE: 0.10284, time/step=106ms, lr=4.17e-04
Epoch: [54][7/8] 	 loss: 0.11084, MAE: 0.16172, time/step=405ms, lr=4.17e-04
Epoch: [54] Target: [4] train MAE: 0.16172, val MAE: 0.93299, Time: 4.68s
Epoch: [55][0/8] 	 loss: 0.10137, MAE: 0.14791, time/step=85ms, lr=4.14e-04
Epoch: [55][7/8] 	 loss: 0.09673, MAE: 0.14113, time/step=397ms, lr=4.14e-04
Epoch: [55] Target: [4] train MAE: 0.14113, val MAE: 0.91648, Time: 4.65s
Epoch: [56][0/8] 	 loss: 0.08640, MAE: 0.12606, time/step=90ms, lr=4.11e-04
Epoch: [56][7/8] 	 loss: 0.10767, MAE: 0.15709, time/step=397ms, lr=4.11e-04
Epoch: [56] Target: [4] train MAE: 0.15709, val MAE: 0.89226, Time: 4.64s
Epoch: [57][0/8] 	 loss: 0.13651, MAE: 0.19917, time/step=94ms, lr=4.08e-04
Epoch: [57][7/8] 	 loss: 0.10050, MAE: 0.14663, time/step=393ms, lr=4.08e-04
Epoch: [57] Target: [4] train MAE: 0.14663, val MAE: 0.96303, Time: 4.58s
Epoch: [58][0/8] 	 loss: 0.21130, MAE: 0.30830, time/step=98ms, lr=4.05e-04
Epoch: [58][7/8] 	 loss: 0.09759, MAE: 0.14238, time/step=399ms, lr=4.05e-04
Epoch: [58] Target: [4] train MAE: 0.14238, val MAE: 0.94259, Time: 4.62s
Epoch: [59][0/8] 	 loss: 0.08673, MAE: 0.12654, time/step=104ms, lr=4.02e-04
Epoch: [59][7/8] 	 loss: 0.09213, MAE: 0.13442, time/step=408ms, lr=4.02e-04
Epoch: [59] Target: [4] train MAE: 0.13442, val MAE: 0.93236, Time: 4.68s
Early stopping at Epoch: [59/200].

Best -- epoch=47, train MAE: 0.13358, val MAE: 0.84222.

Early stopping computation complete.

Epoch: [0][0/11] 	 loss: 1.11420, MAE: 1.62566, time/step=105ms, lr=1.00e-06
Epoch: [0][10/11] 	 loss: 0.93706, MAE: 1.36720, time/step=413ms, lr=1.00e-06
Epoch: [0] Target: [4] train MAE: 1.36720, Time: 4.88s
Epoch: [1][0/11] 	 loss: 0.93534, MAE: 1.36469, time/step=103ms, lr=1.01e-04
Epoch: [1][10/11] 	 loss: 1.20457, MAE: 1.75751, time/step=410ms, lr=1.01e-04
Epoch: [1] Target: [4] train MAE: 1.75751, Time: 4.86s
Epoch: [2][0/11] 	 loss: 0.49524, MAE: 0.72257, time/step=103ms, lr=2.01e-04
Epoch: [2][10/11] 	 loss: 0.97996, MAE: 1.42979, time/step=407ms, lr=2.01e-04
Epoch: [2] Target: [4] train MAE: 1.42979, Time: 4.82s
Epoch: [3][0/11] 	 loss: 0.52905, MAE: 0.77190, time/step=108ms, lr=3.00e-04
Epoch: [3][10/11] 	 loss: 0.71916, MAE: 1.04928, time/step=408ms, lr=3.00e-04
Epoch: [3] Target: [4] train MAE: 1.04928, Time: 4.80s
Epoch: [4][0/11] 	 loss: 0.78706, MAE: 1.14835, time/step=99ms, lr=4.00e-04
Epoch: [4][10/11] 	 loss: 0.81256, MAE: 1.18555, time/step=400ms, lr=4.00e-04
Epoch: [4] Target: [4] train MAE: 1.18555, Time: 4.73s
Epoch: [5][0/11] 	 loss: 0.72802, MAE: 1.06221, time/step=134ms, lr=4.99e-04
Epoch: [5][10/11] 	 loss: 0.81837, MAE: 1.19402, time/step=407ms, lr=4.99e-04
Epoch: [5] Target: [4] train MAE: 1.19402, Time: 4.83s
Epoch: [6][0/11] 	 loss: 0.87257, MAE: 1.27311, time/step=100ms, lr=4.99e-04
Epoch: [6][10/11] 	 loss: 0.59569, MAE: 0.86914, time/step=397ms, lr=4.99e-04
Epoch: [6] Target: [4] train MAE: 0.86914, Time: 4.70s
Epoch: [7][0/11] 	 loss: 0.57896, MAE: 0.84472, time/step=89ms, lr=4.99e-04
Epoch: [7][10/11] 	 loss: 0.69666, MAE: 1.01645, time/step=403ms, lr=4.99e-04
Epoch: [7] Target: [4] train MAE: 1.01645, Time: 4.76s
Epoch: [8][0/11] 	 loss: 0.51523, MAE: 0.75174, time/step=88ms, lr=4.98e-04
Epoch: [8][10/11] 	 loss: 0.60900, MAE: 0.88856, time/step=408ms, lr=4.98e-04
Epoch: [8] Target: [4] train MAE: 0.88856, Time: 4.83s
Epoch: [9][0/11] 	 loss: 0.44873, MAE: 0.65471, time/step=93ms, lr=4.98e-04
Epoch: [9][10/11] 	 loss: 0.55279, MAE: 0.80653, time/step=405ms, lr=4.98e-04
Epoch: [9] Target: [4] train MAE: 0.80653, Time: 4.78s
Epoch: [10][0/11] 	 loss: 0.28823, MAE: 0.42053, time/step=85ms, lr=4.97e-04
Epoch: [10][10/11] 	 loss: 0.48042, MAE: 0.70095, time/step=403ms, lr=4.97e-04
Epoch: [10] Target: [4] train MAE: 0.70095, Time: 4.77s
Epoch: [11][0/11] 	 loss: 0.44294, MAE: 0.64627, time/step=99ms, lr=4.96e-04
Epoch: [11][10/11] 	 loss: 0.41077, MAE: 0.59933, time/step=404ms, lr=4.96e-04
Epoch: [11] Target: [4] train MAE: 0.59933, Time: 4.77s
Epoch: [12][0/11] 	 loss: 0.26614, MAE: 0.38830, time/step=97ms, lr=4.96e-04
Epoch: [12][10/11] 	 loss: 0.42481, MAE: 0.61981, time/step=404ms, lr=4.96e-04
Epoch: [12] Target: [4] train MAE: 0.61981, Time: 4.77s
Epoch: [13][0/11] 	 loss: 0.47024, MAE: 0.68609, time/step=99ms, lr=4.95e-04
Epoch: [13][10/11] 	 loss: 0.46050, MAE: 0.67188, time/step=404ms, lr=4.95e-04
Epoch: [13] Target: [4] train MAE: 0.67188, Time: 4.76s
Epoch: [14][0/11] 	 loss: 0.51828, MAE: 0.75619, time/step=111ms, lr=4.94e-04
Epoch: [14][10/11] 	 loss: 0.46779, MAE: 0.68252, time/step=409ms, lr=4.94e-04
Epoch: [14] Target: [4] train MAE: 0.68252, Time: 4.84s
Epoch: [15][0/11] 	 loss: 0.55041, MAE: 0.80307, time/step=92ms, lr=4.93e-04
Epoch: [15][10/11] 	 loss: 0.54652, MAE: 0.79739, time/step=413ms, lr=4.93e-04
Epoch: [15] Target: [4] train MAE: 0.79739, Time: 4.87s
Epoch: [16][0/11] 	 loss: 0.39234, MAE: 0.57244, time/step=103ms, lr=4.92e-04
Epoch: [16][10/11] 	 loss: 0.36184, MAE: 0.52794, time/step=412ms, lr=4.92e-04
Epoch: [16] Target: [4] train MAE: 0.52794, Time: 4.86s
Epoch: [17][0/11] 	 loss: 0.26369, MAE: 0.38473, time/step=90ms, lr=4.91e-04
Epoch: [17][10/11] 	 loss: 0.32449, MAE: 0.47345, time/step=402ms, lr=4.91e-04
Epoch: [17] Target: [4] train MAE: 0.47345, Time: 4.76s
Epoch: [18][0/11] 	 loss: 0.34527, MAE: 0.50376, time/step=83ms, lr=4.90e-04
Epoch: [18][10/11] 	 loss: 0.41759, MAE: 0.60928, time/step=405ms, lr=4.90e-04
Epoch: [18] Target: [4] train MAE: 0.60928, Time: 4.78s
Epoch: [19][0/11] 	 loss: 0.33579, MAE: 0.48993, time/step=97ms, lr=4.89e-04
Epoch: [19][10/11] 	 loss: 0.33005, MAE: 0.48155, time/step=403ms, lr=4.89e-04
Epoch: [19] Target: [4] train MAE: 0.48155, Time: 4.77s
Epoch: [20][0/11] 	 loss: 0.28433, MAE: 0.41484, time/step=88ms, lr=4.88e-04
Epoch: [20][10/11] 	 loss: 0.30505, MAE: 0.44509, time/step=413ms, lr=4.88e-04
Epoch: [20] Target: [4] train MAE: 0.44509, Time: 4.88s
Epoch: [21][0/11] 	 loss: 0.23878, MAE: 0.34839, time/step=109ms, lr=4.87e-04
Epoch: [21][10/11] 	 loss: 0.35580, MAE: 0.51912, time/step=408ms, lr=4.87e-04
Epoch: [21] Target: [4] train MAE: 0.51912, Time: 4.84s
Epoch: [22][0/11] 	 loss: 0.44569, MAE: 0.65028, time/step=97ms, lr=4.86e-04
Epoch: [22][10/11] 	 loss: 0.27060, MAE: 0.39481, time/step=409ms, lr=4.86e-04
Epoch: [22] Target: [4] train MAE: 0.39481, Time: 4.83s
Epoch: [23][0/11] 	 loss: 0.17773, MAE: 0.25932, time/step=86ms, lr=4.84e-04
Epoch: [23][10/11] 	 loss: 0.27690, MAE: 0.40400, time/step=415ms, lr=4.84e-04
Epoch: [23] Target: [4] train MAE: 0.40400, Time: 4.90s
Epoch: [24][0/11] 	 loss: 0.42554, MAE: 0.62088, time/step=90ms, lr=4.83e-04
Epoch: [24][10/11] 	 loss: 0.40768, MAE: 0.59482, time/step=411ms, lr=4.83e-04
Epoch: [24] Target: [4] train MAE: 0.59482, Time: 4.85s
Epoch: [25][0/11] 	 loss: 0.30902, MAE: 0.45086, time/step=94ms, lr=4.81e-04
Epoch: [25][10/11] 	 loss: 0.32873, MAE: 0.47962, time/step=409ms, lr=4.81e-04
Epoch: [25] Target: [4] train MAE: 0.47962, Time: 4.83s
Epoch: [26][0/11] 	 loss: 0.32430, MAE: 0.47316, time/step=100ms, lr=4.80e-04
Epoch: [26][10/11] 	 loss: 0.25158, MAE: 0.36707, time/step=405ms, lr=4.80e-04
Epoch: [26] Target: [4] train MAE: 0.36707, Time: 4.80s
Epoch: [27][0/11] 	 loss: 0.23049, MAE: 0.33629, time/step=108ms, lr=4.78e-04
Epoch: [27][10/11] 	 loss: 0.27333, MAE: 0.39880, time/step=404ms, lr=4.78e-04
Epoch: [27] Target: [4] train MAE: 0.39880, Time: 4.78s
Epoch: [28][0/11] 	 loss: 0.23209, MAE: 0.33863, time/step=94ms, lr=4.77e-04
Epoch: [28][10/11] 	 loss: 0.22234, MAE: 0.32441, time/step=410ms, lr=4.77e-04
Epoch: [28] Target: [4] train MAE: 0.32441, Time: 4.86s
Epoch: [29][0/11] 	 loss: 0.40769, MAE: 0.59483, time/step=92ms, lr=4.75e-04
Epoch: [29][10/11] 	 loss: 0.30241, MAE: 0.44122, time/step=398ms, lr=4.75e-04
Epoch: [29] Target: [4] train MAE: 0.44122, Time: 4.71s
Epoch: [30][0/11] 	 loss: 0.24695, MAE: 0.36031, time/step=99ms, lr=4.73e-04
Epoch: [30][10/11] 	 loss: 0.26067, MAE: 0.38032, time/step=406ms, lr=4.73e-04
Epoch: [30] Target: [4] train MAE: 0.38032, Time: 4.80s
Epoch: [31][0/11] 	 loss: 0.18106, MAE: 0.26417, time/step=109ms, lr=4.72e-04
Epoch: [31][10/11] 	 loss: 0.21947, MAE: 0.32021, time/step=403ms, lr=4.72e-04
Epoch: [31] Target: [4] train MAE: 0.32021, Time: 4.77s
Epoch: [32][0/11] 	 loss: 0.17925, MAE: 0.26154, time/step=94ms, lr=4.70e-04
Epoch: [32][10/11] 	 loss: 0.21671, MAE: 0.31618, time/step=406ms, lr=4.70e-04
Epoch: [32] Target: [4] train MAE: 0.31618, Time: 4.80s
Epoch: [33][0/11] 	 loss: 0.19266, MAE: 0.28110, time/step=76ms, lr=4.68e-04
Epoch: [33][10/11] 	 loss: 0.29647, MAE: 0.43257, time/step=398ms, lr=4.68e-04
Epoch: [33] Target: [4] train MAE: 0.43257, Time: 4.72s
Epoch: [34][0/11] 	 loss: 0.21542, MAE: 0.31431, time/step=111ms, lr=4.66e-04
Epoch: [34][10/11] 	 loss: 0.22235, MAE: 0.32442, time/step=411ms, lr=4.66e-04
Epoch: [34] Target: [4] train MAE: 0.32442, Time: 4.87s
Epoch: [35][0/11] 	 loss: 0.15961, MAE: 0.23288, time/step=112ms, lr=4.64e-04
Epoch: [35][10/11] 	 loss: 0.25811, MAE: 0.37659, time/step=408ms, lr=4.64e-04
Epoch: [35] Target: [4] train MAE: 0.37659, Time: 4.82s
Epoch: [36][0/11] 	 loss: 0.20870, MAE: 0.30450, time/step=93ms, lr=4.62e-04
Epoch: [36][10/11] 	 loss: 0.25188, MAE: 0.36749, time/step=409ms, lr=4.62e-04
Epoch: [36] Target: [4] train MAE: 0.36749, Time: 4.84s
Epoch: [37][0/11] 	 loss: 0.21005, MAE: 0.30648, time/step=102ms, lr=4.60e-04
Epoch: [37][10/11] 	 loss: 0.20512, MAE: 0.29928, time/step=402ms, lr=4.60e-04
Epoch: [37] Target: [4] train MAE: 0.29928, Time: 4.76s
Epoch: [38][0/11] 	 loss: 0.32085, MAE: 0.46813, time/step=108ms, lr=4.58e-04
Epoch: [38][10/11] 	 loss: 0.21082, MAE: 0.30759, time/step=405ms, lr=4.58e-04
Epoch: [38] Target: [4] train MAE: 0.30759, Time: 4.79s
Epoch: [39][0/11] 	 loss: 0.21466, MAE: 0.31320, time/step=108ms, lr=4.55e-04
Epoch: [39][10/11] 	 loss: 0.19460, MAE: 0.28393, time/step=399ms, lr=4.55e-04
Epoch: [39] Target: [4] train MAE: 0.28393, Time: 4.72s
Epoch: [40][0/11] 	 loss: 0.16823, MAE: 0.24545, time/step=91ms, lr=4.53e-04
Epoch: [40][10/11] 	 loss: 0.16497, MAE: 0.24070, time/step=405ms, lr=4.53e-04
Epoch: [40] Target: [4] train MAE: 0.24070, Time: 4.78s
Epoch: [41][0/11] 	 loss: 0.20500, MAE: 0.29910, time/step=124ms, lr=4.51e-04
Epoch: [41][10/11] 	 loss: 0.24548, MAE: 0.35817, time/step=411ms, lr=4.51e-04
Epoch: [41] Target: [4] train MAE: 0.35817, Time: 4.86s
Epoch: [42][0/11] 	 loss: 0.04496, MAE: 0.06560, time/step=81ms, lr=4.49e-04
Epoch: [42][10/11] 	 loss: 0.13227, MAE: 0.19299, time/step=410ms, lr=4.49e-04
Epoch: [42] Target: [4] train MAE: 0.19299, Time: 4.84s
Epoch: [43][0/11] 	 loss: 0.09757, MAE: 0.14235, time/step=96ms, lr=4.46e-04
Epoch: [43][10/11] 	 loss: 0.16478, MAE: 0.24041, time/step=404ms, lr=4.46e-04
Epoch: [43] Target: [4] train MAE: 0.24041, Time: 4.78s
Epoch: [44][0/11] 	 loss: 0.17911, MAE: 0.26133, time/step=99ms, lr=4.44e-04
Epoch: [44][10/11] 	 loss: 0.16465, MAE: 0.24023, time/step=409ms, lr=4.44e-04
Epoch: [44] Target: [4] train MAE: 0.24023, Time: 4.83s
Epoch: [45][0/11] 	 loss: 0.17027, MAE: 0.24842, time/step=101ms, lr=4.41e-04
Epoch: [45][10/11] 	 loss: 0.15415, MAE: 0.22491, time/step=404ms, lr=4.41e-04
Epoch: [45] Target: [4] train MAE: 0.22491, Time: 4.78s
Epoch: [46][0/11] 	 loss: 0.09029, MAE: 0.13174, time/step=81ms, lr=4.39e-04
Epoch: [46][10/11] 	 loss: 0.17865, MAE: 0.26065, time/step=407ms, lr=4.39e-04
Epoch: [46] Target: [4] train MAE: 0.26065, Time: 4.80s
Epoch: [47][0/11] 	 loss: 0.25114, MAE: 0.36643, time/step=101ms, lr=4.36e-04
Epoch: [47][10/11] 	 loss: 0.22434, MAE: 0.32731, time/step=405ms, lr=4.36e-04
Epoch: [47] Target: [4] train MAE: 0.32731, Time: 4.80s
Epoch: [48][0/11] 	 loss: 0.22156, MAE: 0.32327, time/step=92ms, lr=4.34e-04
Epoch: [48][10/11] 	 loss: 0.24074, MAE: 0.35125, time/step=407ms, lr=4.34e-04
Epoch: [48] Target: [4] train MAE: 0.35125, Time: 4.81s
Epoch: [49][0/11] 	 loss: 0.14119, MAE: 0.20600, time/step=109ms, lr=4.31e-04
Epoch: [49][10/11] 	 loss: 0.20310, MAE: 0.29633, time/step=411ms, lr=4.31e-04
Epoch: [49] Target: [4] train MAE: 0.29633, Time: 4.87s
Epoch: [50][0/11] 	 loss: 0.21284, MAE: 0.31054, time/step=104ms, lr=4.28e-04
Epoch: [50][10/11] 	 loss: 0.14603, MAE: 0.21307, time/step=414ms, lr=4.28e-04
Epoch: [50] Target: [4] train MAE: 0.21307, Time: 4.89s
Epoch: [51][0/11] 	 loss: 0.05482, MAE: 0.07999, time/step=129ms, lr=4.25e-04
Epoch: [51][10/11] 	 loss: 0.14140, MAE: 0.20630, time/step=410ms, lr=4.25e-04
Epoch: [51] Target: [4] train MAE: 0.20630, Time: 4.85s
Epoch: [52][0/11] 	 loss: 0.11684, MAE: 0.17047, time/step=110ms, lr=4.23e-04
Epoch: [52][10/11] 	 loss: 0.22475, MAE: 0.32791, time/step=405ms, lr=4.23e-04
Epoch: [52] Target: [4] train MAE: 0.32791, Time: 4.78s
Epoch: [53][0/11] 	 loss: 0.13346, MAE: 0.19472, time/step=100ms, lr=4.20e-04
Epoch: [53][10/11] 	 loss: 0.22915, MAE: 0.33434, time/step=408ms, lr=4.20e-04
Epoch: [53] Target: [4] train MAE: 0.33434, Time: 4.81s
Epoch: [54][0/11] 	 loss: 0.17661, MAE: 0.25768, time/step=104ms, lr=4.17e-04
Epoch: [54][10/11] 	 loss: 0.19676, MAE: 0.28709, time/step=410ms, lr=4.17e-04
Epoch: [54] Target: [4] train MAE: 0.28709, Time: 4.84s
Epoch: [55][0/11] 	 loss: 0.13754, MAE: 0.20068, time/step=107ms, lr=4.14e-04
Epoch: [55][10/11] 	 loss: 0.14861, MAE: 0.21683, time/step=407ms, lr=4.14e-04
Epoch: [55] Target: [4] train MAE: 0.21683, Time: 4.82s
Epoch: [56][0/11] 	 loss: 0.09226, MAE: 0.13461, time/step=129ms, lr=4.11e-04
Epoch: [56][10/11] 	 loss: 0.14266, MAE: 0.20815, time/step=416ms, lr=4.11e-04
Epoch: [56] Target: [4] train MAE: 0.20815, Time: 4.92s
Epoch: [57][0/11] 	 loss: 0.16668, MAE: 0.24320, time/step=80ms, lr=4.08e-04
Epoch: [57][10/11] 	 loss: 0.15400, MAE: 0.22470, time/step=409ms, lr=4.08e-04
Epoch: [57] Target: [4] train MAE: 0.22470, Time: 4.83s
Epoch: [58][0/11] 	 loss: 0.08013, MAE: 0.11691, time/step=101ms, lr=4.05e-04
Epoch: [58][10/11] 	 loss: 0.12534, MAE: 0.18288, time/step=403ms, lr=4.05e-04
Epoch: [58] Target: [4] train MAE: 0.18288, Time: 4.75s
Best -- epoch=58, train MAE: 0.18288.

Laplace Layer Parameters: 2076
Laplace fitted. Time taken: 62.17
Prior precision optimised. Time: 64.08

Evaluating model.
Preparing calibration plot.

R2 Score: 0.6022249460220337
Mean Absolute Error: 0.643878161907196
Training complete.

Incumbent: [11.37].
Querying Batch: [0]. Time: 0.11s.
Querying Complete.

Iter: 1. Next query: 341. Selection: 6.59. 
Virtual Library Size: 999. Train Library Size: 101.

Initiating training.

Starting validation step for early stopping.

Epoch: [0][0/9] 	 loss: 1.11245, MAE: 1.62310, time/step=121ms, lr=1.00e-06
Epoch: [0][8/9] 	 loss: 1.20763, MAE: 1.76197, time/step=416ms, lr=1.00e-06
Epoch: [0] Target: [4] train MAE: 1.76197, val MAE: 1.51518, Time: 5.19s
Epoch: [1][0/9] 	 loss: 0.92105, MAE: 1.34384, time/step=97ms, lr=1.01e-04
Epoch: [1][8/9] 	 loss: 1.46193, MAE: 2.13300, time/step=400ms, lr=1.01e-04
Epoch: [1] Target: [4] train MAE: 2.13300, val MAE: 1.97213, Time: 5.02s
Epoch: [2][0/9] 	 loss: 1.40131, MAE: 2.04456, time/step=101ms, lr=2.01e-04
Epoch: [2][8/9] 	 loss: 0.94979, MAE: 1.38578, time/step=411ms, lr=2.01e-04
Epoch: [2] Target: [4] train MAE: 1.38578, val MAE: 0.78891, Time: 5.13s
Epoch: [3][0/9] 	 loss: 0.57006, MAE: 0.83174, time/step=104ms, lr=3.00e-04
Epoch: [3][8/9] 	 loss: 0.75002, MAE: 1.09431, time/step=406ms, lr=3.00e-04
Epoch: [3] Target: [4] train MAE: 1.09431, val MAE: 1.07621, Time: 5.08s
Epoch: [4][0/9] 	 loss: 0.81214, MAE: 1.18494, time/step=102ms, lr=4.00e-04
Epoch: [4][8/9] 	 loss: 0.91080, MAE: 1.32888, time/step=408ms, lr=4.00e-04
Epoch: [4] Target: [4] train MAE: 1.32888, val MAE: 0.87672, Time: 5.11s
Epoch: [5][0/9] 	 loss: 0.82755, MAE: 1.20742, time/step=88ms, lr=4.99e-04
Epoch: [5][8/9] 	 loss: 0.71994, MAE: 1.05042, time/step=401ms, lr=4.99e-04
Epoch: [5] Target: [4] train MAE: 1.05042, val MAE: 0.75519, Time: 5.06s
Epoch: [6][0/9] 	 loss: 0.72779, MAE: 1.06187, time/step=117ms, lr=4.99e-04
Epoch: [6][8/9] 	 loss: 0.69169, MAE: 1.00920, time/step=405ms, lr=4.99e-04
Epoch: [6] Target: [4] train MAE: 1.00920, val MAE: 0.96038, Time: 5.07s
Epoch: [7][0/9] 	 loss: 0.62674, MAE: 0.91444, time/step=110ms, lr=4.99e-04
Epoch: [7][8/9] 	 loss: 0.75599, MAE: 1.10302, time/step=403ms, lr=4.99e-04
Epoch: [7] Target: [4] train MAE: 1.10302, val MAE: 0.93337, Time: 5.06s
Epoch: [8][0/9] 	 loss: 0.62124, MAE: 0.90641, time/step=95ms, lr=4.98e-04
Epoch: [8][8/9] 	 loss: 0.78596, MAE: 1.14675, time/step=399ms, lr=4.98e-04
Epoch: [8] Target: [4] train MAE: 1.14675, val MAE: 0.81599, Time: 5.04s
Epoch: [9][0/9] 	 loss: 0.48000, MAE: 0.70033, time/step=130ms, lr=4.98e-04
Epoch: [9][8/9] 	 loss: 0.55243, MAE: 0.80602, time/step=410ms, lr=4.98e-04
Epoch: [9] Target: [4] train MAE: 0.80602, val MAE: 0.82555, Time: 5.11s
Epoch: [10][0/9] 	 loss: 0.62567, MAE: 0.91288, time/step=110ms, lr=4.97e-04
slurmstepd: error: *** JOB 12851137 ON gpu149 CANCELLED AT 2024-07-04T18:19:08 ***
