Thu Jul 4 18:34:56 EDT 2024: Job 12851327 is allocated resources.
Inside slurm_launcher.slrm (/var/spool/slurmd/job12851327/slurm_script). received arguments: GP.py --output-dir results/models/GP --model-name GP_Exact --model-type GP --data-path datasets/qm9 --iterations 30 --seed 0
Namespace(output_dir='results/models/GP', model_name='GP_Exact', model_type='GP', input_irreps=None, radius=5.0, num_basis=32, output_channels=1, epochs=300, iterations=30, batch_size=64, model_ema=True, model_ema_decay=0.9999, model_ema_force_cpu=False, drop_path_rate=0.1, patience=50, opt='adamw', opt_eps=1e-08, opt_betas=None, clip_grad=None, momentum=0.9, weight_decay=0.01, sched='cosine', lr=0.0005, lr_noise=None, lr_noise_pct=0.67, lr_noise_std=1.0, warmup_lr=1e-06, min_lr=1e-05, decay_epochs=30, warmup_epochs=5, cooldown_epochs=10, patience_epochs=10, decay_rate=0.1, print_freq=100, target=4, data_path='datasets/qm9', feature_type='one_hot', compute_stats=False, standardize=True, loss='l1', seed=0, workers=4, pin_mem=True, amp=False, prototyping=True, noise_sigma=0.02, denoising_coef=0.1, denoising_prob=0.5, corrupt_ratio=0.125)
wandb: Currently logged in as: andresguzco. Use `wandb login --relogin` to force relogin
wandb: - Waiting for wandb.init()...wandb: \ Waiting for wandb.init()...wandb: wandb version 0.17.4 is available!  To upgrade, please run:
wandb:  $ pip install wandb --upgrade
wandb: Tracking run with wandb version 0.17.0
wandb: Run data is saved locally in /fs01/home/aguzmanc/3D_Bayes/wandb/run-20240704_183504-s9o0qg9l
wandb: Run `wandb offline` to turn off syncing.
wandb: Syncing run GP
wandb: ⭐️ View project at https://wandb.ai/andresguzco/3D_Bayes
wandb: 🚀 View run at https://wandb.ai/andresguzco/3D_Bayes/runs/s9o0qg9l
Training set mean: 6.820860385894775, std:1.4590328931808472
Training set mean: 6.820860385894775, std:1.4590328931808472

Evaluating model.

Preparing calibration plot.

R2 Score: -0.0009540319442749023
Mean Absolute Error: 1.0775270462036133
Mean: tensor([6.8217, 6.8209, 6.8213,  ..., 6.8209, 6.8209, 6.8209], device='cuda:0')
Sigma: tensor([1.0265, 1.0265, 1.0265,  ..., 1.0265, 1.0265, 1.0265], device='cuda:0')
Training complete.

ExactGPModel(
  (likelihood): GaussianLikelihood(
    (noise_covar): HomoskedasticNoise(
      (raw_noise_constraint): GreaterThan(1.000E-04)
    )
  )
  (mean_module): ConstantMean()
  (covar_module): ScaleKernel(
    (base_kernel): MaternKernel(
      (raw_lengthscale_constraint): Positive()
    )
    (raw_outputscale_constraint): Positive()
  )
)
Incumbent: [11.37].
Querying Complete.

Iter: 0. Next query: 37. Selection: 8.23.

Virtual Library Size: 1000. Train Library Size: 100.


Evaluating model.

Preparing calibration plot.

R2 Score: -0.0003993511199951172
Mean Absolute Error: 1.0775015354156494
Mean: tensor([6.8357, 6.8349, 6.8353,  ..., 6.8349, 6.8349, 6.8349], device='cuda:0')
Sigma: tensor([1.0262, 1.0262, 1.0262,  ..., 1.0262, 1.0262, 1.0262], device='cuda:0')
Training complete.

Incumbent: [11.37].
Querying Complete.

Iter: 1. Next query: 297. Selection: 5.96.

Virtual Library Size: 999. Train Library Size: 101.


Evaluating model.

Preparing calibration plot.

R2 Score: -0.000714421272277832
Mean Absolute Error: 1.0775039196014404
Mean: tensor([6.8271, 6.8262, 6.8267,  ..., 6.8262, 6.8262, 6.8262], device='cuda:0')
Sigma: tensor([1.0228, 1.0228, 1.0228,  ..., 1.0228, 1.0228, 1.0228], device='cuda:0')
Training complete.

Incumbent: [11.37].
Querying Complete.

Iter: 2. Next query: 210. Selection: 8.69.

Virtual Library Size: 998. Train Library Size: 102.


Evaluating model.

Preparing calibration plot.

R2 Score: -0.00015556812286376953
Mean Absolute Error: 1.077547550201416
Mean: tensor([6.8454, 6.8445, 6.8450,  ..., 6.8444, 6.8444, 6.8444], device='cuda:0')
Sigma: tensor([1.0262, 1.0262, 1.0262,  ..., 1.0262, 1.0262, 1.0262], device='cuda:0')
Training complete.

Incumbent: [11.37].
Querying Complete.

Iter: 3. Next query: 770. Selection: 6.76.

Virtual Library Size: 997. Train Library Size: 103.


Evaluating model.

Preparing calibration plot.

R2 Score: -0.00017201900482177734
Mean Absolute Error: 1.0775401592254639
Mean: tensor([6.8446, 6.8436, 6.8442,  ..., 6.8436, 6.8436, 6.8436], device='cuda:0')
Sigma: tensor([1.0212, 1.0212, 1.0212,  ..., 1.0212, 1.0212, 1.0212], device='cuda:0')
Training complete.

Incumbent: [11.37].
Querying Complete.

Iter: 4. Next query: 665. Selection: 8.09.

Virtual Library Size: 996. Train Library Size: 104.


Evaluating model.

Preparing calibration plot.

R2 Score: -1.0967254638671875e-05
Mean Absolute Error: 1.077675223350525
Mean: tensor([6.8565, 6.8555, 6.8561,  ..., 6.8555, 6.8555, 6.8555], device='cuda:0')
Sigma: tensor([1.0200, 1.0200, 1.0200,  ..., 1.0200, 1.0200, 1.0200], device='cuda:0')
Training complete.

Incumbent: [11.37].
Querying Complete.

Iter: 5. Next query: 931. Selection: 8.24.

Virtual Library Size: 995. Train Library Size: 105.


Evaluating model.

Preparing calibration plot.

R2 Score: -3.0994415283203125e-05
Mean Absolute Error: 1.0778952836990356
Mean: tensor([6.8697, 6.8687, 6.8693,  ..., 6.8686, 6.8686, 6.8686], device='cuda:0')
Sigma: tensor([1.0199, 1.0199, 1.0199,  ..., 1.0199, 1.0199, 1.0199], device='cuda:0')
Training complete.

Incumbent: [11.37].
Querying Complete.

Iter: 6. Next query: 668. Selection: 8.69.

Virtual Library Size: 994. Train Library Size: 106.


Evaluating model.

Preparing calibration plot.

R2 Score: -0.0003571510314941406
Mean Absolute Error: 1.0782934427261353
Mean: tensor([6.8864, 6.8854, 6.8861,  ..., 6.8853, 6.8853, 6.8853], device='cuda:0')
Sigma: tensor([1.0227, 1.0227, 1.0227,  ..., 1.0227, 1.0227, 1.0227], device='cuda:0')
Training complete.

Incumbent: [11.37].
Querying Complete.

Iter: 7. Next query: 101. Selection: 5.95.

Virtual Library Size: 993. Train Library Size: 107.


Evaluating model.

Preparing calibration plot.

R2 Score: -0.00015115737915039062
Mean Absolute Error: 1.078075885772705
Mean: tensor([6.8781, 6.8770, 6.8777,  ..., 6.8769, 6.8770, 6.8770], device='cuda:0')
Sigma: tensor([1.0199, 1.0199, 1.0199,  ..., 1.0199, 1.0199, 1.0199], device='cuda:0')
Training complete.

Incumbent: [11.37].
Querying Complete.

Iter: 8. Next query: 277. Selection: 7.68.

Virtual Library Size: 992. Train Library Size: 108.


Evaluating model.

Preparing calibration plot.

R2 Score: -0.00032639503479003906
Mean Absolute Error: 1.0782638788223267
Mean: tensor([6.8854, 6.8843, 6.8850,  ..., 6.8843, 6.8843, 6.8843], device='cuda:0')
Sigma: tensor([1.0162, 1.0162, 1.0162,  ..., 1.0162, 1.0162, 1.0162], device='cuda:0')
Training complete.

Incumbent: [11.37].
Querying Complete.

Iter: 9. Next query: 824. Selection: 8.03.

Virtual Library Size: 991. Train Library Size: 109.


Evaluating model.

Preparing calibration plot.

R2 Score: -0.000685572624206543
Mean Absolute Error: 1.0785741806030273
Mean: tensor([6.8958, 6.8947, 6.8954,  ..., 6.8946, 6.8947, 6.8947], device='cuda:0')
Sigma: tensor([1.0145, 1.0145, 1.0145,  ..., 1.0145, 1.0145, 1.0145], device='cuda:0')
Training complete.

Incumbent: [11.37].
Querying Complete.

Iter: 10. Next query: 476. Selection: 7.62.

Virtual Library Size: 990. Train Library Size: 110.


Evaluating model.

Preparing calibration plot.

R2 Score: -0.0009779930114746094
Mean Absolute Error: 1.0788044929504395
Mean: tensor([6.9023, 6.9012, 6.9019,  ..., 6.9012, 6.9012, 6.9012], device='cuda:0')
Sigma: tensor([1.0110, 1.0110, 1.0110,  ..., 1.0110, 1.0110, 1.0110], device='cuda:0')
Training complete.

Incumbent: [11.37].
Querying Complete.

Iter: 11. Next query: 887. Selection: 8.46.

Virtual Library Size: 989. Train Library Size: 111.


Evaluating model.

Preparing calibration plot.

R2 Score: -0.0017774105072021484
Mean Absolute Error: 1.079356074333191
Mean: tensor([6.9163, 6.9152, 6.9160,  ..., 6.9152, 6.9152, 6.9152], device='cuda:0')
Sigma: tensor([1.0120, 1.0120, 1.0120,  ..., 1.0120, 1.0120, 1.0120], device='cuda:0')
Training complete.

Incumbent: [11.37].
Querying Complete.

Iter: 12. Next query: 251. Selection: 7.46.

Virtual Library Size: 988. Train Library Size: 112.


Evaluating model.

Preparing calibration plot.

R2 Score: -0.0021064281463623047
Mean Absolute Error: 1.0795644521713257
Mean: tensor([6.9211, 6.9200, 6.9208,  ..., 6.9200, 6.9200, 6.9200], device='cuda:0')
Sigma: tensor([1.0082, 1.0082, 1.0082,  ..., 1.0082, 1.0082, 1.0082], device='cuda:0')
Training complete.

Incumbent: [11.37].
Querying Complete.

Iter: 13. Next query: 453. Selection: 7.98.

Virtual Library Size: 987. Train Library Size: 113.


Evaluating model.

Preparing calibration plot.

R2 Score: 0.5740652084350586
Mean Absolute Error: 0.6609256267547607
Mean: tensor([8.5232, 7.8355, 8.5848,  ..., 7.9217, 8.1458, 7.7769], device='cuda:0')
Sigma: tensor([0.6478, 0.8015, 0.6485,  ..., 1.1178, 1.0475, 1.0297], device='cuda:0')
Training complete.

Incumbent: [11.37].
Querying Complete.

Iter: 14. Next query: 435. Selection: 8.52.

Virtual Library Size: 986. Train Library Size: 114.


Evaluating model.

Preparing calibration plot.

R2 Score: -0.004047036170959473
Mean Absolute Error: 1.0806763172149658
Mean: tensor([6.9440, 6.9428, 6.9436,  ..., 6.9428, 6.9428, 6.9428], device='cuda:0')
Sigma: tensor([1.0071, 1.0071, 1.0071,  ..., 1.0071, 1.0071, 1.0071], device='cuda:0')
Training complete.

Incumbent: [11.37].
Querying Complete.

Iter: 15. Next query: 71. Selection: 8.46.

Virtual Library Size: 985. Train Library Size: 115.


Evaluating model.

Preparing calibration plot.

R2 Score: 0.5753906965255737
Mean Absolute Error: 0.658920168876648
Mean: tensor([8.5193, 7.8253, 8.5808,  ..., 7.9209, 8.1505, 7.8032], device='cuda:0')
Sigma: tensor([0.6415, 0.7941, 0.6421,  ..., 1.1095, 1.0400, 1.0217], device='cuda:0')
Training complete.

Incumbent: [11.37].
Querying Complete.

Iter: 16. Next query: 118. Selection: 8.96.

Virtual Library Size: 984. Train Library Size: 116.


Evaluating model.

Preparing calibration plot.

R2 Score: -0.007602334022521973
Mean Absolute Error: 1.082584023475647
Mean: tensor([6.9743, 6.9732, 6.9739,  ..., 6.9731, 6.9731, 6.9731], device='cuda:0')
Sigma: tensor([1.0118, 1.0118, 1.0118,  ..., 1.0118, 1.0118, 1.0118], device='cuda:0')
Training complete.

Incumbent: [11.37].
Querying Complete.

Iter: 17. Next query: 404. Selection: 7.95.

Virtual Library Size: 983. Train Library Size: 117.


Evaluating model.

Preparing calibration plot.

R2 Score: 0.5780481100082397
Mean Absolute Error: 0.656100332736969
Mean: tensor([8.4872, 7.8258, 8.5489,  ..., 7.9234, 8.1531, 7.7959], device='cuda:0')
Sigma: tensor([0.6269, 0.7818, 0.6253,  ..., 1.1006, 1.0304, 1.0119], device='cuda:0')
Training complete.

Incumbent: [11.37].
Querying Complete.

Iter: 18. Next query: 570. Selection: 8.44.

Virtual Library Size: 982. Train Library Size: 118.

Traceback (most recent call last):
  File "/h/aguzmanc/3D_Bayes/GP.py", line 242, in <module>
    main(args)
  File "/h/aguzmanc/3D_Bayes/GP.py", line 140, in main
    GP = GP_trainer(model_gen=create_model, X_train=X_train.float(), Y_train=Y_train.float(),
  File "/h/aguzmanc/3D_Bayes/GP.py", line 199, in GP_trainer
    botorch.fit_gpytorch_mll(mll)
  File "/h/aguzmanc/miniforge3/envs/equibayes/lib/python3.10/site-packages/botorch/fit.py", line 103, in fit_gpytorch_mll
    return FitGPyTorchMLL(
  File "/h/aguzmanc/miniforge3/envs/equibayes/lib/python3.10/site-packages/botorch/utils/dispatcher.py", line 93, in __call__
    return func(*args, **kwargs)
  File "/h/aguzmanc/miniforge3/envs/equibayes/lib/python3.10/site-packages/botorch/fit.py", line 221, in _fit_fallback
    raise ModelFittingError(msg)
botorch.exceptions.errors.ModelFittingError: All attempts to fit the model have failed.
wandb: - 11.255 MB of 11.255 MB uploadedwandb: \ 11.270 MB of 11.282 MB uploadedwandb: 
wandb: Run history:
wandb:                Best ▁▁▅▅▅▅▅▅▅▅▅▅▅▅▅▅███
wandb: Mean Absolute Error ██████████████▁█▁█▁
wandb:            R2 Score ▁▁▁▁▁▁▁▁▁▁▁▁▁▁█▁█▁█
wandb:           Selection ▇█▂▅█▂▆▃▆█▄▁▆▂█▆█▃▇
wandb:           Train Max ▁▁▁▁▁▁▁▁▁▁▁▁▁▁▁▁▁▁▁
wandb:         Virtual Max ▁▁▁▁▁▁▁▁▁▁▁▁▁▁▁▁▁▁▁
wandb: 
wandb: Run summary:
wandb:                Best 8.96071
wandb: Mean Absolute Error 0.6561
wandb:            R2 Score 0.57805
wandb:           Selection 8.18518
wandb:           Train Max 11.37436
wandb:         Virtual Max 10.25053
wandb: 
wandb: 🚀 View run GP at: https://wandb.ai/andresguzco/3D_Bayes/runs/s9o0qg9l
wandb: ⭐️ View project at: https://wandb.ai/andresguzco/3D_Bayes
wandb: Synced 6 W&B file(s), 19 media file(s), 0 artifact file(s) and 0 other file(s)
wandb: Find logs at: ./wandb/run-20240704_183504-s9o0qg9l/logs
